[2025-01-14T06:54:54.868+0000] {local_task_job_runner.py:123} INFO - ::group::Pre task execution logs
[2025-01-14T06:54:54.886+0000] {taskinstance.py:2613} INFO - Dependencies all met for dep_context=non-requeueable deps ti=<TaskInstance: train_xgboost_pipeline.train_xgboost_model manual__2025-01-14T06:54:52.422709+00:00 [queued]>
[2025-01-14T06:54:54.895+0000] {taskinstance.py:2613} INFO - Dependencies all met for dep_context=requeueable deps ti=<TaskInstance: train_xgboost_pipeline.train_xgboost_model manual__2025-01-14T06:54:52.422709+00:00 [queued]>
[2025-01-14T06:54:54.896+0000] {taskinstance.py:2866} INFO - Starting attempt 1 of 2
[2025-01-14T06:54:54.912+0000] {taskinstance.py:2889} INFO - Executing <Task(PythonOperator): train_xgboost_model> on 2025-01-14 06:54:52.422709+00:00
[2025-01-14T06:54:54.920+0000] {standard_task_runner.py:72} INFO - Started process 217 to run task
[2025-01-14T06:54:54.925+0000] {standard_task_runner.py:104} INFO - Running: ['***', 'tasks', 'run', 'train_xgboost_pipeline', 'train_xgboost_model', 'manual__2025-01-14T06:54:52.422709+00:00', '--job-id', '75', '--raw', '--subdir', 'DAGS_FOLDER/train_part.py', '--cfg-path', '/tmp/tmp2164j2j6']
[2025-01-14T06:54:54.929+0000] {standard_task_runner.py:105} INFO - Job 75: Subtask train_xgboost_model
[2025-01-14T06:54:54.949+0000] {logging_mixin.py:190} WARNING - /usr/local/lib/python3.10/site-packages/***/settings.py:209 DeprecationWarning: The sql_alchemy_conn option in [core] has been moved to the sql_alchemy_conn option in [database] - the old setting has been used, but please update your config.
[2025-01-14T06:54:54.988+0000] {task_command.py:467} INFO - Running <TaskInstance: train_xgboost_pipeline.train_xgboost_model manual__2025-01-14T06:54:52.422709+00:00 [running]> on host 42dc6dafdabb
[2025-01-14T06:54:55.088+0000] {taskinstance.py:3132} INFO - Exporting env vars: AIRFLOW_CTX_DAG_OWNER='***' AIRFLOW_CTX_DAG_ID='train_xgboost_pipeline' AIRFLOW_CTX_TASK_ID='train_xgboost_model' AIRFLOW_CTX_EXECUTION_DATE='2025-01-14T06:54:52.422709+00:00' AIRFLOW_CTX_TRY_NUMBER='1' AIRFLOW_CTX_DAG_RUN_ID='manual__2025-01-14T06:54:52.422709+00:00'
[2025-01-14T06:54:55.090+0000] {taskinstance.py:731} INFO - ::endgroup::
[2025-01-14T06:54:55.126+0000] {train_part.py:42} INFO - Starting XGBoost model training...
[2025-01-14T06:54:55.279+0000] {train_part.py:31} INFO - Downloaded data/Ingestion/Financial_with_Sentiment_1.csv from MinIO to /tmp/Financial_with_Sentiment_1.csv
[2025-01-14T06:54:55.750+0000] {train_part.py:86} INFO - Model Evaluation - MSE: 270.32, R2: 0.12
[2025-01-14T06:54:55.814+0000] {train_part.py:36} INFO - Uploaded /tmp/output/predictions_1.csv to MinIO at data/Ingestion/predictions_1.csv
[2025-01-14T06:54:55.841+0000] {train_part.py:36} INFO - Uploaded /tmp/output/metrics_1.txt to MinIO at data/Ingestion/metrics_1.txt
[2025-01-14T06:54:55.875+0000] {train_part.py:36} INFO - Uploaded /tmp/output/feature_importance_1.csv to MinIO at data/Ingestion/feature_importance_1.csv
[2025-01-14T06:54:55.875+0000] {train_part.py:114} INFO - Training process completed successfully.
[2025-01-14T06:54:55.876+0000] {python.py:240} INFO - Done. Returned value was: None
[2025-01-14T06:54:55.887+0000] {taskinstance.py:340} INFO - ::group::Post task execution logs
[2025-01-14T06:54:55.888+0000] {taskinstance.py:352} INFO - Marking task as SUCCESS. dag_id=train_xgboost_pipeline, task_id=train_xgboost_model, run_id=manual__2025-01-14T06:54:52.422709+00:00, execution_date=20250114T065452, start_date=20250114T065454, end_date=20250114T065455
[2025-01-14T06:54:55.945+0000] {local_task_job_runner.py:266} INFO - Task exited with return code 0
[2025-01-14T06:54:55.966+0000] {taskinstance.py:3895} INFO - 0 downstream tasks scheduled from follow-on schedule check
[2025-01-14T06:54:55.969+0000] {local_task_job_runner.py:245} INFO - ::endgroup::
