[2024-12-27T16:35:46.612+0000] {local_task_job_runner.py:123} INFO - ::group::Pre task execution logs
[2024-12-27T16:35:46.709+0000] {taskinstance.py:2613} INFO - Dependencies all met for dep_context=non-requeueable deps ti=<TaskInstance: xgboost_drift_pipeline.check_drift manual__2024-12-27T16:35:44.170945+00:00 [queued]>
[2024-12-27T16:35:46.733+0000] {taskinstance.py:2613} INFO - Dependencies all met for dep_context=requeueable deps ti=<TaskInstance: xgboost_drift_pipeline.check_drift manual__2024-12-27T16:35:44.170945+00:00 [queued]>
[2024-12-27T16:35:46.734+0000] {taskinstance.py:2866} INFO - Starting attempt 1 of 2
[2024-12-27T16:35:46.755+0000] {taskinstance.py:2889} INFO - Executing <Task(BranchPythonOperator): check_drift> on 2024-12-27 16:35:44.170945+00:00
[2024-12-27T16:35:46.768+0000] {standard_task_runner.py:72} INFO - Started process 2481 to run task
[2024-12-27T16:35:46.779+0000] {standard_task_runner.py:104} INFO - Running: ['***', 'tasks', 'run', 'xgboost_drift_pipeline', 'check_drift', 'manual__2024-12-27T16:35:44.170945+00:00', '--job-id', '35', '--raw', '--subdir', 'DAGS_FOLDER/train_xgboost_pipeline.py', '--cfg-path', '/tmp/tmp1pbf1_wr']
[2024-12-27T16:35:46.804+0000] {standard_task_runner.py:105} INFO - Job 35: Subtask check_drift
[2024-12-27T16:35:46.843+0000] {logging_mixin.py:190} WARNING - /usr/local/lib/python3.10/site-packages/***/settings.py:209 DeprecationWarning: The sql_alchemy_conn option in [core] has been moved to the sql_alchemy_conn option in [database] - the old setting has been used, but please update your config.
[2024-12-27T16:35:46.881+0000] {task_command.py:467} INFO - Running <TaskInstance: xgboost_drift_pipeline.check_drift manual__2024-12-27T16:35:44.170945+00:00 [running]> on host 42dc6dafdabb
[2024-12-27T16:35:46.982+0000] {taskinstance.py:3132} INFO - Exporting env vars: AIRFLOW_CTX_DAG_OWNER='***' AIRFLOW_CTX_DAG_ID='xgboost_drift_pipeline' AIRFLOW_CTX_TASK_ID='check_drift' AIRFLOW_CTX_EXECUTION_DATE='2024-12-27T16:35:44.170945+00:00' AIRFLOW_CTX_TRY_NUMBER='1' AIRFLOW_CTX_DAG_RUN_ID='manual__2024-12-27T16:35:44.170945+00:00'
[2024-12-27T16:35:46.984+0000] {taskinstance.py:731} INFO - ::endgroup::
[2024-12-27T16:35:47.004+0000] {baseoperator.py:421} WARNING - BranchPythonOperator.execute cannot be called outside TaskInstance!
[2024-12-27T16:35:47.006+0000] {train_xgboost_pipeline.py:709} INFO - Checking for drift...
[2024-12-27T16:35:47.089+0000] {train_xgboost_pipeline.py:665} INFO - Downloaded data/Ingestion/Financial_with_Sentiment.csv from MinIO to /tmp/Financial_with_Sentiment.csv
[2024-12-27T16:35:47.177+0000] {train_xgboost_pipeline.py:665} INFO - Downloaded data/Ingestion/Financial_with_Sentiment_pseudo.csv from MinIO to /tmp/Financial_with_Sentiment_pseudo.csv
[2024-12-27T16:35:47.552+0000] {logging_mixin.py:190} WARNING - /app/dags/train_xgboost_pipeline.py:718 DtypeWarning: Columns (2161) have mixed types. Specify dtype option on import or set low_memory=False.
[2024-12-27T16:35:47.999+0000] {logging_mixin.py:190} WARNING - /app/dags/train_xgboost_pipeline.py:719 DtypeWarning: Columns (2161) have mixed types. Specify dtype option on import or set low_memory=False.
[2024-12-27T16:35:48.069+0000] {logging_mixin.py:190} WARNING - /app/dags/train_xgboost_pipeline.py:685 SettingWithCopyWarning: 
A value is trying to be set on a copy of a slice from a DataFrame

See the caveats in the documentation: https://pandas.pydata.org/pandas-docs/stable/user_guide/indexing.html#returning-a-view-versus-a-copy
[2024-12-27T16:35:49.577+0000] {logging_mixin.py:190} WARNING - /app/dags/train_xgboost_pipeline.py:685 SettingWithCopyWarning: 
A value is trying to be set on a copy of a slice from a DataFrame

See the caveats in the documentation: https://pandas.pydata.org/pandas-docs/stable/user_guide/indexing.html#returning-a-view-versus-a-copy
[2024-12-27T16:35:49.593+0000] {train_xgboost_pipeline.py:728} INFO - Drift detected: True
[2024-12-27T16:35:49.595+0000] {python.py:240} INFO - Done. Returned value was: retrain_model
[2024-12-27T16:35:49.596+0000] {branch.py:38} INFO - Branch into retrain_model
[2024-12-27T16:35:49.597+0000] {skipmixin.py:230} INFO - Following branch ('retrain_model',)
[2024-12-27T16:35:49.609+0000] {skipmixin.py:278} INFO - Skipping tasks [('test_prediction_without_retrain', -1)]
[2024-12-27T16:35:49.643+0000] {taskinstance.py:340} INFO - ::group::Post task execution logs
[2024-12-27T16:35:49.644+0000] {taskinstance.py:352} INFO - Marking task as SUCCESS. dag_id=xgboost_drift_pipeline, task_id=check_drift, run_id=manual__2024-12-27T16:35:44.170945+00:00, execution_date=20241227T163544, start_date=20241227T163546, end_date=20241227T163549
[2024-12-27T16:35:49.685+0000] {local_task_job_runner.py:266} INFO - Task exited with return code 0
[2024-12-27T16:35:49.722+0000] {taskinstance.py:3895} INFO - 1 downstream tasks scheduled from follow-on schedule check
[2024-12-27T16:35:49.726+0000] {local_task_job_runner.py:245} INFO - ::endgroup::
