[2024-12-26T15:56:45.349+0000] {local_task_job_runner.py:123} INFO - ::group::Pre task execution logs
[2024-12-26T15:56:45.367+0000] {taskinstance.py:2613} INFO - Dependencies all met for dep_context=non-requeueable deps ti=<TaskInstance: train_and_retrain_xgboost_pipeline.train_xgboost_model manual__2024-12-26T15:52:16.794873+00:00 [queued]>
[2024-12-26T15:56:45.378+0000] {taskinstance.py:2613} INFO - Dependencies all met for dep_context=requeueable deps ti=<TaskInstance: train_and_retrain_xgboost_pipeline.train_xgboost_model manual__2024-12-26T15:52:16.794873+00:00 [queued]>
[2024-12-26T15:56:45.379+0000] {taskinstance.py:2866} INFO - Starting attempt 2 of 3
[2024-12-26T15:56:45.396+0000] {taskinstance.py:2889} INFO - Executing <Task(PythonOperator): train_xgboost_model> on 2024-12-26 15:52:16.794873+00:00
[2024-12-26T15:56:45.404+0000] {standard_task_runner.py:72} INFO - Started process 529 to run task
[2024-12-26T15:56:45.408+0000] {standard_task_runner.py:104} INFO - Running: ['***', 'tasks', 'run', 'train_and_retrain_xgboost_pipeline', 'train_xgboost_model', 'manual__2024-12-26T15:52:16.794873+00:00', '--job-id', '6', '--raw', '--subdir', 'DAGS_FOLDER/train_xgboost_pipeline.py', '--cfg-path', '/tmp/tmpwsvkj7kd']
[2024-12-26T15:56:45.411+0000] {standard_task_runner.py:105} INFO - Job 6: Subtask train_xgboost_model
[2024-12-26T15:56:45.431+0000] {logging_mixin.py:190} WARNING - /usr/local/lib/python3.10/site-packages/***/settings.py:209 DeprecationWarning: The sql_alchemy_conn option in [core] has been moved to the sql_alchemy_conn option in [database] - the old setting has been used, but please update your config.
[2024-12-26T15:56:45.584+0000] {task_command.py:467} INFO - Running <TaskInstance: train_and_retrain_xgboost_pipeline.train_xgboost_model manual__2024-12-26T15:52:16.794873+00:00 [running]> on host 42dc6dafdabb
[2024-12-26T15:56:45.762+0000] {taskinstance.py:3132} INFO - Exporting env vars: AIRFLOW_CTX_DAG_OWNER='***' AIRFLOW_CTX_DAG_ID='train_and_retrain_xgboost_pipeline' AIRFLOW_CTX_TASK_ID='train_xgboost_model' AIRFLOW_CTX_EXECUTION_DATE='2024-12-26T15:52:16.794873+00:00' AIRFLOW_CTX_TRY_NUMBER='2' AIRFLOW_CTX_DAG_RUN_ID='manual__2024-12-26T15:52:16.794873+00:00'
[2024-12-26T15:56:45.764+0000] {taskinstance.py:731} INFO - ::endgroup::
[2024-12-26T15:56:45.789+0000] {train_xgboost_pipeline.py:321} INFO - Starting XGBoost model training...
[2024-12-26T15:56:46.080+0000] {train_xgboost_pipeline.py:313} INFO - Downloaded data/Ingestion/Financial_with_Sentiment.csv from MinIO to /tmp/Financial_with_Sentiment.csv
[2024-12-26T15:56:46.883+0000] {logging_mixin.py:190} WARNING - /app/dags/train_xgboost_pipeline.py:328 DtypeWarning: Columns (2161) have mixed types. Specify dtype option on import or set low_memory=False.
[2024-12-26T15:56:49.788+0000] {train_xgboost_pipeline.py:364} INFO - Model Evaluation - MSE: 148.72, R2: 0.24
[2024-12-26T15:56:49.842+0000] {train_xgboost_pipeline.py:318} INFO - Uploaded /tmp/output/predictions.csv to MinIO at data/Ingestion/predictions.csv
[2024-12-26T15:56:49.887+0000] {train_xgboost_pipeline.py:318} INFO - Uploaded /tmp/output/metrics.txt to MinIO at data/Ingestion/metrics.txt
[2024-12-26T15:56:49.888+0000] {train_xgboost_pipeline.py:385} INFO - Training process completed successfully.
[2024-12-26T15:56:49.891+0000] {python.py:240} INFO - Done. Returned value was: None
[2024-12-26T15:56:49.915+0000] {taskinstance.py:340} INFO - ::group::Post task execution logs
[2024-12-26T15:56:49.917+0000] {taskinstance.py:352} INFO - Marking task as SUCCESS. dag_id=train_and_retrain_xgboost_pipeline, task_id=train_xgboost_model, run_id=manual__2024-12-26T15:52:16.794873+00:00, execution_date=20241226T155216, start_date=20241226T155645, end_date=20241226T155649
[2024-12-26T15:56:49.958+0000] {local_task_job_runner.py:266} INFO - Task exited with return code 0
[2024-12-26T15:56:49.982+0000] {taskinstance.py:3895} INFO - 1 downstream tasks scheduled from follow-on schedule check
[2024-12-26T15:56:49.984+0000] {local_task_job_runner.py:245} INFO - ::endgroup::
