[2024-12-26T15:49:43.857+0000] {processor.py:186} INFO - Started process (PID=155) to work on /app/dags/train_xgboost_pipeline.py
[2024-12-26T15:49:43.863+0000] {processor.py:914} INFO - Processing file /app/dags/train_xgboost_pipeline.py for tasks to queue
[2024-12-26T15:49:43.876+0000] {logging_mixin.py:190} INFO - [2024-12-26T15:49:43.874+0000] {dagbag.py:588} INFO - Filling up the DagBag from /app/dags/train_xgboost_pipeline.py
[2024-12-26T15:49:52.985+0000] {processor.py:925} INFO - DAG(s) 'train_and_retrain_xgboost_pipeline' retrieved from /app/dags/train_xgboost_pipeline.py
[2024-12-26T15:49:53.185+0000] {logging_mixin.py:190} INFO - [2024-12-26T15:49:53.184+0000] {override.py:1911} INFO - Created Permission View: can delete on DAG:train_and_retrain_xgboost_pipeline
[2024-12-26T15:49:53.196+0000] {logging_mixin.py:190} INFO - [2024-12-26T15:49:53.196+0000] {override.py:1911} INFO - Created Permission View: can read on DAG:train_and_retrain_xgboost_pipeline
[2024-12-26T15:49:53.206+0000] {logging_mixin.py:190} INFO - [2024-12-26T15:49:53.206+0000] {override.py:1911} INFO - Created Permission View: can edit on DAG:train_and_retrain_xgboost_pipeline
[2024-12-26T15:49:53.215+0000] {logging_mixin.py:190} INFO - [2024-12-26T15:49:53.214+0000] {override.py:1911} INFO - Created Permission View: can delete on DAG Run:train_and_retrain_xgboost_pipeline
[2024-12-26T15:49:53.221+0000] {logging_mixin.py:190} INFO - [2024-12-26T15:49:53.221+0000] {override.py:1911} INFO - Created Permission View: can read on DAG Run:train_and_retrain_xgboost_pipeline
[2024-12-26T15:49:53.229+0000] {logging_mixin.py:190} INFO - [2024-12-26T15:49:53.229+0000] {override.py:1911} INFO - Created Permission View: can create on DAG Run:train_and_retrain_xgboost_pipeline
[2024-12-26T15:49:53.239+0000] {logging_mixin.py:190} INFO - [2024-12-26T15:49:53.238+0000] {override.py:1911} INFO - Created Permission View: menu access on DAG Run:train_and_retrain_xgboost_pipeline
[2024-12-26T15:49:53.240+0000] {logging_mixin.py:190} INFO - [2024-12-26T15:49:53.239+0000] {dag.py:3239} INFO - Sync 1 DAGs
[2024-12-26T15:49:53.263+0000] {logging_mixin.py:190} INFO - [2024-12-26T15:49:53.262+0000] {dag.py:3262} INFO - Creating ORM DAG for train_and_retrain_xgboost_pipeline
[2024-12-26T15:49:53.288+0000] {logging_mixin.py:190} INFO - [2024-12-26T15:49:53.287+0000] {dag.py:4180} INFO - Setting next_dagrun for train_and_retrain_xgboost_pipeline to 2024-12-26 16:00:00+00:00, run_after=2024-12-26 17:00:00+00:00
[2024-12-26T15:49:53.316+0000] {processor.py:208} INFO - Processing /app/dags/train_xgboost_pipeline.py took 9.633 seconds
[2024-12-26T15:50:23.774+0000] {processor.py:186} INFO - Started process (PID=210) to work on /app/dags/train_xgboost_pipeline.py
[2024-12-26T15:50:23.775+0000] {processor.py:914} INFO - Processing file /app/dags/train_xgboost_pipeline.py for tasks to queue
[2024-12-26T15:50:23.788+0000] {logging_mixin.py:190} INFO - [2024-12-26T15:50:23.787+0000] {dagbag.py:588} INFO - Filling up the DagBag from /app/dags/train_xgboost_pipeline.py
[2024-12-26T15:50:25.643+0000] {processor.py:925} INFO - DAG(s) 'train_and_retrain_xgboost_pipeline' retrieved from /app/dags/train_xgboost_pipeline.py
[2024-12-26T15:50:25.773+0000] {logging_mixin.py:190} INFO - [2024-12-26T15:50:25.772+0000] {dag.py:3239} INFO - Sync 1 DAGs
[2024-12-26T15:50:25.805+0000] {logging_mixin.py:190} INFO - [2024-12-26T15:50:25.805+0000] {dag.py:4180} INFO - Setting next_dagrun for train_and_retrain_xgboost_pipeline to 2024-12-26 16:00:00+00:00, run_after=2024-12-26 17:00:00+00:00
[2024-12-26T15:50:25.838+0000] {processor.py:208} INFO - Processing /app/dags/train_xgboost_pipeline.py took 2.111 seconds
[2024-12-26T15:50:56.057+0000] {processor.py:186} INFO - Started process (PID=229) to work on /app/dags/train_xgboost_pipeline.py
[2024-12-26T15:50:56.059+0000] {processor.py:914} INFO - Processing file /app/dags/train_xgboost_pipeline.py for tasks to queue
[2024-12-26T15:50:56.060+0000] {logging_mixin.py:190} INFO - [2024-12-26T15:50:56.060+0000] {dagbag.py:588} INFO - Filling up the DagBag from /app/dags/train_xgboost_pipeline.py
[2024-12-26T15:50:57.224+0000] {processor.py:925} INFO - DAG(s) 'train_and_retrain_xgboost_pipeline' retrieved from /app/dags/train_xgboost_pipeline.py
[2024-12-26T15:50:57.354+0000] {logging_mixin.py:190} INFO - [2024-12-26T15:50:57.353+0000] {dag.py:3239} INFO - Sync 1 DAGs
[2024-12-26T15:50:57.380+0000] {logging_mixin.py:190} INFO - [2024-12-26T15:50:57.380+0000] {dag.py:4180} INFO - Setting next_dagrun for train_and_retrain_xgboost_pipeline to 2024-12-26 16:00:00+00:00, run_after=2024-12-26 17:00:00+00:00
[2024-12-26T15:50:57.403+0000] {processor.py:208} INFO - Processing /app/dags/train_xgboost_pipeline.py took 1.352 seconds
[2024-12-26T15:51:27.671+0000] {processor.py:186} INFO - Started process (PID=248) to work on /app/dags/train_xgboost_pipeline.py
[2024-12-26T15:51:27.672+0000] {processor.py:914} INFO - Processing file /app/dags/train_xgboost_pipeline.py for tasks to queue
[2024-12-26T15:51:27.675+0000] {logging_mixin.py:190} INFO - [2024-12-26T15:51:27.674+0000] {dagbag.py:588} INFO - Filling up the DagBag from /app/dags/train_xgboost_pipeline.py
[2024-12-26T15:51:28.906+0000] {processor.py:925} INFO - DAG(s) 'train_and_retrain_xgboost_pipeline' retrieved from /app/dags/train_xgboost_pipeline.py
[2024-12-26T15:51:29.014+0000] {logging_mixin.py:190} INFO - [2024-12-26T15:51:29.014+0000] {dag.py:3239} INFO - Sync 1 DAGs
[2024-12-26T15:51:29.040+0000] {logging_mixin.py:190} INFO - [2024-12-26T15:51:29.040+0000] {dag.py:4180} INFO - Setting next_dagrun for train_and_retrain_xgboost_pipeline to 2024-12-26 16:00:00+00:00, run_after=2024-12-26 17:00:00+00:00
[2024-12-26T15:51:29.059+0000] {processor.py:208} INFO - Processing /app/dags/train_xgboost_pipeline.py took 1.396 seconds
[2024-12-26T15:51:59.294+0000] {processor.py:186} INFO - Started process (PID=267) to work on /app/dags/train_xgboost_pipeline.py
[2024-12-26T15:51:59.295+0000] {processor.py:914} INFO - Processing file /app/dags/train_xgboost_pipeline.py for tasks to queue
[2024-12-26T15:51:59.297+0000] {logging_mixin.py:190} INFO - [2024-12-26T15:51:59.297+0000] {dagbag.py:588} INFO - Filling up the DagBag from /app/dags/train_xgboost_pipeline.py
[2024-12-26T15:52:00.469+0000] {processor.py:925} INFO - DAG(s) 'train_and_retrain_xgboost_pipeline' retrieved from /app/dags/train_xgboost_pipeline.py
[2024-12-26T15:52:00.579+0000] {logging_mixin.py:190} INFO - [2024-12-26T15:52:00.578+0000] {dag.py:3239} INFO - Sync 1 DAGs
[2024-12-26T15:52:00.600+0000] {logging_mixin.py:190} INFO - [2024-12-26T15:52:00.600+0000] {dag.py:4180} INFO - Setting next_dagrun for train_and_retrain_xgboost_pipeline to 2024-12-26 16:00:00+00:00, run_after=2024-12-26 17:00:00+00:00
[2024-12-26T15:52:00.616+0000] {processor.py:208} INFO - Processing /app/dags/train_xgboost_pipeline.py took 1.331 seconds
[2024-12-26T15:52:30.942+0000] {processor.py:186} INFO - Started process (PID=343) to work on /app/dags/train_xgboost_pipeline.py
[2024-12-26T15:52:30.944+0000] {processor.py:914} INFO - Processing file /app/dags/train_xgboost_pipeline.py for tasks to queue
[2024-12-26T15:52:30.946+0000] {logging_mixin.py:190} INFO - [2024-12-26T15:52:30.945+0000] {dagbag.py:588} INFO - Filling up the DagBag from /app/dags/train_xgboost_pipeline.py
[2024-12-26T15:52:32.444+0000] {processor.py:925} INFO - DAG(s) 'train_and_retrain_xgboost_pipeline' retrieved from /app/dags/train_xgboost_pipeline.py
[2024-12-26T15:52:32.592+0000] {logging_mixin.py:190} INFO - [2024-12-26T15:52:32.592+0000] {dag.py:3239} INFO - Sync 1 DAGs
[2024-12-26T15:52:32.619+0000] {logging_mixin.py:190} INFO - [2024-12-26T15:52:32.619+0000] {dag.py:4180} INFO - Setting next_dagrun for train_and_retrain_xgboost_pipeline to 2024-12-26 16:00:00+00:00, run_after=2024-12-26 17:00:00+00:00
[2024-12-26T15:52:32.638+0000] {processor.py:208} INFO - Processing /app/dags/train_xgboost_pipeline.py took 1.705 seconds
[2024-12-26T15:53:02.697+0000] {processor.py:186} INFO - Started process (PID=362) to work on /app/dags/train_xgboost_pipeline.py
[2024-12-26T15:53:02.698+0000] {processor.py:914} INFO - Processing file /app/dags/train_xgboost_pipeline.py for tasks to queue
[2024-12-26T15:53:02.699+0000] {logging_mixin.py:190} INFO - [2024-12-26T15:53:02.699+0000] {dagbag.py:588} INFO - Filling up the DagBag from /app/dags/train_xgboost_pipeline.py
[2024-12-26T15:53:03.932+0000] {processor.py:925} INFO - DAG(s) 'train_and_retrain_xgboost_pipeline' retrieved from /app/dags/train_xgboost_pipeline.py
[2024-12-26T15:53:04.040+0000] {logging_mixin.py:190} INFO - [2024-12-26T15:53:04.040+0000] {dag.py:3239} INFO - Sync 1 DAGs
[2024-12-26T15:53:04.062+0000] {logging_mixin.py:190} INFO - [2024-12-26T15:53:04.061+0000] {dag.py:4180} INFO - Setting next_dagrun for train_and_retrain_xgboost_pipeline to 2024-12-26 16:00:00+00:00, run_after=2024-12-26 17:00:00+00:00
[2024-12-26T15:53:04.083+0000] {processor.py:208} INFO - Processing /app/dags/train_xgboost_pipeline.py took 1.393 seconds
[2024-12-26T15:53:34.492+0000] {processor.py:186} INFO - Started process (PID=381) to work on /app/dags/train_xgboost_pipeline.py
[2024-12-26T15:53:34.493+0000] {processor.py:914} INFO - Processing file /app/dags/train_xgboost_pipeline.py for tasks to queue
[2024-12-26T15:53:34.495+0000] {logging_mixin.py:190} INFO - [2024-12-26T15:53:34.494+0000] {dagbag.py:588} INFO - Filling up the DagBag from /app/dags/train_xgboost_pipeline.py
[2024-12-26T15:53:35.944+0000] {processor.py:925} INFO - DAG(s) 'train_and_retrain_xgboost_pipeline' retrieved from /app/dags/train_xgboost_pipeline.py
[2024-12-26T15:53:36.056+0000] {logging_mixin.py:190} INFO - [2024-12-26T15:53:36.056+0000] {dag.py:3239} INFO - Sync 1 DAGs
[2024-12-26T15:53:36.085+0000] {logging_mixin.py:190} INFO - [2024-12-26T15:53:36.085+0000] {dag.py:4180} INFO - Setting next_dagrun for train_and_retrain_xgboost_pipeline to 2024-12-26 16:00:00+00:00, run_after=2024-12-26 17:00:00+00:00
[2024-12-26T15:53:36.111+0000] {processor.py:208} INFO - Processing /app/dags/train_xgboost_pipeline.py took 1.626 seconds
[2024-12-26T15:54:06.373+0000] {processor.py:186} INFO - Started process (PID=400) to work on /app/dags/train_xgboost_pipeline.py
[2024-12-26T15:54:06.374+0000] {processor.py:914} INFO - Processing file /app/dags/train_xgboost_pipeline.py for tasks to queue
[2024-12-26T15:54:06.376+0000] {logging_mixin.py:190} INFO - [2024-12-26T15:54:06.375+0000] {dagbag.py:588} INFO - Filling up the DagBag from /app/dags/train_xgboost_pipeline.py
[2024-12-26T15:54:08.236+0000] {processor.py:925} INFO - DAG(s) 'train_and_retrain_xgboost_pipeline' retrieved from /app/dags/train_xgboost_pipeline.py
[2024-12-26T15:54:08.403+0000] {logging_mixin.py:190} INFO - [2024-12-26T15:54:08.403+0000] {dag.py:3239} INFO - Sync 1 DAGs
[2024-12-26T15:54:08.439+0000] {logging_mixin.py:190} INFO - [2024-12-26T15:54:08.439+0000] {dag.py:4180} INFO - Setting next_dagrun for train_and_retrain_xgboost_pipeline to 2024-12-26 16:00:00+00:00, run_after=2024-12-26 17:00:00+00:00
[2024-12-26T15:54:08.467+0000] {processor.py:208} INFO - Processing /app/dags/train_xgboost_pipeline.py took 2.107 seconds
[2024-12-26T15:54:38.624+0000] {processor.py:186} INFO - Started process (PID=419) to work on /app/dags/train_xgboost_pipeline.py
[2024-12-26T15:54:38.625+0000] {processor.py:914} INFO - Processing file /app/dags/train_xgboost_pipeline.py for tasks to queue
[2024-12-26T15:54:38.627+0000] {logging_mixin.py:190} INFO - [2024-12-26T15:54:38.627+0000] {dagbag.py:588} INFO - Filling up the DagBag from /app/dags/train_xgboost_pipeline.py
[2024-12-26T15:54:40.545+0000] {processor.py:925} INFO - DAG(s) 'train_and_retrain_xgboost_pipeline' retrieved from /app/dags/train_xgboost_pipeline.py
[2024-12-26T15:54:40.825+0000] {logging_mixin.py:190} INFO - [2024-12-26T15:54:40.825+0000] {dag.py:3239} INFO - Sync 1 DAGs
[2024-12-26T15:54:40.861+0000] {logging_mixin.py:190} INFO - [2024-12-26T15:54:40.861+0000] {dag.py:4180} INFO - Setting next_dagrun for train_and_retrain_xgboost_pipeline to 2024-12-26 16:00:00+00:00, run_after=2024-12-26 17:00:00+00:00
[2024-12-26T15:54:40.900+0000] {processor.py:208} INFO - Processing /app/dags/train_xgboost_pipeline.py took 2.284 seconds
[2024-12-26T15:55:11.008+0000] {processor.py:186} INFO - Started process (PID=438) to work on /app/dags/train_xgboost_pipeline.py
[2024-12-26T15:55:11.010+0000] {processor.py:914} INFO - Processing file /app/dags/train_xgboost_pipeline.py for tasks to queue
[2024-12-26T15:55:11.011+0000] {logging_mixin.py:190} INFO - [2024-12-26T15:55:11.011+0000] {dagbag.py:588} INFO - Filling up the DagBag from /app/dags/train_xgboost_pipeline.py
[2024-12-26T15:55:12.324+0000] {processor.py:925} INFO - DAG(s) 'train_and_retrain_xgboost_pipeline' retrieved from /app/dags/train_xgboost_pipeline.py
[2024-12-26T15:55:12.467+0000] {logging_mixin.py:190} INFO - [2024-12-26T15:55:12.466+0000] {dag.py:3239} INFO - Sync 1 DAGs
[2024-12-26T15:55:12.499+0000] {logging_mixin.py:190} INFO - [2024-12-26T15:55:12.499+0000] {dag.py:4180} INFO - Setting next_dagrun for train_and_retrain_xgboost_pipeline to 2024-12-26 16:00:00+00:00, run_after=2024-12-26 17:00:00+00:00
[2024-12-26T15:55:12.532+0000] {processor.py:208} INFO - Processing /app/dags/train_xgboost_pipeline.py took 1.530 seconds
[2024-12-26T15:55:42.808+0000] {processor.py:186} INFO - Started process (PID=457) to work on /app/dags/train_xgboost_pipeline.py
[2024-12-26T15:55:42.809+0000] {processor.py:914} INFO - Processing file /app/dags/train_xgboost_pipeline.py for tasks to queue
[2024-12-26T15:55:42.811+0000] {logging_mixin.py:190} INFO - [2024-12-26T15:55:42.810+0000] {dagbag.py:588} INFO - Filling up the DagBag from /app/dags/train_xgboost_pipeline.py
[2024-12-26T15:55:44.088+0000] {processor.py:925} INFO - DAG(s) 'train_and_retrain_xgboost_pipeline' retrieved from /app/dags/train_xgboost_pipeline.py
[2024-12-26T15:55:44.210+0000] {logging_mixin.py:190} INFO - [2024-12-26T15:55:44.209+0000] {dag.py:3239} INFO - Sync 1 DAGs
[2024-12-26T15:55:44.233+0000] {logging_mixin.py:190} INFO - [2024-12-26T15:55:44.233+0000] {dag.py:4180} INFO - Setting next_dagrun for train_and_retrain_xgboost_pipeline to 2024-12-26 16:00:00+00:00, run_after=2024-12-26 17:00:00+00:00
[2024-12-26T15:55:44.252+0000] {processor.py:208} INFO - Processing /app/dags/train_xgboost_pipeline.py took 1.452 seconds
[2024-12-26T15:56:14.599+0000] {processor.py:186} INFO - Started process (PID=476) to work on /app/dags/train_xgboost_pipeline.py
[2024-12-26T15:56:14.600+0000] {processor.py:914} INFO - Processing file /app/dags/train_xgboost_pipeline.py for tasks to queue
[2024-12-26T15:56:14.602+0000] {logging_mixin.py:190} INFO - [2024-12-26T15:56:14.602+0000] {dagbag.py:588} INFO - Filling up the DagBag from /app/dags/train_xgboost_pipeline.py
[2024-12-26T15:56:15.904+0000] {processor.py:925} INFO - DAG(s) 'train_and_retrain_xgboost_pipeline' retrieved from /app/dags/train_xgboost_pipeline.py
[2024-12-26T15:56:16.073+0000] {logging_mixin.py:190} INFO - [2024-12-26T15:56:16.073+0000] {dag.py:3239} INFO - Sync 1 DAGs
[2024-12-26T15:56:16.104+0000] {logging_mixin.py:190} INFO - [2024-12-26T15:56:16.103+0000] {dag.py:4180} INFO - Setting next_dagrun for train_and_retrain_xgboost_pipeline to 2024-12-26 16:00:00+00:00, run_after=2024-12-26 17:00:00+00:00
[2024-12-26T15:56:16.127+0000] {processor.py:208} INFO - Processing /app/dags/train_xgboost_pipeline.py took 1.536 seconds
[2024-12-26T15:56:21.225+0000] {processor.py:186} INFO - Started process (PID=495) to work on /app/dags/train_xgboost_pipeline.py
[2024-12-26T15:56:21.226+0000] {processor.py:914} INFO - Processing file /app/dags/train_xgboost_pipeline.py for tasks to queue
[2024-12-26T15:56:21.228+0000] {logging_mixin.py:190} INFO - [2024-12-26T15:56:21.228+0000] {dagbag.py:588} INFO - Filling up the DagBag from /app/dags/train_xgboost_pipeline.py
[2024-12-26T15:56:22.449+0000] {processor.py:925} INFO - DAG(s) 'train_and_retrain_xgboost_pipeline' retrieved from /app/dags/train_xgboost_pipeline.py
[2024-12-26T15:56:22.460+0000] {logging_mixin.py:190} INFO - [2024-12-26T15:56:22.460+0000] {dag.py:3239} INFO - Sync 1 DAGs
[2024-12-26T15:56:22.486+0000] {logging_mixin.py:190} INFO - [2024-12-26T15:56:22.486+0000] {dag.py:4180} INFO - Setting next_dagrun for train_and_retrain_xgboost_pipeline to 2024-12-26 16:00:00+00:00, run_after=2024-12-26 17:00:00+00:00
[2024-12-26T15:56:22.521+0000] {processor.py:208} INFO - Processing /app/dags/train_xgboost_pipeline.py took 1.304 seconds
[2024-12-26T15:56:52.940+0000] {processor.py:186} INFO - Started process (PID=587) to work on /app/dags/train_xgboost_pipeline.py
[2024-12-26T15:56:52.959+0000] {processor.py:914} INFO - Processing file /app/dags/train_xgboost_pipeline.py for tasks to queue
[2024-12-26T15:56:52.972+0000] {logging_mixin.py:190} INFO - [2024-12-26T15:56:52.970+0000] {dagbag.py:588} INFO - Filling up the DagBag from /app/dags/train_xgboost_pipeline.py
[2024-12-26T15:57:00.465+0000] {processor.py:925} INFO - DAG(s) 'train_and_retrain_xgboost_pipeline' retrieved from /app/dags/train_xgboost_pipeline.py
[2024-12-26T15:57:01.282+0000] {logging_mixin.py:190} INFO - [2024-12-26T15:57:01.275+0000] {dag.py:3239} INFO - Sync 1 DAGs
[2024-12-26T15:57:01.337+0000] {logging_mixin.py:190} INFO - [2024-12-26T15:57:01.337+0000] {dag.py:4180} INFO - Setting next_dagrun for train_and_retrain_xgboost_pipeline to 2024-12-26 16:00:00+00:00, run_after=2024-12-26 17:00:00+00:00
[2024-12-26T15:57:01.381+0000] {processor.py:208} INFO - Processing /app/dags/train_xgboost_pipeline.py took 8.524 seconds
[2024-12-26T15:57:31.812+0000] {processor.py:186} INFO - Started process (PID=661) to work on /app/dags/train_xgboost_pipeline.py
[2024-12-26T15:57:31.814+0000] {processor.py:914} INFO - Processing file /app/dags/train_xgboost_pipeline.py for tasks to queue
[2024-12-26T15:57:31.815+0000] {logging_mixin.py:190} INFO - [2024-12-26T15:57:31.815+0000] {dagbag.py:588} INFO - Filling up the DagBag from /app/dags/train_xgboost_pipeline.py
[2024-12-26T15:57:32.965+0000] {processor.py:925} INFO - DAG(s) 'train_and_retrain_xgboost_pipeline' retrieved from /app/dags/train_xgboost_pipeline.py
[2024-12-26T15:57:33.100+0000] {logging_mixin.py:190} INFO - [2024-12-26T15:57:33.100+0000] {dag.py:3239} INFO - Sync 1 DAGs
[2024-12-26T15:57:33.130+0000] {logging_mixin.py:190} INFO - [2024-12-26T15:57:33.130+0000] {dag.py:4180} INFO - Setting next_dagrun for train_and_retrain_xgboost_pipeline to 2024-12-26 16:00:00+00:00, run_after=2024-12-26 17:00:00+00:00
[2024-12-26T15:57:33.156+0000] {processor.py:208} INFO - Processing /app/dags/train_xgboost_pipeline.py took 1.351 seconds
[2024-12-26T15:58:03.632+0000] {processor.py:186} INFO - Started process (PID=680) to work on /app/dags/train_xgboost_pipeline.py
[2024-12-26T15:58:03.633+0000] {processor.py:914} INFO - Processing file /app/dags/train_xgboost_pipeline.py for tasks to queue
[2024-12-26T15:58:03.635+0000] {logging_mixin.py:190} INFO - [2024-12-26T15:58:03.634+0000] {dagbag.py:588} INFO - Filling up the DagBag from /app/dags/train_xgboost_pipeline.py
[2024-12-26T15:58:04.904+0000] {processor.py:925} INFO - DAG(s) 'train_and_retrain_xgboost_pipeline' retrieved from /app/dags/train_xgboost_pipeline.py
[2024-12-26T15:58:05.023+0000] {logging_mixin.py:190} INFO - [2024-12-26T15:58:05.023+0000] {dag.py:3239} INFO - Sync 1 DAGs
[2024-12-26T15:58:05.048+0000] {logging_mixin.py:190} INFO - [2024-12-26T15:58:05.047+0000] {dag.py:4180} INFO - Setting next_dagrun for train_and_retrain_xgboost_pipeline to 2024-12-26 16:00:00+00:00, run_after=2024-12-26 17:00:00+00:00
[2024-12-26T15:58:05.068+0000] {processor.py:208} INFO - Processing /app/dags/train_xgboost_pipeline.py took 1.447 seconds
[2024-12-26T15:58:35.478+0000] {processor.py:186} INFO - Started process (PID=699) to work on /app/dags/train_xgboost_pipeline.py
[2024-12-26T15:58:35.480+0000] {processor.py:914} INFO - Processing file /app/dags/train_xgboost_pipeline.py for tasks to queue
[2024-12-26T15:58:35.481+0000] {logging_mixin.py:190} INFO - [2024-12-26T15:58:35.481+0000] {dagbag.py:588} INFO - Filling up the DagBag from /app/dags/train_xgboost_pipeline.py
[2024-12-26T15:58:36.775+0000] {processor.py:925} INFO - DAG(s) 'train_and_retrain_xgboost_pipeline' retrieved from /app/dags/train_xgboost_pipeline.py
[2024-12-26T15:58:36.897+0000] {logging_mixin.py:190} INFO - [2024-12-26T15:58:36.896+0000] {dag.py:3239} INFO - Sync 1 DAGs
[2024-12-26T15:58:36.920+0000] {logging_mixin.py:190} INFO - [2024-12-26T15:58:36.920+0000] {dag.py:4180} INFO - Setting next_dagrun for train_and_retrain_xgboost_pipeline to 2024-12-26 16:00:00+00:00, run_after=2024-12-26 17:00:00+00:00
[2024-12-26T15:58:36.942+0000] {processor.py:208} INFO - Processing /app/dags/train_xgboost_pipeline.py took 1.470 seconds
[2024-12-26T15:59:07.512+0000] {processor.py:186} INFO - Started process (PID=718) to work on /app/dags/train_xgboost_pipeline.py
[2024-12-26T15:59:07.513+0000] {processor.py:914} INFO - Processing file /app/dags/train_xgboost_pipeline.py for tasks to queue
[2024-12-26T15:59:07.515+0000] {logging_mixin.py:190} INFO - [2024-12-26T15:59:07.514+0000] {dagbag.py:588} INFO - Filling up the DagBag from /app/dags/train_xgboost_pipeline.py
[2024-12-26T15:59:08.742+0000] {processor.py:925} INFO - DAG(s) 'train_and_retrain_xgboost_pipeline' retrieved from /app/dags/train_xgboost_pipeline.py
[2024-12-26T15:59:08.861+0000] {logging_mixin.py:190} INFO - [2024-12-26T15:59:08.861+0000] {dag.py:3239} INFO - Sync 1 DAGs
[2024-12-26T15:59:08.898+0000] {logging_mixin.py:190} INFO - [2024-12-26T15:59:08.898+0000] {dag.py:4180} INFO - Setting next_dagrun for train_and_retrain_xgboost_pipeline to 2024-12-26 16:00:00+00:00, run_after=2024-12-26 17:00:00+00:00
[2024-12-26T15:59:08.925+0000] {processor.py:208} INFO - Processing /app/dags/train_xgboost_pipeline.py took 1.422 seconds
[2024-12-26T15:59:39.207+0000] {processor.py:186} INFO - Started process (PID=737) to work on /app/dags/train_xgboost_pipeline.py
[2024-12-26T15:59:39.208+0000] {processor.py:914} INFO - Processing file /app/dags/train_xgboost_pipeline.py for tasks to queue
[2024-12-26T15:59:39.210+0000] {logging_mixin.py:190} INFO - [2024-12-26T15:59:39.209+0000] {dagbag.py:588} INFO - Filling up the DagBag from /app/dags/train_xgboost_pipeline.py
[2024-12-26T15:59:40.859+0000] {processor.py:925} INFO - DAG(s) 'train_and_retrain_xgboost_pipeline' retrieved from /app/dags/train_xgboost_pipeline.py
[2024-12-26T15:59:41.019+0000] {logging_mixin.py:190} INFO - [2024-12-26T15:59:41.019+0000] {dag.py:3239} INFO - Sync 1 DAGs
[2024-12-26T15:59:41.046+0000] {logging_mixin.py:190} INFO - [2024-12-26T15:59:41.046+0000] {dag.py:4180} INFO - Setting next_dagrun for train_and_retrain_xgboost_pipeline to 2024-12-26 16:00:00+00:00, run_after=2024-12-26 17:00:00+00:00
[2024-12-26T15:59:41.067+0000] {processor.py:208} INFO - Processing /app/dags/train_xgboost_pipeline.py took 1.873 seconds
[2024-12-26T16:00:02.287+0000] {processor.py:186} INFO - Started process (PID=756) to work on /app/dags/train_xgboost_pipeline.py
[2024-12-26T16:00:02.288+0000] {processor.py:914} INFO - Processing file /app/dags/train_xgboost_pipeline.py for tasks to queue
[2024-12-26T16:00:02.289+0000] {logging_mixin.py:190} INFO - [2024-12-26T16:00:02.289+0000] {dagbag.py:588} INFO - Filling up the DagBag from /app/dags/train_xgboost_pipeline.py
[2024-12-26T16:00:03.453+0000] {processor.py:925} INFO - DAG(s) 'train_and_retrain_xgboost_pipeline' retrieved from /app/dags/train_xgboost_pipeline.py
[2024-12-26T16:00:03.467+0000] {logging_mixin.py:190} INFO - [2024-12-26T16:00:03.467+0000] {dag.py:3239} INFO - Sync 1 DAGs
[2024-12-26T16:00:03.500+0000] {logging_mixin.py:190} INFO - [2024-12-26T16:00:03.500+0000] {dag.py:4180} INFO - Setting next_dagrun for train_and_retrain_xgboost_pipeline to 2024-12-26 17:00:00+00:00, run_after=2024-12-26 18:00:00+00:00
[2024-12-26T16:00:03.526+0000] {processor.py:208} INFO - Processing /app/dags/train_xgboost_pipeline.py took 1.245 seconds
[2024-12-26T16:00:33.866+0000] {processor.py:186} INFO - Started process (PID=775) to work on /app/dags/train_xgboost_pipeline.py
[2024-12-26T16:00:33.867+0000] {processor.py:914} INFO - Processing file /app/dags/train_xgboost_pipeline.py for tasks to queue
[2024-12-26T16:00:33.869+0000] {logging_mixin.py:190} INFO - [2024-12-26T16:00:33.868+0000] {dagbag.py:588} INFO - Filling up the DagBag from /app/dags/train_xgboost_pipeline.py
[2024-12-26T16:00:35.051+0000] {processor.py:925} INFO - DAG(s) 'train_and_retrain_xgboost_pipeline' retrieved from /app/dags/train_xgboost_pipeline.py
[2024-12-26T16:00:35.165+0000] {logging_mixin.py:190} INFO - [2024-12-26T16:00:35.165+0000] {dag.py:3239} INFO - Sync 1 DAGs
[2024-12-26T16:00:35.190+0000] {logging_mixin.py:190} INFO - [2024-12-26T16:00:35.190+0000] {dag.py:4180} INFO - Setting next_dagrun for train_and_retrain_xgboost_pipeline to 2024-12-26 17:00:00+00:00, run_after=2024-12-26 18:00:00+00:00
[2024-12-26T16:00:35.210+0000] {processor.py:208} INFO - Processing /app/dags/train_xgboost_pipeline.py took 1.351 seconds
[2024-12-26T16:00:43.974+0000] {processor.py:186} INFO - Started process (PID=794) to work on /app/dags/train_xgboost_pipeline.py
[2024-12-26T16:00:43.975+0000] {processor.py:914} INFO - Processing file /app/dags/train_xgboost_pipeline.py for tasks to queue
[2024-12-26T16:00:43.977+0000] {logging_mixin.py:190} INFO - [2024-12-26T16:00:43.976+0000] {dagbag.py:588} INFO - Filling up the DagBag from /app/dags/train_xgboost_pipeline.py
[2024-12-26T16:00:45.299+0000] {processor.py:925} INFO - DAG(s) 'train_and_retrain_xgboost_pipeline' retrieved from /app/dags/train_xgboost_pipeline.py
[2024-12-26T16:00:45.316+0000] {logging_mixin.py:190} INFO - [2024-12-26T16:00:45.314+0000] {dag.py:3239} INFO - Sync 1 DAGs
[2024-12-26T16:00:45.391+0000] {logging_mixin.py:190} INFO - [2024-12-26T16:00:45.390+0000] {dag.py:4180} INFO - Setting next_dagrun for train_and_retrain_xgboost_pipeline to 2024-12-26 17:00:00+00:00, run_after=2024-12-26 18:00:00+00:00
[2024-12-26T16:00:45.416+0000] {processor.py:208} INFO - Processing /app/dags/train_xgboost_pipeline.py took 1.451 seconds
[2024-12-26T16:01:15.673+0000] {processor.py:186} INFO - Started process (PID=870) to work on /app/dags/train_xgboost_pipeline.py
[2024-12-26T16:01:15.675+0000] {processor.py:914} INFO - Processing file /app/dags/train_xgboost_pipeline.py for tasks to queue
[2024-12-26T16:01:15.676+0000] {logging_mixin.py:190} INFO - [2024-12-26T16:01:15.676+0000] {dagbag.py:588} INFO - Filling up the DagBag from /app/dags/train_xgboost_pipeline.py
[2024-12-26T16:01:16.925+0000] {processor.py:925} INFO - DAG(s) 'train_and_retrain_xgboost_pipeline' retrieved from /app/dags/train_xgboost_pipeline.py
[2024-12-26T16:01:17.040+0000] {logging_mixin.py:190} INFO - [2024-12-26T16:01:17.040+0000] {dag.py:3239} INFO - Sync 1 DAGs
[2024-12-26T16:01:17.065+0000] {logging_mixin.py:190} INFO - [2024-12-26T16:01:17.064+0000] {dag.py:4180} INFO - Setting next_dagrun for train_and_retrain_xgboost_pipeline to 2024-12-26 17:00:00+00:00, run_after=2024-12-26 18:00:00+00:00
[2024-12-26T16:01:17.097+0000] {processor.py:208} INFO - Processing /app/dags/train_xgboost_pipeline.py took 1.433 seconds
[2024-12-26T16:01:47.231+0000] {processor.py:186} INFO - Started process (PID=889) to work on /app/dags/train_xgboost_pipeline.py
[2024-12-26T16:01:47.233+0000] {processor.py:914} INFO - Processing file /app/dags/train_xgboost_pipeline.py for tasks to queue
[2024-12-26T16:01:47.234+0000] {logging_mixin.py:190} INFO - [2024-12-26T16:01:47.234+0000] {dagbag.py:588} INFO - Filling up the DagBag from /app/dags/train_xgboost_pipeline.py
[2024-12-26T16:01:48.367+0000] {processor.py:925} INFO - DAG(s) 'train_and_retrain_xgboost_pipeline' retrieved from /app/dags/train_xgboost_pipeline.py
[2024-12-26T16:01:48.476+0000] {logging_mixin.py:190} INFO - [2024-12-26T16:01:48.475+0000] {dag.py:3239} INFO - Sync 1 DAGs
[2024-12-26T16:01:48.500+0000] {logging_mixin.py:190} INFO - [2024-12-26T16:01:48.500+0000] {dag.py:4180} INFO - Setting next_dagrun for train_and_retrain_xgboost_pipeline to 2024-12-26 17:00:00+00:00, run_after=2024-12-26 18:00:00+00:00
[2024-12-26T16:01:48.528+0000] {processor.py:208} INFO - Processing /app/dags/train_xgboost_pipeline.py took 1.304 seconds
[2024-12-26T16:02:18.976+0000] {processor.py:186} INFO - Started process (PID=908) to work on /app/dags/train_xgboost_pipeline.py
[2024-12-26T16:02:18.977+0000] {processor.py:914} INFO - Processing file /app/dags/train_xgboost_pipeline.py for tasks to queue
[2024-12-26T16:02:18.979+0000] {logging_mixin.py:190} INFO - [2024-12-26T16:02:18.978+0000] {dagbag.py:588} INFO - Filling up the DagBag from /app/dags/train_xgboost_pipeline.py
[2024-12-26T16:02:20.162+0000] {processor.py:925} INFO - DAG(s) 'train_and_retrain_xgboost_pipeline' retrieved from /app/dags/train_xgboost_pipeline.py
[2024-12-26T16:02:20.282+0000] {logging_mixin.py:190} INFO - [2024-12-26T16:02:20.282+0000] {dag.py:3239} INFO - Sync 1 DAGs
[2024-12-26T16:02:20.305+0000] {logging_mixin.py:190} INFO - [2024-12-26T16:02:20.305+0000] {dag.py:4180} INFO - Setting next_dagrun for train_and_retrain_xgboost_pipeline to 2024-12-26 17:00:00+00:00, run_after=2024-12-26 18:00:00+00:00
[2024-12-26T16:02:20.325+0000] {processor.py:208} INFO - Processing /app/dags/train_xgboost_pipeline.py took 1.355 seconds
[2024-12-26T16:02:50.655+0000] {processor.py:186} INFO - Started process (PID=927) to work on /app/dags/train_xgboost_pipeline.py
[2024-12-26T16:02:50.656+0000] {processor.py:914} INFO - Processing file /app/dags/train_xgboost_pipeline.py for tasks to queue
[2024-12-26T16:02:50.657+0000] {logging_mixin.py:190} INFO - [2024-12-26T16:02:50.657+0000] {dagbag.py:588} INFO - Filling up the DagBag from /app/dags/train_xgboost_pipeline.py
[2024-12-26T16:02:52.056+0000] {processor.py:925} INFO - DAG(s) 'train_and_retrain_xgboost_pipeline' retrieved from /app/dags/train_xgboost_pipeline.py
[2024-12-26T16:02:52.180+0000] {logging_mixin.py:190} INFO - [2024-12-26T16:02:52.179+0000] {dag.py:3239} INFO - Sync 1 DAGs
[2024-12-26T16:02:52.206+0000] {logging_mixin.py:190} INFO - [2024-12-26T16:02:52.205+0000] {dag.py:4180} INFO - Setting next_dagrun for train_and_retrain_xgboost_pipeline to 2024-12-26 17:00:00+00:00, run_after=2024-12-26 18:00:00+00:00
[2024-12-26T16:02:52.231+0000] {processor.py:208} INFO - Processing /app/dags/train_xgboost_pipeline.py took 1.584 seconds
[2024-12-26T16:03:06.422+0000] {processor.py:186} INFO - Started process (PID=946) to work on /app/dags/train_xgboost_pipeline.py
[2024-12-26T16:03:06.423+0000] {processor.py:914} INFO - Processing file /app/dags/train_xgboost_pipeline.py for tasks to queue
[2024-12-26T16:03:06.425+0000] {logging_mixin.py:190} INFO - [2024-12-26T16:03:06.425+0000] {dagbag.py:588} INFO - Filling up the DagBag from /app/dags/train_xgboost_pipeline.py
[2024-12-26T16:03:07.734+0000] {processor.py:925} INFO - DAG(s) 'train_and_retrain_xgboost_pipeline' retrieved from /app/dags/train_xgboost_pipeline.py
[2024-12-26T16:03:07.746+0000] {logging_mixin.py:190} INFO - [2024-12-26T16:03:07.745+0000] {dag.py:3239} INFO - Sync 1 DAGs
[2024-12-26T16:03:07.771+0000] {logging_mixin.py:190} INFO - [2024-12-26T16:03:07.771+0000] {dag.py:4180} INFO - Setting next_dagrun for train_and_retrain_xgboost_pipeline to 2024-12-26 17:00:00+00:00, run_after=2024-12-26 18:00:00+00:00
[2024-12-26T16:03:07.798+0000] {processor.py:208} INFO - Processing /app/dags/train_xgboost_pipeline.py took 1.385 seconds
[2024-12-26T16:03:38.194+0000] {processor.py:186} INFO - Started process (PID=1029) to work on /app/dags/train_xgboost_pipeline.py
[2024-12-26T16:03:38.195+0000] {processor.py:914} INFO - Processing file /app/dags/train_xgboost_pipeline.py for tasks to queue
[2024-12-26T16:03:38.196+0000] {logging_mixin.py:190} INFO - [2024-12-26T16:03:38.196+0000] {dagbag.py:588} INFO - Filling up the DagBag from /app/dags/train_xgboost_pipeline.py
[2024-12-26T16:03:39.279+0000] {processor.py:925} INFO - DAG(s) 'train_and_retrain_xgboost_pipeline' retrieved from /app/dags/train_xgboost_pipeline.py
[2024-12-26T16:03:39.394+0000] {logging_mixin.py:190} INFO - [2024-12-26T16:03:39.393+0000] {dag.py:3239} INFO - Sync 1 DAGs
[2024-12-26T16:03:39.413+0000] {logging_mixin.py:190} INFO - [2024-12-26T16:03:39.413+0000] {dag.py:4180} INFO - Setting next_dagrun for train_and_retrain_xgboost_pipeline to 2024-12-26 17:00:00+00:00, run_after=2024-12-26 18:00:00+00:00
[2024-12-26T16:03:39.431+0000] {processor.py:208} INFO - Processing /app/dags/train_xgboost_pipeline.py took 1.243 seconds
[2024-12-26T16:04:09.755+0000] {processor.py:186} INFO - Started process (PID=1048) to work on /app/dags/train_xgboost_pipeline.py
[2024-12-26T16:04:09.756+0000] {processor.py:914} INFO - Processing file /app/dags/train_xgboost_pipeline.py for tasks to queue
[2024-12-26T16:04:09.758+0000] {logging_mixin.py:190} INFO - [2024-12-26T16:04:09.757+0000] {dagbag.py:588} INFO - Filling up the DagBag from /app/dags/train_xgboost_pipeline.py
[2024-12-26T16:04:10.827+0000] {processor.py:925} INFO - DAG(s) 'train_and_retrain_xgboost_pipeline' retrieved from /app/dags/train_xgboost_pipeline.py
[2024-12-26T16:04:10.934+0000] {logging_mixin.py:190} INFO - [2024-12-26T16:04:10.933+0000] {dag.py:3239} INFO - Sync 1 DAGs
[2024-12-26T16:04:10.956+0000] {logging_mixin.py:190} INFO - [2024-12-26T16:04:10.956+0000] {dag.py:4180} INFO - Setting next_dagrun for train_and_retrain_xgboost_pipeline to 2024-12-26 17:00:00+00:00, run_after=2024-12-26 18:00:00+00:00
[2024-12-26T16:04:10.977+0000] {processor.py:208} INFO - Processing /app/dags/train_xgboost_pipeline.py took 1.228 seconds
[2024-12-26T16:04:41.291+0000] {processor.py:186} INFO - Started process (PID=1067) to work on /app/dags/train_xgboost_pipeline.py
[2024-12-26T16:04:41.292+0000] {processor.py:914} INFO - Processing file /app/dags/train_xgboost_pipeline.py for tasks to queue
[2024-12-26T16:04:41.294+0000] {logging_mixin.py:190} INFO - [2024-12-26T16:04:41.294+0000] {dagbag.py:588} INFO - Filling up the DagBag from /app/dags/train_xgboost_pipeline.py
[2024-12-26T16:04:42.377+0000] {processor.py:925} INFO - DAG(s) 'train_and_retrain_xgboost_pipeline' retrieved from /app/dags/train_xgboost_pipeline.py
[2024-12-26T16:04:42.482+0000] {logging_mixin.py:190} INFO - [2024-12-26T16:04:42.481+0000] {dag.py:3239} INFO - Sync 1 DAGs
[2024-12-26T16:04:42.502+0000] {logging_mixin.py:190} INFO - [2024-12-26T16:04:42.502+0000] {dag.py:4180} INFO - Setting next_dagrun for train_and_retrain_xgboost_pipeline to 2024-12-26 17:00:00+00:00, run_after=2024-12-26 18:00:00+00:00
[2024-12-26T16:04:42.519+0000] {processor.py:208} INFO - Processing /app/dags/train_xgboost_pipeline.py took 1.234 seconds
[2024-12-26T16:05:12.945+0000] {processor.py:186} INFO - Started process (PID=1086) to work on /app/dags/train_xgboost_pipeline.py
[2024-12-26T16:05:12.946+0000] {processor.py:914} INFO - Processing file /app/dags/train_xgboost_pipeline.py for tasks to queue
[2024-12-26T16:05:12.947+0000] {logging_mixin.py:190} INFO - [2024-12-26T16:05:12.947+0000] {dagbag.py:588} INFO - Filling up the DagBag from /app/dags/train_xgboost_pipeline.py
[2024-12-26T16:05:14.041+0000] {processor.py:925} INFO - DAG(s) 'train_and_retrain_xgboost_pipeline' retrieved from /app/dags/train_xgboost_pipeline.py
[2024-12-26T16:05:14.147+0000] {logging_mixin.py:190} INFO - [2024-12-26T16:05:14.147+0000] {dag.py:3239} INFO - Sync 1 DAGs
[2024-12-26T16:05:14.168+0000] {logging_mixin.py:190} INFO - [2024-12-26T16:05:14.168+0000] {dag.py:4180} INFO - Setting next_dagrun for train_and_retrain_xgboost_pipeline to 2024-12-26 17:00:00+00:00, run_after=2024-12-26 18:00:00+00:00
[2024-12-26T16:05:14.198+0000] {processor.py:208} INFO - Processing /app/dags/train_xgboost_pipeline.py took 1.260 seconds
[2024-12-26T16:05:44.395+0000] {processor.py:186} INFO - Started process (PID=1105) to work on /app/dags/train_xgboost_pipeline.py
[2024-12-26T16:05:44.396+0000] {processor.py:914} INFO - Processing file /app/dags/train_xgboost_pipeline.py for tasks to queue
[2024-12-26T16:05:44.397+0000] {logging_mixin.py:190} INFO - [2024-12-26T16:05:44.397+0000] {dagbag.py:588} INFO - Filling up the DagBag from /app/dags/train_xgboost_pipeline.py
[2024-12-26T16:05:45.727+0000] {processor.py:925} INFO - DAG(s) 'train_and_retrain_xgboost_pipeline' retrieved from /app/dags/train_xgboost_pipeline.py
[2024-12-26T16:05:45.844+0000] {logging_mixin.py:190} INFO - [2024-12-26T16:05:45.844+0000] {dag.py:3239} INFO - Sync 1 DAGs
[2024-12-26T16:05:45.868+0000] {logging_mixin.py:190} INFO - [2024-12-26T16:05:45.867+0000] {dag.py:4180} INFO - Setting next_dagrun for train_and_retrain_xgboost_pipeline to 2024-12-26 17:00:00+00:00, run_after=2024-12-26 18:00:00+00:00
[2024-12-26T16:05:45.891+0000] {processor.py:208} INFO - Processing /app/dags/train_xgboost_pipeline.py took 1.504 seconds
[2024-12-26T16:06:16.088+0000] {processor.py:186} INFO - Started process (PID=1124) to work on /app/dags/train_xgboost_pipeline.py
[2024-12-26T16:06:16.090+0000] {processor.py:914} INFO - Processing file /app/dags/train_xgboost_pipeline.py for tasks to queue
[2024-12-26T16:06:16.093+0000] {logging_mixin.py:190} INFO - [2024-12-26T16:06:16.092+0000] {dagbag.py:588} INFO - Filling up the DagBag from /app/dags/train_xgboost_pipeline.py
[2024-12-26T16:06:17.240+0000] {processor.py:925} INFO - DAG(s) 'train_and_retrain_xgboost_pipeline' retrieved from /app/dags/train_xgboost_pipeline.py
[2024-12-26T16:06:17.352+0000] {logging_mixin.py:190} INFO - [2024-12-26T16:06:17.351+0000] {dag.py:3239} INFO - Sync 1 DAGs
[2024-12-26T16:06:17.375+0000] {logging_mixin.py:190} INFO - [2024-12-26T16:06:17.375+0000] {dag.py:4180} INFO - Setting next_dagrun for train_and_retrain_xgboost_pipeline to 2024-12-26 17:00:00+00:00, run_after=2024-12-26 18:00:00+00:00
[2024-12-26T16:06:17.399+0000] {processor.py:208} INFO - Processing /app/dags/train_xgboost_pipeline.py took 1.318 seconds
[2024-12-26T16:06:47.661+0000] {processor.py:186} INFO - Started process (PID=1143) to work on /app/dags/train_xgboost_pipeline.py
[2024-12-26T16:06:47.662+0000] {processor.py:914} INFO - Processing file /app/dags/train_xgboost_pipeline.py for tasks to queue
[2024-12-26T16:06:47.663+0000] {logging_mixin.py:190} INFO - [2024-12-26T16:06:47.663+0000] {dagbag.py:588} INFO - Filling up the DagBag from /app/dags/train_xgboost_pipeline.py
[2024-12-26T16:06:48.729+0000] {processor.py:925} INFO - DAG(s) 'train_and_retrain_xgboost_pipeline' retrieved from /app/dags/train_xgboost_pipeline.py
[2024-12-26T16:06:48.824+0000] {logging_mixin.py:190} INFO - [2024-12-26T16:06:48.823+0000] {dag.py:3239} INFO - Sync 1 DAGs
[2024-12-26T16:06:48.845+0000] {logging_mixin.py:190} INFO - [2024-12-26T16:06:48.844+0000] {dag.py:4180} INFO - Setting next_dagrun for train_and_retrain_xgboost_pipeline to 2024-12-26 17:00:00+00:00, run_after=2024-12-26 18:00:00+00:00
[2024-12-26T16:06:48.861+0000] {processor.py:208} INFO - Processing /app/dags/train_xgboost_pipeline.py took 1.205 seconds
[2024-12-26T16:07:19.135+0000] {processor.py:186} INFO - Started process (PID=1162) to work on /app/dags/train_xgboost_pipeline.py
[2024-12-26T16:07:19.136+0000] {processor.py:914} INFO - Processing file /app/dags/train_xgboost_pipeline.py for tasks to queue
[2024-12-26T16:07:19.138+0000] {logging_mixin.py:190} INFO - [2024-12-26T16:07:19.138+0000] {dagbag.py:588} INFO - Filling up the DagBag from /app/dags/train_xgboost_pipeline.py
[2024-12-26T16:07:20.276+0000] {processor.py:925} INFO - DAG(s) 'train_and_retrain_xgboost_pipeline' retrieved from /app/dags/train_xgboost_pipeline.py
[2024-12-26T16:07:20.378+0000] {logging_mixin.py:190} INFO - [2024-12-26T16:07:20.378+0000] {dag.py:3239} INFO - Sync 1 DAGs
[2024-12-26T16:07:20.399+0000] {logging_mixin.py:190} INFO - [2024-12-26T16:07:20.398+0000] {dag.py:4180} INFO - Setting next_dagrun for train_and_retrain_xgboost_pipeline to 2024-12-26 17:00:00+00:00, run_after=2024-12-26 18:00:00+00:00
[2024-12-26T16:07:20.426+0000] {processor.py:208} INFO - Processing /app/dags/train_xgboost_pipeline.py took 1.298 seconds
[2024-12-26T16:07:50.681+0000] {processor.py:186} INFO - Started process (PID=1181) to work on /app/dags/train_xgboost_pipeline.py
[2024-12-26T16:07:50.682+0000] {processor.py:914} INFO - Processing file /app/dags/train_xgboost_pipeline.py for tasks to queue
[2024-12-26T16:07:50.683+0000] {logging_mixin.py:190} INFO - [2024-12-26T16:07:50.683+0000] {dagbag.py:588} INFO - Filling up the DagBag from /app/dags/train_xgboost_pipeline.py
[2024-12-26T16:07:51.744+0000] {processor.py:925} INFO - DAG(s) 'train_and_retrain_xgboost_pipeline' retrieved from /app/dags/train_xgboost_pipeline.py
[2024-12-26T16:07:51.842+0000] {logging_mixin.py:190} INFO - [2024-12-26T16:07:51.841+0000] {dag.py:3239} INFO - Sync 1 DAGs
[2024-12-26T16:07:51.862+0000] {logging_mixin.py:190} INFO - [2024-12-26T16:07:51.862+0000] {dag.py:4180} INFO - Setting next_dagrun for train_and_retrain_xgboost_pipeline to 2024-12-26 17:00:00+00:00, run_after=2024-12-26 18:00:00+00:00
[2024-12-26T16:07:51.879+0000] {processor.py:208} INFO - Processing /app/dags/train_xgboost_pipeline.py took 1.205 seconds
[2024-12-26T16:08:22.123+0000] {processor.py:186} INFO - Started process (PID=1200) to work on /app/dags/train_xgboost_pipeline.py
[2024-12-26T16:08:22.124+0000] {processor.py:914} INFO - Processing file /app/dags/train_xgboost_pipeline.py for tasks to queue
[2024-12-26T16:08:22.126+0000] {logging_mixin.py:190} INFO - [2024-12-26T16:08:22.126+0000] {dagbag.py:588} INFO - Filling up the DagBag from /app/dags/train_xgboost_pipeline.py
[2024-12-26T16:08:23.233+0000] {processor.py:925} INFO - DAG(s) 'train_and_retrain_xgboost_pipeline' retrieved from /app/dags/train_xgboost_pipeline.py
[2024-12-26T16:08:23.332+0000] {logging_mixin.py:190} INFO - [2024-12-26T16:08:23.332+0000] {dag.py:3239} INFO - Sync 1 DAGs
[2024-12-26T16:08:23.350+0000] {logging_mixin.py:190} INFO - [2024-12-26T16:08:23.350+0000] {dag.py:4180} INFO - Setting next_dagrun for train_and_retrain_xgboost_pipeline to 2024-12-26 17:00:00+00:00, run_after=2024-12-26 18:00:00+00:00
[2024-12-26T16:08:23.374+0000] {processor.py:208} INFO - Processing /app/dags/train_xgboost_pipeline.py took 1.259 seconds
[2024-12-26T16:08:53.535+0000] {processor.py:186} INFO - Started process (PID=1219) to work on /app/dags/train_xgboost_pipeline.py
[2024-12-26T16:08:53.536+0000] {processor.py:914} INFO - Processing file /app/dags/train_xgboost_pipeline.py for tasks to queue
[2024-12-26T16:08:53.537+0000] {logging_mixin.py:190} INFO - [2024-12-26T16:08:53.537+0000] {dagbag.py:588} INFO - Filling up the DagBag from /app/dags/train_xgboost_pipeline.py
[2024-12-26T16:08:54.874+0000] {processor.py:925} INFO - DAG(s) 'train_and_retrain_xgboost_pipeline' retrieved from /app/dags/train_xgboost_pipeline.py
[2024-12-26T16:08:54.984+0000] {logging_mixin.py:190} INFO - [2024-12-26T16:08:54.984+0000] {dag.py:3239} INFO - Sync 1 DAGs
[2024-12-26T16:08:55.006+0000] {logging_mixin.py:190} INFO - [2024-12-26T16:08:55.006+0000] {dag.py:4180} INFO - Setting next_dagrun for train_and_retrain_xgboost_pipeline to 2024-12-26 17:00:00+00:00, run_after=2024-12-26 18:00:00+00:00
[2024-12-26T16:08:55.026+0000] {processor.py:208} INFO - Processing /app/dags/train_xgboost_pipeline.py took 1.499 seconds
[2024-12-26T16:09:25.470+0000] {processor.py:186} INFO - Started process (PID=1238) to work on /app/dags/train_xgboost_pipeline.py
[2024-12-26T16:09:25.471+0000] {processor.py:914} INFO - Processing file /app/dags/train_xgboost_pipeline.py for tasks to queue
[2024-12-26T16:09:25.472+0000] {logging_mixin.py:190} INFO - [2024-12-26T16:09:25.472+0000] {dagbag.py:588} INFO - Filling up the DagBag from /app/dags/train_xgboost_pipeline.py
[2024-12-26T16:09:26.565+0000] {processor.py:925} INFO - DAG(s) 'train_and_retrain_xgboost_pipeline' retrieved from /app/dags/train_xgboost_pipeline.py
[2024-12-26T16:09:26.663+0000] {logging_mixin.py:190} INFO - [2024-12-26T16:09:26.662+0000] {dag.py:3239} INFO - Sync 1 DAGs
[2024-12-26T16:09:26.682+0000] {logging_mixin.py:190} INFO - [2024-12-26T16:09:26.682+0000] {dag.py:4180} INFO - Setting next_dagrun for train_and_retrain_xgboost_pipeline to 2024-12-26 17:00:00+00:00, run_after=2024-12-26 18:00:00+00:00
[2024-12-26T16:09:26.702+0000] {processor.py:208} INFO - Processing /app/dags/train_xgboost_pipeline.py took 1.240 seconds
[2024-12-26T16:09:56.769+0000] {processor.py:186} INFO - Started process (PID=1257) to work on /app/dags/train_xgboost_pipeline.py
[2024-12-26T16:09:56.770+0000] {processor.py:914} INFO - Processing file /app/dags/train_xgboost_pipeline.py for tasks to queue
[2024-12-26T16:09:56.772+0000] {logging_mixin.py:190} INFO - [2024-12-26T16:09:56.772+0000] {dagbag.py:588} INFO - Filling up the DagBag from /app/dags/train_xgboost_pipeline.py
[2024-12-26T16:09:57.845+0000] {processor.py:925} INFO - DAG(s) 'train_and_retrain_xgboost_pipeline' retrieved from /app/dags/train_xgboost_pipeline.py
[2024-12-26T16:09:57.943+0000] {logging_mixin.py:190} INFO - [2024-12-26T16:09:57.943+0000] {dag.py:3239} INFO - Sync 1 DAGs
[2024-12-26T16:09:57.965+0000] {logging_mixin.py:190} INFO - [2024-12-26T16:09:57.965+0000] {dag.py:4180} INFO - Setting next_dagrun for train_and_retrain_xgboost_pipeline to 2024-12-26 17:00:00+00:00, run_after=2024-12-26 18:00:00+00:00
[2024-12-26T16:09:57.983+0000] {processor.py:208} INFO - Processing /app/dags/train_xgboost_pipeline.py took 1.222 seconds
[2024-12-26T16:10:28.175+0000] {processor.py:186} INFO - Started process (PID=1276) to work on /app/dags/train_xgboost_pipeline.py
[2024-12-26T16:10:28.176+0000] {processor.py:914} INFO - Processing file /app/dags/train_xgboost_pipeline.py for tasks to queue
[2024-12-26T16:10:28.177+0000] {logging_mixin.py:190} INFO - [2024-12-26T16:10:28.177+0000] {dagbag.py:588} INFO - Filling up the DagBag from /app/dags/train_xgboost_pipeline.py
[2024-12-26T16:10:29.251+0000] {processor.py:925} INFO - DAG(s) 'train_and_retrain_xgboost_pipeline' retrieved from /app/dags/train_xgboost_pipeline.py
[2024-12-26T16:10:29.347+0000] {logging_mixin.py:190} INFO - [2024-12-26T16:10:29.347+0000] {dag.py:3239} INFO - Sync 1 DAGs
[2024-12-26T16:10:29.367+0000] {logging_mixin.py:190} INFO - [2024-12-26T16:10:29.366+0000] {dag.py:4180} INFO - Setting next_dagrun for train_and_retrain_xgboost_pipeline to 2024-12-26 17:00:00+00:00, run_after=2024-12-26 18:00:00+00:00
[2024-12-26T16:10:29.392+0000] {processor.py:208} INFO - Processing /app/dags/train_xgboost_pipeline.py took 1.223 seconds
[2024-12-26T16:10:59.665+0000] {processor.py:186} INFO - Started process (PID=1295) to work on /app/dags/train_xgboost_pipeline.py
[2024-12-26T16:10:59.667+0000] {processor.py:914} INFO - Processing file /app/dags/train_xgboost_pipeline.py for tasks to queue
[2024-12-26T16:10:59.668+0000] {logging_mixin.py:190} INFO - [2024-12-26T16:10:59.668+0000] {dagbag.py:588} INFO - Filling up the DagBag from /app/dags/train_xgboost_pipeline.py
[2024-12-26T16:11:00.945+0000] {processor.py:925} INFO - DAG(s) 'train_and_retrain_xgboost_pipeline' retrieved from /app/dags/train_xgboost_pipeline.py
[2024-12-26T16:11:01.054+0000] {logging_mixin.py:190} INFO - [2024-12-26T16:11:01.053+0000] {dag.py:3239} INFO - Sync 1 DAGs
[2024-12-26T16:11:01.075+0000] {logging_mixin.py:190} INFO - [2024-12-26T16:11:01.075+0000] {dag.py:4180} INFO - Setting next_dagrun for train_and_retrain_xgboost_pipeline to 2024-12-26 17:00:00+00:00, run_after=2024-12-26 18:00:00+00:00
[2024-12-26T16:11:01.100+0000] {processor.py:208} INFO - Processing /app/dags/train_xgboost_pipeline.py took 1.443 seconds
[2024-12-26T16:11:31.421+0000] {processor.py:186} INFO - Started process (PID=1314) to work on /app/dags/train_xgboost_pipeline.py
[2024-12-26T16:11:31.422+0000] {processor.py:914} INFO - Processing file /app/dags/train_xgboost_pipeline.py for tasks to queue
[2024-12-26T16:11:31.426+0000] {logging_mixin.py:190} INFO - [2024-12-26T16:11:31.425+0000] {dagbag.py:588} INFO - Filling up the DagBag from /app/dags/train_xgboost_pipeline.py
[2024-12-26T16:11:34.313+0000] {processor.py:925} INFO - DAG(s) 'train_and_retrain_xgboost_pipeline' retrieved from /app/dags/train_xgboost_pipeline.py
[2024-12-26T16:11:34.518+0000] {logging_mixin.py:190} INFO - [2024-12-26T16:11:34.518+0000] {dag.py:3239} INFO - Sync 1 DAGs
[2024-12-26T16:11:34.547+0000] {logging_mixin.py:190} INFO - [2024-12-26T16:11:34.546+0000] {dag.py:4180} INFO - Setting next_dagrun for train_and_retrain_xgboost_pipeline to 2024-12-26 17:00:00+00:00, run_after=2024-12-26 18:00:00+00:00
[2024-12-26T16:11:34.577+0000] {processor.py:208} INFO - Processing /app/dags/train_xgboost_pipeline.py took 3.171 seconds
[2024-12-26T16:12:04.810+0000] {processor.py:186} INFO - Started process (PID=1333) to work on /app/dags/train_xgboost_pipeline.py
[2024-12-26T16:12:04.812+0000] {processor.py:914} INFO - Processing file /app/dags/train_xgboost_pipeline.py for tasks to queue
[2024-12-26T16:12:04.814+0000] {logging_mixin.py:190} INFO - [2024-12-26T16:12:04.814+0000] {dagbag.py:588} INFO - Filling up the DagBag from /app/dags/train_xgboost_pipeline.py
[2024-12-26T16:12:06.008+0000] {processor.py:925} INFO - DAG(s) 'train_and_retrain_xgboost_pipeline' retrieved from /app/dags/train_xgboost_pipeline.py
[2024-12-26T16:12:06.140+0000] {logging_mixin.py:190} INFO - [2024-12-26T16:12:06.139+0000] {dag.py:3239} INFO - Sync 1 DAGs
[2024-12-26T16:12:06.175+0000] {logging_mixin.py:190} INFO - [2024-12-26T16:12:06.174+0000] {dag.py:4180} INFO - Setting next_dagrun for train_and_retrain_xgboost_pipeline to 2024-12-26 17:00:00+00:00, run_after=2024-12-26 18:00:00+00:00
[2024-12-26T16:12:06.203+0000] {processor.py:208} INFO - Processing /app/dags/train_xgboost_pipeline.py took 1.401 seconds
[2024-12-26T16:12:36.578+0000] {processor.py:186} INFO - Started process (PID=1352) to work on /app/dags/train_xgboost_pipeline.py
[2024-12-26T16:12:36.579+0000] {processor.py:914} INFO - Processing file /app/dags/train_xgboost_pipeline.py for tasks to queue
[2024-12-26T16:12:36.581+0000] {logging_mixin.py:190} INFO - [2024-12-26T16:12:36.581+0000] {dagbag.py:588} INFO - Filling up the DagBag from /app/dags/train_xgboost_pipeline.py
[2024-12-26T16:12:37.724+0000] {processor.py:925} INFO - DAG(s) 'train_and_retrain_xgboost_pipeline' retrieved from /app/dags/train_xgboost_pipeline.py
[2024-12-26T16:12:37.823+0000] {logging_mixin.py:190} INFO - [2024-12-26T16:12:37.823+0000] {dag.py:3239} INFO - Sync 1 DAGs
[2024-12-26T16:12:37.844+0000] {logging_mixin.py:190} INFO - [2024-12-26T16:12:37.844+0000] {dag.py:4180} INFO - Setting next_dagrun for train_and_retrain_xgboost_pipeline to 2024-12-26 17:00:00+00:00, run_after=2024-12-26 18:00:00+00:00
[2024-12-26T16:12:37.861+0000] {processor.py:208} INFO - Processing /app/dags/train_xgboost_pipeline.py took 1.292 seconds
[2024-12-26T16:13:08.166+0000] {processor.py:186} INFO - Started process (PID=1371) to work on /app/dags/train_xgboost_pipeline.py
[2024-12-26T16:13:08.168+0000] {processor.py:914} INFO - Processing file /app/dags/train_xgboost_pipeline.py for tasks to queue
[2024-12-26T16:13:08.169+0000] {logging_mixin.py:190} INFO - [2024-12-26T16:13:08.169+0000] {dagbag.py:588} INFO - Filling up the DagBag from /app/dags/train_xgboost_pipeline.py
[2024-12-26T16:13:09.448+0000] {processor.py:925} INFO - DAG(s) 'train_and_retrain_xgboost_pipeline' retrieved from /app/dags/train_xgboost_pipeline.py
[2024-12-26T16:13:09.564+0000] {logging_mixin.py:190} INFO - [2024-12-26T16:13:09.564+0000] {dag.py:3239} INFO - Sync 1 DAGs
[2024-12-26T16:13:09.589+0000] {logging_mixin.py:190} INFO - [2024-12-26T16:13:09.589+0000] {dag.py:4180} INFO - Setting next_dagrun for train_and_retrain_xgboost_pipeline to 2024-12-26 17:00:00+00:00, run_after=2024-12-26 18:00:00+00:00
[2024-12-26T16:13:09.611+0000] {processor.py:208} INFO - Processing /app/dags/train_xgboost_pipeline.py took 1.452 seconds
[2024-12-26T16:13:40.001+0000] {processor.py:186} INFO - Started process (PID=1390) to work on /app/dags/train_xgboost_pipeline.py
[2024-12-26T16:13:40.002+0000] {processor.py:914} INFO - Processing file /app/dags/train_xgboost_pipeline.py for tasks to queue
[2024-12-26T16:13:40.004+0000] {logging_mixin.py:190} INFO - [2024-12-26T16:13:40.003+0000] {dagbag.py:588} INFO - Filling up the DagBag from /app/dags/train_xgboost_pipeline.py
[2024-12-26T16:13:41.288+0000] {processor.py:925} INFO - DAG(s) 'train_and_retrain_xgboost_pipeline' retrieved from /app/dags/train_xgboost_pipeline.py
[2024-12-26T16:13:41.413+0000] {logging_mixin.py:190} INFO - [2024-12-26T16:13:41.413+0000] {dag.py:3239} INFO - Sync 1 DAGs
[2024-12-26T16:13:41.436+0000] {logging_mixin.py:190} INFO - [2024-12-26T16:13:41.435+0000] {dag.py:4180} INFO - Setting next_dagrun for train_and_retrain_xgboost_pipeline to 2024-12-26 17:00:00+00:00, run_after=2024-12-26 18:00:00+00:00
[2024-12-26T16:13:41.456+0000] {processor.py:208} INFO - Processing /app/dags/train_xgboost_pipeline.py took 1.461 seconds
[2024-12-26T16:14:11.800+0000] {processor.py:186} INFO - Started process (PID=1409) to work on /app/dags/train_xgboost_pipeline.py
[2024-12-26T16:14:11.801+0000] {processor.py:914} INFO - Processing file /app/dags/train_xgboost_pipeline.py for tasks to queue
[2024-12-26T16:14:11.802+0000] {logging_mixin.py:190} INFO - [2024-12-26T16:14:11.802+0000] {dagbag.py:588} INFO - Filling up the DagBag from /app/dags/train_xgboost_pipeline.py
[2024-12-26T16:14:12.928+0000] {processor.py:925} INFO - DAG(s) 'train_and_retrain_xgboost_pipeline' retrieved from /app/dags/train_xgboost_pipeline.py
[2024-12-26T16:14:13.034+0000] {logging_mixin.py:190} INFO - [2024-12-26T16:14:13.034+0000] {dag.py:3239} INFO - Sync 1 DAGs
[2024-12-26T16:14:13.058+0000] {logging_mixin.py:190} INFO - [2024-12-26T16:14:13.058+0000] {dag.py:4180} INFO - Setting next_dagrun for train_and_retrain_xgboost_pipeline to 2024-12-26 17:00:00+00:00, run_after=2024-12-26 18:00:00+00:00
[2024-12-26T16:14:13.082+0000] {processor.py:208} INFO - Processing /app/dags/train_xgboost_pipeline.py took 1.290 seconds
[2024-12-26T16:14:43.249+0000] {processor.py:186} INFO - Started process (PID=1428) to work on /app/dags/train_xgboost_pipeline.py
[2024-12-26T16:14:43.251+0000] {processor.py:914} INFO - Processing file /app/dags/train_xgboost_pipeline.py for tasks to queue
[2024-12-26T16:14:43.253+0000] {logging_mixin.py:190} INFO - [2024-12-26T16:14:43.252+0000] {dagbag.py:588} INFO - Filling up the DagBag from /app/dags/train_xgboost_pipeline.py
[2024-12-26T16:14:44.372+0000] {processor.py:925} INFO - DAG(s) 'train_and_retrain_xgboost_pipeline' retrieved from /app/dags/train_xgboost_pipeline.py
[2024-12-26T16:14:44.492+0000] {logging_mixin.py:190} INFO - [2024-12-26T16:14:44.492+0000] {dag.py:3239} INFO - Sync 1 DAGs
[2024-12-26T16:14:44.513+0000] {logging_mixin.py:190} INFO - [2024-12-26T16:14:44.512+0000] {dag.py:4180} INFO - Setting next_dagrun for train_and_retrain_xgboost_pipeline to 2024-12-26 17:00:00+00:00, run_after=2024-12-26 18:00:00+00:00
[2024-12-26T16:14:44.533+0000] {processor.py:208} INFO - Processing /app/dags/train_xgboost_pipeline.py took 1.291 seconds
[2024-12-26T16:15:14.969+0000] {processor.py:186} INFO - Started process (PID=1447) to work on /app/dags/train_xgboost_pipeline.py
[2024-12-26T16:15:14.970+0000] {processor.py:914} INFO - Processing file /app/dags/train_xgboost_pipeline.py for tasks to queue
[2024-12-26T16:15:14.972+0000] {logging_mixin.py:190} INFO - [2024-12-26T16:15:14.971+0000] {dagbag.py:588} INFO - Filling up the DagBag from /app/dags/train_xgboost_pipeline.py
[2024-12-26T16:15:16.186+0000] {processor.py:925} INFO - DAG(s) 'train_and_retrain_xgboost_pipeline' retrieved from /app/dags/train_xgboost_pipeline.py
[2024-12-26T16:15:16.305+0000] {logging_mixin.py:190} INFO - [2024-12-26T16:15:16.304+0000] {dag.py:3239} INFO - Sync 1 DAGs
[2024-12-26T16:15:16.328+0000] {logging_mixin.py:190} INFO - [2024-12-26T16:15:16.328+0000] {dag.py:4180} INFO - Setting next_dagrun for train_and_retrain_xgboost_pipeline to 2024-12-26 17:00:00+00:00, run_after=2024-12-26 18:00:00+00:00
[2024-12-26T16:15:16.350+0000] {processor.py:208} INFO - Processing /app/dags/train_xgboost_pipeline.py took 1.388 seconds
[2024-12-26T16:15:46.691+0000] {processor.py:186} INFO - Started process (PID=1466) to work on /app/dags/train_xgboost_pipeline.py
[2024-12-26T16:15:46.693+0000] {processor.py:914} INFO - Processing file /app/dags/train_xgboost_pipeline.py for tasks to queue
[2024-12-26T16:15:46.696+0000] {logging_mixin.py:190} INFO - [2024-12-26T16:15:46.695+0000] {dagbag.py:588} INFO - Filling up the DagBag from /app/dags/train_xgboost_pipeline.py
[2024-12-26T16:15:48.123+0000] {processor.py:925} INFO - DAG(s) 'train_and_retrain_xgboost_pipeline' retrieved from /app/dags/train_xgboost_pipeline.py
[2024-12-26T16:15:48.289+0000] {logging_mixin.py:190} INFO - [2024-12-26T16:15:48.289+0000] {dag.py:3239} INFO - Sync 1 DAGs
[2024-12-26T16:15:48.349+0000] {logging_mixin.py:190} INFO - [2024-12-26T16:15:48.349+0000] {dag.py:4180} INFO - Setting next_dagrun for train_and_retrain_xgboost_pipeline to 2024-12-26 17:00:00+00:00, run_after=2024-12-26 18:00:00+00:00
[2024-12-26T16:15:48.375+0000] {processor.py:208} INFO - Processing /app/dags/train_xgboost_pipeline.py took 1.696 seconds
[2024-12-26T16:16:18.560+0000] {processor.py:186} INFO - Started process (PID=1485) to work on /app/dags/train_xgboost_pipeline.py
[2024-12-26T16:16:18.561+0000] {processor.py:914} INFO - Processing file /app/dags/train_xgboost_pipeline.py for tasks to queue
[2024-12-26T16:16:18.562+0000] {logging_mixin.py:190} INFO - [2024-12-26T16:16:18.562+0000] {dagbag.py:588} INFO - Filling up the DagBag from /app/dags/train_xgboost_pipeline.py
[2024-12-26T16:16:19.684+0000] {processor.py:925} INFO - DAG(s) 'train_and_retrain_xgboost_pipeline' retrieved from /app/dags/train_xgboost_pipeline.py
[2024-12-26T16:16:19.799+0000] {logging_mixin.py:190} INFO - [2024-12-26T16:16:19.799+0000] {dag.py:3239} INFO - Sync 1 DAGs
[2024-12-26T16:16:19.826+0000] {logging_mixin.py:190} INFO - [2024-12-26T16:16:19.826+0000] {dag.py:4180} INFO - Setting next_dagrun for train_and_retrain_xgboost_pipeline to 2024-12-26 17:00:00+00:00, run_after=2024-12-26 18:00:00+00:00
[2024-12-26T16:16:19.847+0000] {processor.py:208} INFO - Processing /app/dags/train_xgboost_pipeline.py took 1.294 seconds
[2024-12-26T16:16:50.044+0000] {processor.py:186} INFO - Started process (PID=1504) to work on /app/dags/train_xgboost_pipeline.py
[2024-12-26T16:16:50.045+0000] {processor.py:914} INFO - Processing file /app/dags/train_xgboost_pipeline.py for tasks to queue
[2024-12-26T16:16:50.046+0000] {logging_mixin.py:190} INFO - [2024-12-26T16:16:50.046+0000] {dagbag.py:588} INFO - Filling up the DagBag from /app/dags/train_xgboost_pipeline.py
[2024-12-26T16:16:51.352+0000] {processor.py:925} INFO - DAG(s) 'train_and_retrain_xgboost_pipeline' retrieved from /app/dags/train_xgboost_pipeline.py
[2024-12-26T16:16:51.459+0000] {logging_mixin.py:190} INFO - [2024-12-26T16:16:51.458+0000] {dag.py:3239} INFO - Sync 1 DAGs
[2024-12-26T16:16:51.481+0000] {logging_mixin.py:190} INFO - [2024-12-26T16:16:51.481+0000] {dag.py:4180} INFO - Setting next_dagrun for train_and_retrain_xgboost_pipeline to 2024-12-26 17:00:00+00:00, run_after=2024-12-26 18:00:00+00:00
[2024-12-26T16:16:51.503+0000] {processor.py:208} INFO - Processing /app/dags/train_xgboost_pipeline.py took 1.467 seconds
[2024-12-26T16:17:21.585+0000] {processor.py:186} INFO - Started process (PID=1523) to work on /app/dags/train_xgboost_pipeline.py
[2024-12-26T16:17:21.587+0000] {processor.py:914} INFO - Processing file /app/dags/train_xgboost_pipeline.py for tasks to queue
[2024-12-26T16:17:21.588+0000] {logging_mixin.py:190} INFO - [2024-12-26T16:17:21.588+0000] {dagbag.py:588} INFO - Filling up the DagBag from /app/dags/train_xgboost_pipeline.py
[2024-12-26T16:17:22.769+0000] {processor.py:925} INFO - DAG(s) 'train_and_retrain_xgboost_pipeline' retrieved from /app/dags/train_xgboost_pipeline.py
[2024-12-26T16:17:22.876+0000] {logging_mixin.py:190} INFO - [2024-12-26T16:17:22.876+0000] {dag.py:3239} INFO - Sync 1 DAGs
[2024-12-26T16:17:22.898+0000] {logging_mixin.py:190} INFO - [2024-12-26T16:17:22.898+0000] {dag.py:4180} INFO - Setting next_dagrun for train_and_retrain_xgboost_pipeline to 2024-12-26 17:00:00+00:00, run_after=2024-12-26 18:00:00+00:00
[2024-12-26T16:17:22.919+0000] {processor.py:208} INFO - Processing /app/dags/train_xgboost_pipeline.py took 1.341 seconds
[2024-12-26T16:17:31.713+0000] {processor.py:186} INFO - Started process (PID=1542) to work on /app/dags/train_xgboost_pipeline.py
[2024-12-26T16:17:31.715+0000] {processor.py:914} INFO - Processing file /app/dags/train_xgboost_pipeline.py for tasks to queue
[2024-12-26T16:17:31.716+0000] {logging_mixin.py:190} INFO - [2024-12-26T16:17:31.716+0000] {dagbag.py:588} INFO - Filling up the DagBag from /app/dags/train_xgboost_pipeline.py
[2024-12-26T16:17:32.817+0000] {logging_mixin.py:190} INFO - [2024-12-26T16:17:32.803+0000] {dagbag.py:387} ERROR - Failed to import: /app/dags/train_xgboost_pipeline.py
Traceback (most recent call last):
  File "/usr/local/lib/python3.10/site-packages/airflow/models/dagbag.py", line 383, in parse
    loader.exec_module(new_module)
  File "<frozen importlib._bootstrap_external>", line 883, in exec_module
  File "<frozen importlib._bootstrap>", line 241, in _call_with_frames_removed
  File "/app/dags/train_xgboost_pipeline.py", line 480, in <module>
    from evidently import ColumnMapping
ModuleNotFoundError: No module named 'evidently'
[2024-12-26T16:17:32.819+0000] {processor.py:927} WARNING - No viable dags retrieved from /app/dags/train_xgboost_pipeline.py
[2024-12-26T16:17:32.842+0000] {processor.py:208} INFO - Processing /app/dags/train_xgboost_pipeline.py took 1.137 seconds
[2024-12-26T16:18:03.231+0000] {processor.py:186} INFO - Started process (PID=1561) to work on /app/dags/train_xgboost_pipeline.py
[2024-12-26T16:18:03.233+0000] {processor.py:914} INFO - Processing file /app/dags/train_xgboost_pipeline.py for tasks to queue
[2024-12-26T16:18:03.234+0000] {logging_mixin.py:190} INFO - [2024-12-26T16:18:03.234+0000] {dagbag.py:588} INFO - Filling up the DagBag from /app/dags/train_xgboost_pipeline.py
[2024-12-26T16:18:04.303+0000] {logging_mixin.py:190} INFO - [2024-12-26T16:18:04.294+0000] {dagbag.py:387} ERROR - Failed to import: /app/dags/train_xgboost_pipeline.py
Traceback (most recent call last):
  File "/usr/local/lib/python3.10/site-packages/airflow/models/dagbag.py", line 383, in parse
    loader.exec_module(new_module)
  File "<frozen importlib._bootstrap_external>", line 883, in exec_module
  File "<frozen importlib._bootstrap>", line 241, in _call_with_frames_removed
  File "/app/dags/train_xgboost_pipeline.py", line 480, in <module>
    from evidently import ColumnMapping
ModuleNotFoundError: No module named 'evidently'
[2024-12-26T16:18:04.305+0000] {processor.py:927} WARNING - No viable dags retrieved from /app/dags/train_xgboost_pipeline.py
[2024-12-26T16:18:04.331+0000] {processor.py:208} INFO - Processing /app/dags/train_xgboost_pipeline.py took 1.107 seconds
[2024-12-26T16:18:34.846+0000] {processor.py:186} INFO - Started process (PID=1580) to work on /app/dags/train_xgboost_pipeline.py
[2024-12-26T16:18:34.847+0000] {processor.py:914} INFO - Processing file /app/dags/train_xgboost_pipeline.py for tasks to queue
[2024-12-26T16:18:34.849+0000] {logging_mixin.py:190} INFO - [2024-12-26T16:18:34.848+0000] {dagbag.py:588} INFO - Filling up the DagBag from /app/dags/train_xgboost_pipeline.py
[2024-12-26T16:18:36.099+0000] {logging_mixin.py:190} INFO - [2024-12-26T16:18:36.091+0000] {dagbag.py:387} ERROR - Failed to import: /app/dags/train_xgboost_pipeline.py
Traceback (most recent call last):
  File "/usr/local/lib/python3.10/site-packages/airflow/models/dagbag.py", line 383, in parse
    loader.exec_module(new_module)
  File "<frozen importlib._bootstrap_external>", line 883, in exec_module
  File "<frozen importlib._bootstrap>", line 241, in _call_with_frames_removed
  File "/app/dags/train_xgboost_pipeline.py", line 480, in <module>
    from evidently import ColumnMapping
ModuleNotFoundError: No module named 'evidently'
[2024-12-26T16:18:36.100+0000] {processor.py:927} WARNING - No viable dags retrieved from /app/dags/train_xgboost_pipeline.py
[2024-12-26T16:18:36.117+0000] {processor.py:208} INFO - Processing /app/dags/train_xgboost_pipeline.py took 1.277 seconds
[2024-12-26T16:19:06.432+0000] {processor.py:186} INFO - Started process (PID=1599) to work on /app/dags/train_xgboost_pipeline.py
[2024-12-26T16:19:06.433+0000] {processor.py:914} INFO - Processing file /app/dags/train_xgboost_pipeline.py for tasks to queue
[2024-12-26T16:19:06.435+0000] {logging_mixin.py:190} INFO - [2024-12-26T16:19:06.435+0000] {dagbag.py:588} INFO - Filling up the DagBag from /app/dags/train_xgboost_pipeline.py
[2024-12-26T16:19:07.625+0000] {logging_mixin.py:190} INFO - [2024-12-26T16:19:07.618+0000] {dagbag.py:387} ERROR - Failed to import: /app/dags/train_xgboost_pipeline.py
Traceback (most recent call last):
  File "/usr/local/lib/python3.10/site-packages/airflow/models/dagbag.py", line 383, in parse
    loader.exec_module(new_module)
  File "<frozen importlib._bootstrap_external>", line 883, in exec_module
  File "<frozen importlib._bootstrap>", line 241, in _call_with_frames_removed
  File "/app/dags/train_xgboost_pipeline.py", line 480, in <module>
    from evidently import ColumnMapping
ModuleNotFoundError: No module named 'evidently'
[2024-12-26T16:19:07.626+0000] {processor.py:927} WARNING - No viable dags retrieved from /app/dags/train_xgboost_pipeline.py
[2024-12-26T16:19:07.643+0000] {processor.py:208} INFO - Processing /app/dags/train_xgboost_pipeline.py took 1.220 seconds
[2024-12-26T16:19:24.676+0000] {processor.py:186} INFO - Started process (PID=1618) to work on /app/dags/train_xgboost_pipeline.py
[2024-12-26T16:19:24.677+0000] {processor.py:914} INFO - Processing file /app/dags/train_xgboost_pipeline.py for tasks to queue
[2024-12-26T16:19:24.679+0000] {logging_mixin.py:190} INFO - [2024-12-26T16:19:24.678+0000] {dagbag.py:588} INFO - Filling up the DagBag from /app/dags/train_xgboost_pipeline.py
[2024-12-26T16:19:25.865+0000] {processor.py:925} INFO - DAG(s) 'train_and_retrain_xgboost_pipeline' retrieved from /app/dags/train_xgboost_pipeline.py
[2024-12-26T16:19:26.002+0000] {logging_mixin.py:190} INFO - [2024-12-26T16:19:26.002+0000] {dag.py:3239} INFO - Sync 1 DAGs
[2024-12-26T16:19:26.028+0000] {logging_mixin.py:190} INFO - [2024-12-26T16:19:26.028+0000] {dag.py:4180} INFO - Setting next_dagrun for train_and_retrain_xgboost_pipeline to 2024-12-26 17:00:00+00:00, run_after=2024-12-26 18:00:00+00:00
[2024-12-26T16:19:26.059+0000] {processor.py:208} INFO - Processing /app/dags/train_xgboost_pipeline.py took 1.391 seconds
[2024-12-26T16:19:56.460+0000] {processor.py:186} INFO - Started process (PID=1637) to work on /app/dags/train_xgboost_pipeline.py
[2024-12-26T16:19:56.461+0000] {processor.py:914} INFO - Processing file /app/dags/train_xgboost_pipeline.py for tasks to queue
[2024-12-26T16:19:56.463+0000] {logging_mixin.py:190} INFO - [2024-12-26T16:19:56.463+0000] {dagbag.py:588} INFO - Filling up the DagBag from /app/dags/train_xgboost_pipeline.py
[2024-12-26T16:19:57.526+0000] {processor.py:925} INFO - DAG(s) 'train_and_retrain_xgboost_pipeline' retrieved from /app/dags/train_xgboost_pipeline.py
[2024-12-26T16:19:57.648+0000] {logging_mixin.py:190} INFO - [2024-12-26T16:19:57.647+0000] {dag.py:3239} INFO - Sync 1 DAGs
[2024-12-26T16:19:57.676+0000] {logging_mixin.py:190} INFO - [2024-12-26T16:19:57.675+0000] {dag.py:4180} INFO - Setting next_dagrun for train_and_retrain_xgboost_pipeline to 2024-12-26 17:00:00+00:00, run_after=2024-12-26 18:00:00+00:00
[2024-12-26T16:19:57.703+0000] {processor.py:208} INFO - Processing /app/dags/train_xgboost_pipeline.py took 1.249 seconds
[2024-12-26T16:20:28.068+0000] {processor.py:186} INFO - Started process (PID=1656) to work on /app/dags/train_xgboost_pipeline.py
[2024-12-26T16:20:28.069+0000] {processor.py:914} INFO - Processing file /app/dags/train_xgboost_pipeline.py for tasks to queue
[2024-12-26T16:20:28.071+0000] {logging_mixin.py:190} INFO - [2024-12-26T16:20:28.070+0000] {dagbag.py:588} INFO - Filling up the DagBag from /app/dags/train_xgboost_pipeline.py
[2024-12-26T16:20:29.147+0000] {processor.py:925} INFO - DAG(s) 'train_and_retrain_xgboost_pipeline' retrieved from /app/dags/train_xgboost_pipeline.py
[2024-12-26T16:20:29.246+0000] {logging_mixin.py:190} INFO - [2024-12-26T16:20:29.245+0000] {dag.py:3239} INFO - Sync 1 DAGs
[2024-12-26T16:20:29.269+0000] {logging_mixin.py:190} INFO - [2024-12-26T16:20:29.268+0000] {dag.py:4180} INFO - Setting next_dagrun for train_and_retrain_xgboost_pipeline to 2024-12-26 17:00:00+00:00, run_after=2024-12-26 18:00:00+00:00
[2024-12-26T16:20:29.290+0000] {processor.py:208} INFO - Processing /app/dags/train_xgboost_pipeline.py took 1.230 seconds
[2024-12-26T16:20:59.627+0000] {processor.py:186} INFO - Started process (PID=1675) to work on /app/dags/train_xgboost_pipeline.py
[2024-12-26T16:20:59.628+0000] {processor.py:914} INFO - Processing file /app/dags/train_xgboost_pipeline.py for tasks to queue
[2024-12-26T16:20:59.629+0000] {logging_mixin.py:190} INFO - [2024-12-26T16:20:59.629+0000] {dagbag.py:588} INFO - Filling up the DagBag from /app/dags/train_xgboost_pipeline.py
[2024-12-26T16:21:00.740+0000] {processor.py:925} INFO - DAG(s) 'train_and_retrain_xgboost_pipeline' retrieved from /app/dags/train_xgboost_pipeline.py
[2024-12-26T16:21:00.852+0000] {logging_mixin.py:190} INFO - [2024-12-26T16:21:00.852+0000] {dag.py:3239} INFO - Sync 1 DAGs
[2024-12-26T16:21:00.871+0000] {logging_mixin.py:190} INFO - [2024-12-26T16:21:00.870+0000] {dag.py:4180} INFO - Setting next_dagrun for train_and_retrain_xgboost_pipeline to 2024-12-26 17:00:00+00:00, run_after=2024-12-26 18:00:00+00:00
[2024-12-26T16:21:00.891+0000] {processor.py:208} INFO - Processing /app/dags/train_xgboost_pipeline.py took 1.271 seconds
[2024-12-26T16:21:31.253+0000] {processor.py:186} INFO - Started process (PID=1694) to work on /app/dags/train_xgboost_pipeline.py
[2024-12-26T16:21:31.254+0000] {processor.py:914} INFO - Processing file /app/dags/train_xgboost_pipeline.py for tasks to queue
[2024-12-26T16:21:31.255+0000] {logging_mixin.py:190} INFO - [2024-12-26T16:21:31.255+0000] {dagbag.py:588} INFO - Filling up the DagBag from /app/dags/train_xgboost_pipeline.py
[2024-12-26T16:21:32.327+0000] {processor.py:925} INFO - DAG(s) 'train_and_retrain_xgboost_pipeline' retrieved from /app/dags/train_xgboost_pipeline.py
[2024-12-26T16:21:32.434+0000] {logging_mixin.py:190} INFO - [2024-12-26T16:21:32.434+0000] {dag.py:3239} INFO - Sync 1 DAGs
[2024-12-26T16:21:32.457+0000] {logging_mixin.py:190} INFO - [2024-12-26T16:21:32.457+0000] {dag.py:4180} INFO - Setting next_dagrun for train_and_retrain_xgboost_pipeline to 2024-12-26 17:00:00+00:00, run_after=2024-12-26 18:00:00+00:00
[2024-12-26T16:21:32.474+0000] {processor.py:208} INFO - Processing /app/dags/train_xgboost_pipeline.py took 1.229 seconds
[2024-12-26T16:22:02.921+0000] {processor.py:186} INFO - Started process (PID=1713) to work on /app/dags/train_xgboost_pipeline.py
[2024-12-26T16:22:02.922+0000] {processor.py:914} INFO - Processing file /app/dags/train_xgboost_pipeline.py for tasks to queue
[2024-12-26T16:22:02.923+0000] {logging_mixin.py:190} INFO - [2024-12-26T16:22:02.923+0000] {dagbag.py:588} INFO - Filling up the DagBag from /app/dags/train_xgboost_pipeline.py
[2024-12-26T16:22:03.986+0000] {processor.py:925} INFO - DAG(s) 'train_and_retrain_xgboost_pipeline' retrieved from /app/dags/train_xgboost_pipeline.py
[2024-12-26T16:22:04.095+0000] {logging_mixin.py:190} INFO - [2024-12-26T16:22:04.095+0000] {dag.py:3239} INFO - Sync 1 DAGs
[2024-12-26T16:22:04.117+0000] {logging_mixin.py:190} INFO - [2024-12-26T16:22:04.117+0000] {dag.py:4180} INFO - Setting next_dagrun for train_and_retrain_xgboost_pipeline to 2024-12-26 17:00:00+00:00, run_after=2024-12-26 18:00:00+00:00
[2024-12-26T16:22:04.137+0000] {processor.py:208} INFO - Processing /app/dags/train_xgboost_pipeline.py took 1.223 seconds
[2024-12-26T16:22:34.397+0000] {processor.py:186} INFO - Started process (PID=1732) to work on /app/dags/train_xgboost_pipeline.py
[2024-12-26T16:22:34.398+0000] {processor.py:914} INFO - Processing file /app/dags/train_xgboost_pipeline.py for tasks to queue
[2024-12-26T16:22:34.400+0000] {logging_mixin.py:190} INFO - [2024-12-26T16:22:34.399+0000] {dagbag.py:588} INFO - Filling up the DagBag from /app/dags/train_xgboost_pipeline.py
[2024-12-26T16:22:35.477+0000] {processor.py:925} INFO - DAG(s) 'train_and_retrain_xgboost_pipeline' retrieved from /app/dags/train_xgboost_pipeline.py
[2024-12-26T16:22:35.587+0000] {logging_mixin.py:190} INFO - [2024-12-26T16:22:35.586+0000] {dag.py:3239} INFO - Sync 1 DAGs
[2024-12-26T16:22:35.607+0000] {logging_mixin.py:190} INFO - [2024-12-26T16:22:35.607+0000] {dag.py:4180} INFO - Setting next_dagrun for train_and_retrain_xgboost_pipeline to 2024-12-26 17:00:00+00:00, run_after=2024-12-26 18:00:00+00:00
[2024-12-26T16:22:35.630+0000] {processor.py:208} INFO - Processing /app/dags/train_xgboost_pipeline.py took 1.241 seconds
[2024-12-26T16:23:05.997+0000] {processor.py:186} INFO - Started process (PID=1751) to work on /app/dags/train_xgboost_pipeline.py
[2024-12-26T16:23:05.998+0000] {processor.py:914} INFO - Processing file /app/dags/train_xgboost_pipeline.py for tasks to queue
[2024-12-26T16:23:05.999+0000] {logging_mixin.py:190} INFO - [2024-12-26T16:23:05.999+0000] {dagbag.py:588} INFO - Filling up the DagBag from /app/dags/train_xgboost_pipeline.py
[2024-12-26T16:23:07.094+0000] {processor.py:925} INFO - DAG(s) 'train_and_retrain_xgboost_pipeline' retrieved from /app/dags/train_xgboost_pipeline.py
[2024-12-26T16:23:07.194+0000] {logging_mixin.py:190} INFO - [2024-12-26T16:23:07.194+0000] {dag.py:3239} INFO - Sync 1 DAGs
[2024-12-26T16:23:07.216+0000] {logging_mixin.py:190} INFO - [2024-12-26T16:23:07.216+0000] {dag.py:4180} INFO - Setting next_dagrun for train_and_retrain_xgboost_pipeline to 2024-12-26 17:00:00+00:00, run_after=2024-12-26 18:00:00+00:00
[2024-12-26T16:23:07.237+0000] {processor.py:208} INFO - Processing /app/dags/train_xgboost_pipeline.py took 1.247 seconds
[2024-12-26T16:23:37.517+0000] {processor.py:186} INFO - Started process (PID=1770) to work on /app/dags/train_xgboost_pipeline.py
[2024-12-26T16:23:37.518+0000] {processor.py:914} INFO - Processing file /app/dags/train_xgboost_pipeline.py for tasks to queue
[2024-12-26T16:23:37.520+0000] {logging_mixin.py:190} INFO - [2024-12-26T16:23:37.519+0000] {dagbag.py:588} INFO - Filling up the DagBag from /app/dags/train_xgboost_pipeline.py
[2024-12-26T16:23:38.597+0000] {processor.py:925} INFO - DAG(s) 'train_and_retrain_xgboost_pipeline' retrieved from /app/dags/train_xgboost_pipeline.py
[2024-12-26T16:23:38.691+0000] {logging_mixin.py:190} INFO - [2024-12-26T16:23:38.691+0000] {dag.py:3239} INFO - Sync 1 DAGs
[2024-12-26T16:23:38.711+0000] {logging_mixin.py:190} INFO - [2024-12-26T16:23:38.711+0000] {dag.py:4180} INFO - Setting next_dagrun for train_and_retrain_xgboost_pipeline to 2024-12-26 17:00:00+00:00, run_after=2024-12-26 18:00:00+00:00
[2024-12-26T16:23:38.728+0000] {processor.py:208} INFO - Processing /app/dags/train_xgboost_pipeline.py took 1.218 seconds
[2024-12-26T16:24:08.918+0000] {processor.py:186} INFO - Started process (PID=1789) to work on /app/dags/train_xgboost_pipeline.py
[2024-12-26T16:24:08.919+0000] {processor.py:914} INFO - Processing file /app/dags/train_xgboost_pipeline.py for tasks to queue
[2024-12-26T16:24:08.920+0000] {logging_mixin.py:190} INFO - [2024-12-26T16:24:08.920+0000] {dagbag.py:588} INFO - Filling up the DagBag from /app/dags/train_xgboost_pipeline.py
[2024-12-26T16:24:09.972+0000] {processor.py:925} INFO - DAG(s) 'train_and_retrain_xgboost_pipeline' retrieved from /app/dags/train_xgboost_pipeline.py
[2024-12-26T16:24:10.070+0000] {logging_mixin.py:190} INFO - [2024-12-26T16:24:10.070+0000] {dag.py:3239} INFO - Sync 1 DAGs
[2024-12-26T16:24:10.090+0000] {logging_mixin.py:190} INFO - [2024-12-26T16:24:10.090+0000] {dag.py:4180} INFO - Setting next_dagrun for train_and_retrain_xgboost_pipeline to 2024-12-26 17:00:00+00:00, run_after=2024-12-26 18:00:00+00:00
[2024-12-26T16:24:10.107+0000] {processor.py:208} INFO - Processing /app/dags/train_xgboost_pipeline.py took 1.195 seconds
[2024-12-26T16:24:40.296+0000] {processor.py:186} INFO - Started process (PID=1808) to work on /app/dags/train_xgboost_pipeline.py
[2024-12-26T16:24:40.297+0000] {processor.py:914} INFO - Processing file /app/dags/train_xgboost_pipeline.py for tasks to queue
[2024-12-26T16:24:40.298+0000] {logging_mixin.py:190} INFO - [2024-12-26T16:24:40.298+0000] {dagbag.py:588} INFO - Filling up the DagBag from /app/dags/train_xgboost_pipeline.py
[2024-12-26T16:24:41.436+0000] {processor.py:925} INFO - DAG(s) 'train_and_retrain_xgboost_pipeline' retrieved from /app/dags/train_xgboost_pipeline.py
[2024-12-26T16:24:41.544+0000] {logging_mixin.py:190} INFO - [2024-12-26T16:24:41.544+0000] {dag.py:3239} INFO - Sync 1 DAGs
[2024-12-26T16:24:41.566+0000] {logging_mixin.py:190} INFO - [2024-12-26T16:24:41.566+0000] {dag.py:4180} INFO - Setting next_dagrun for train_and_retrain_xgboost_pipeline to 2024-12-26 17:00:00+00:00, run_after=2024-12-26 18:00:00+00:00
[2024-12-26T16:24:41.585+0000] {processor.py:208} INFO - Processing /app/dags/train_xgboost_pipeline.py took 1.296 seconds
[2024-12-26T16:25:11.810+0000] {processor.py:186} INFO - Started process (PID=1827) to work on /app/dags/train_xgboost_pipeline.py
[2024-12-26T16:25:11.811+0000] {processor.py:914} INFO - Processing file /app/dags/train_xgboost_pipeline.py for tasks to queue
[2024-12-26T16:25:11.812+0000] {logging_mixin.py:190} INFO - [2024-12-26T16:25:11.812+0000] {dagbag.py:588} INFO - Filling up the DagBag from /app/dags/train_xgboost_pipeline.py
[2024-12-26T16:25:12.903+0000] {processor.py:925} INFO - DAG(s) 'train_and_retrain_xgboost_pipeline' retrieved from /app/dags/train_xgboost_pipeline.py
[2024-12-26T16:25:13.013+0000] {logging_mixin.py:190} INFO - [2024-12-26T16:25:13.012+0000] {dag.py:3239} INFO - Sync 1 DAGs
[2024-12-26T16:25:13.037+0000] {logging_mixin.py:190} INFO - [2024-12-26T16:25:13.037+0000] {dag.py:4180} INFO - Setting next_dagrun for train_and_retrain_xgboost_pipeline to 2024-12-26 17:00:00+00:00, run_after=2024-12-26 18:00:00+00:00
[2024-12-26T16:25:13.061+0000] {processor.py:208} INFO - Processing /app/dags/train_xgboost_pipeline.py took 1.258 seconds
[2024-12-26T16:25:43.294+0000] {processor.py:186} INFO - Started process (PID=1846) to work on /app/dags/train_xgboost_pipeline.py
[2024-12-26T16:25:43.295+0000] {processor.py:914} INFO - Processing file /app/dags/train_xgboost_pipeline.py for tasks to queue
[2024-12-26T16:25:43.296+0000] {logging_mixin.py:190} INFO - [2024-12-26T16:25:43.296+0000] {dagbag.py:588} INFO - Filling up the DagBag from /app/dags/train_xgboost_pipeline.py
[2024-12-26T16:25:44.394+0000] {processor.py:925} INFO - DAG(s) 'train_and_retrain_xgboost_pipeline' retrieved from /app/dags/train_xgboost_pipeline.py
[2024-12-26T16:25:44.489+0000] {logging_mixin.py:190} INFO - [2024-12-26T16:25:44.489+0000] {dag.py:3239} INFO - Sync 1 DAGs
[2024-12-26T16:25:44.509+0000] {logging_mixin.py:190} INFO - [2024-12-26T16:25:44.509+0000] {dag.py:4180} INFO - Setting next_dagrun for train_and_retrain_xgboost_pipeline to 2024-12-26 17:00:00+00:00, run_after=2024-12-26 18:00:00+00:00
[2024-12-26T16:25:44.527+0000] {processor.py:208} INFO - Processing /app/dags/train_xgboost_pipeline.py took 1.250 seconds
[2024-12-26T16:26:14.722+0000] {processor.py:186} INFO - Started process (PID=1865) to work on /app/dags/train_xgboost_pipeline.py
[2024-12-26T16:26:14.723+0000] {processor.py:914} INFO - Processing file /app/dags/train_xgboost_pipeline.py for tasks to queue
[2024-12-26T16:26:14.724+0000] {logging_mixin.py:190} INFO - [2024-12-26T16:26:14.724+0000] {dagbag.py:588} INFO - Filling up the DagBag from /app/dags/train_xgboost_pipeline.py
[2024-12-26T16:26:15.772+0000] {processor.py:925} INFO - DAG(s) 'train_and_retrain_xgboost_pipeline' retrieved from /app/dags/train_xgboost_pipeline.py
[2024-12-26T16:26:15.867+0000] {logging_mixin.py:190} INFO - [2024-12-26T16:26:15.867+0000] {dag.py:3239} INFO - Sync 1 DAGs
[2024-12-26T16:26:15.887+0000] {logging_mixin.py:190} INFO - [2024-12-26T16:26:15.887+0000] {dag.py:4180} INFO - Setting next_dagrun for train_and_retrain_xgboost_pipeline to 2024-12-26 17:00:00+00:00, run_after=2024-12-26 18:00:00+00:00
[2024-12-26T16:26:15.904+0000] {processor.py:208} INFO - Processing /app/dags/train_xgboost_pipeline.py took 1.189 seconds
[2024-12-26T16:26:46.058+0000] {processor.py:186} INFO - Started process (PID=1884) to work on /app/dags/train_xgboost_pipeline.py
[2024-12-26T16:26:46.060+0000] {processor.py:914} INFO - Processing file /app/dags/train_xgboost_pipeline.py for tasks to queue
[2024-12-26T16:26:46.061+0000] {logging_mixin.py:190} INFO - [2024-12-26T16:26:46.061+0000] {dagbag.py:588} INFO - Filling up the DagBag from /app/dags/train_xgboost_pipeline.py
[2024-12-26T16:26:47.154+0000] {processor.py:925} INFO - DAG(s) 'train_and_retrain_xgboost_pipeline' retrieved from /app/dags/train_xgboost_pipeline.py
[2024-12-26T16:26:47.264+0000] {logging_mixin.py:190} INFO - [2024-12-26T16:26:47.264+0000] {dag.py:3239} INFO - Sync 1 DAGs
[2024-12-26T16:26:47.285+0000] {logging_mixin.py:190} INFO - [2024-12-26T16:26:47.285+0000] {dag.py:4180} INFO - Setting next_dagrun for train_and_retrain_xgboost_pipeline to 2024-12-26 17:00:00+00:00, run_after=2024-12-26 18:00:00+00:00
[2024-12-26T16:26:47.307+0000] {processor.py:208} INFO - Processing /app/dags/train_xgboost_pipeline.py took 1.257 seconds
[2024-12-26T16:27:17.829+0000] {processor.py:186} INFO - Started process (PID=1903) to work on /app/dags/train_xgboost_pipeline.py
[2024-12-26T16:27:17.830+0000] {processor.py:914} INFO - Processing file /app/dags/train_xgboost_pipeline.py for tasks to queue
[2024-12-26T16:27:17.832+0000] {logging_mixin.py:190} INFO - [2024-12-26T16:27:17.831+0000] {dagbag.py:588} INFO - Filling up the DagBag from /app/dags/train_xgboost_pipeline.py
[2024-12-26T16:27:18.887+0000] {processor.py:925} INFO - DAG(s) 'train_and_retrain_xgboost_pipeline' retrieved from /app/dags/train_xgboost_pipeline.py
[2024-12-26T16:27:18.991+0000] {logging_mixin.py:190} INFO - [2024-12-26T16:27:18.991+0000] {dag.py:3239} INFO - Sync 1 DAGs
[2024-12-26T16:27:19.010+0000] {logging_mixin.py:190} INFO - [2024-12-26T16:27:19.010+0000] {dag.py:4180} INFO - Setting next_dagrun for train_and_retrain_xgboost_pipeline to 2024-12-26 17:00:00+00:00, run_after=2024-12-26 18:00:00+00:00
[2024-12-26T16:27:19.032+0000] {processor.py:208} INFO - Processing /app/dags/train_xgboost_pipeline.py took 1.210 seconds
[2024-12-26T16:27:49.246+0000] {processor.py:186} INFO - Started process (PID=1922) to work on /app/dags/train_xgboost_pipeline.py
[2024-12-26T16:27:49.247+0000] {processor.py:914} INFO - Processing file /app/dags/train_xgboost_pipeline.py for tasks to queue
[2024-12-26T16:27:49.249+0000] {logging_mixin.py:190} INFO - [2024-12-26T16:27:49.248+0000] {dagbag.py:588} INFO - Filling up the DagBag from /app/dags/train_xgboost_pipeline.py
[2024-12-26T16:27:50.345+0000] {processor.py:925} INFO - DAG(s) 'train_and_retrain_xgboost_pipeline' retrieved from /app/dags/train_xgboost_pipeline.py
[2024-12-26T16:27:50.445+0000] {logging_mixin.py:190} INFO - [2024-12-26T16:27:50.445+0000] {dag.py:3239} INFO - Sync 1 DAGs
[2024-12-26T16:27:50.466+0000] {logging_mixin.py:190} INFO - [2024-12-26T16:27:50.466+0000] {dag.py:4180} INFO - Setting next_dagrun for train_and_retrain_xgboost_pipeline to 2024-12-26 17:00:00+00:00, run_after=2024-12-26 18:00:00+00:00
[2024-12-26T16:27:50.483+0000] {processor.py:208} INFO - Processing /app/dags/train_xgboost_pipeline.py took 1.244 seconds
[2024-12-26T16:28:20.991+0000] {processor.py:186} INFO - Started process (PID=1941) to work on /app/dags/train_xgboost_pipeline.py
[2024-12-26T16:28:20.993+0000] {processor.py:914} INFO - Processing file /app/dags/train_xgboost_pipeline.py for tasks to queue
[2024-12-26T16:28:20.994+0000] {logging_mixin.py:190} INFO - [2024-12-26T16:28:20.994+0000] {dagbag.py:588} INFO - Filling up the DagBag from /app/dags/train_xgboost_pipeline.py
[2024-12-26T16:28:22.097+0000] {processor.py:925} INFO - DAG(s) 'train_and_retrain_xgboost_pipeline' retrieved from /app/dags/train_xgboost_pipeline.py
[2024-12-26T16:28:22.192+0000] {logging_mixin.py:190} INFO - [2024-12-26T16:28:22.192+0000] {dag.py:3239} INFO - Sync 1 DAGs
[2024-12-26T16:28:22.210+0000] {logging_mixin.py:190} INFO - [2024-12-26T16:28:22.210+0000] {dag.py:4180} INFO - Setting next_dagrun for train_and_retrain_xgboost_pipeline to 2024-12-26 17:00:00+00:00, run_after=2024-12-26 18:00:00+00:00
[2024-12-26T16:28:22.227+0000] {processor.py:208} INFO - Processing /app/dags/train_xgboost_pipeline.py took 1.244 seconds
[2024-12-26T16:28:52.339+0000] {processor.py:186} INFO - Started process (PID=1960) to work on /app/dags/train_xgboost_pipeline.py
[2024-12-26T16:28:52.340+0000] {processor.py:914} INFO - Processing file /app/dags/train_xgboost_pipeline.py for tasks to queue
[2024-12-26T16:28:52.342+0000] {logging_mixin.py:190} INFO - [2024-12-26T16:28:52.341+0000] {dagbag.py:588} INFO - Filling up the DagBag from /app/dags/train_xgboost_pipeline.py
[2024-12-26T16:28:53.411+0000] {processor.py:925} INFO - DAG(s) 'train_and_retrain_xgboost_pipeline' retrieved from /app/dags/train_xgboost_pipeline.py
[2024-12-26T16:28:53.504+0000] {logging_mixin.py:190} INFO - [2024-12-26T16:28:53.503+0000] {dag.py:3239} INFO - Sync 1 DAGs
[2024-12-26T16:28:53.523+0000] {logging_mixin.py:190} INFO - [2024-12-26T16:28:53.523+0000] {dag.py:4180} INFO - Setting next_dagrun for train_and_retrain_xgboost_pipeline to 2024-12-26 17:00:00+00:00, run_after=2024-12-26 18:00:00+00:00
[2024-12-26T16:28:53.540+0000] {processor.py:208} INFO - Processing /app/dags/train_xgboost_pipeline.py took 1.208 seconds
[2024-12-26T16:29:23.979+0000] {processor.py:186} INFO - Started process (PID=1979) to work on /app/dags/train_xgboost_pipeline.py
[2024-12-26T16:29:23.980+0000] {processor.py:914} INFO - Processing file /app/dags/train_xgboost_pipeline.py for tasks to queue
[2024-12-26T16:29:23.981+0000] {logging_mixin.py:190} INFO - [2024-12-26T16:29:23.981+0000] {dagbag.py:588} INFO - Filling up the DagBag from /app/dags/train_xgboost_pipeline.py
[2024-12-26T16:29:25.055+0000] {processor.py:925} INFO - DAG(s) 'train_and_retrain_xgboost_pipeline' retrieved from /app/dags/train_xgboost_pipeline.py
[2024-12-26T16:29:25.155+0000] {logging_mixin.py:190} INFO - [2024-12-26T16:29:25.155+0000] {dag.py:3239} INFO - Sync 1 DAGs
[2024-12-26T16:29:25.176+0000] {logging_mixin.py:190} INFO - [2024-12-26T16:29:25.175+0000] {dag.py:4180} INFO - Setting next_dagrun for train_and_retrain_xgboost_pipeline to 2024-12-26 17:00:00+00:00, run_after=2024-12-26 18:00:00+00:00
[2024-12-26T16:29:25.194+0000] {processor.py:208} INFO - Processing /app/dags/train_xgboost_pipeline.py took 1.222 seconds
[2024-12-26T16:29:55.485+0000] {processor.py:186} INFO - Started process (PID=1998) to work on /app/dags/train_xgboost_pipeline.py
[2024-12-26T16:29:55.488+0000] {processor.py:914} INFO - Processing file /app/dags/train_xgboost_pipeline.py for tasks to queue
[2024-12-26T16:29:55.489+0000] {logging_mixin.py:190} INFO - [2024-12-26T16:29:55.489+0000] {dagbag.py:588} INFO - Filling up the DagBag from /app/dags/train_xgboost_pipeline.py
[2024-12-26T16:29:56.555+0000] {processor.py:925} INFO - DAG(s) 'train_and_retrain_xgboost_pipeline' retrieved from /app/dags/train_xgboost_pipeline.py
[2024-12-26T16:29:56.662+0000] {logging_mixin.py:190} INFO - [2024-12-26T16:29:56.661+0000] {dag.py:3239} INFO - Sync 1 DAGs
[2024-12-26T16:29:56.685+0000] {logging_mixin.py:190} INFO - [2024-12-26T16:29:56.685+0000] {dag.py:4180} INFO - Setting next_dagrun for train_and_retrain_xgboost_pipeline to 2024-12-26 17:00:00+00:00, run_after=2024-12-26 18:00:00+00:00
[2024-12-26T16:29:56.705+0000] {processor.py:208} INFO - Processing /app/dags/train_xgboost_pipeline.py took 1.227 seconds
[2024-12-26T16:30:27.028+0000] {processor.py:186} INFO - Started process (PID=2017) to work on /app/dags/train_xgboost_pipeline.py
[2024-12-26T16:30:27.030+0000] {processor.py:914} INFO - Processing file /app/dags/train_xgboost_pipeline.py for tasks to queue
[2024-12-26T16:30:27.031+0000] {logging_mixin.py:190} INFO - [2024-12-26T16:30:27.031+0000] {dagbag.py:588} INFO - Filling up the DagBag from /app/dags/train_xgboost_pipeline.py
[2024-12-26T16:30:28.096+0000] {processor.py:925} INFO - DAG(s) 'train_and_retrain_xgboost_pipeline' retrieved from /app/dags/train_xgboost_pipeline.py
[2024-12-26T16:30:28.192+0000] {logging_mixin.py:190} INFO - [2024-12-26T16:30:28.192+0000] {dag.py:3239} INFO - Sync 1 DAGs
[2024-12-26T16:30:28.214+0000] {logging_mixin.py:190} INFO - [2024-12-26T16:30:28.214+0000] {dag.py:4180} INFO - Setting next_dagrun for train_and_retrain_xgboost_pipeline to 2024-12-26 17:00:00+00:00, run_after=2024-12-26 18:00:00+00:00
[2024-12-26T16:30:28.234+0000] {processor.py:208} INFO - Processing /app/dags/train_xgboost_pipeline.py took 1.213 seconds
[2024-12-26T16:30:58.818+0000] {processor.py:186} INFO - Started process (PID=2036) to work on /app/dags/train_xgboost_pipeline.py
[2024-12-26T16:30:58.819+0000] {processor.py:914} INFO - Processing file /app/dags/train_xgboost_pipeline.py for tasks to queue
[2024-12-26T16:30:58.821+0000] {logging_mixin.py:190} INFO - [2024-12-26T16:30:58.821+0000] {dagbag.py:588} INFO - Filling up the DagBag from /app/dags/train_xgboost_pipeline.py
[2024-12-26T16:30:59.891+0000] {processor.py:925} INFO - DAG(s) 'train_and_retrain_xgboost_pipeline' retrieved from /app/dags/train_xgboost_pipeline.py
[2024-12-26T16:30:59.994+0000] {logging_mixin.py:190} INFO - [2024-12-26T16:30:59.994+0000] {dag.py:3239} INFO - Sync 1 DAGs
[2024-12-26T16:31:00.015+0000] {logging_mixin.py:190} INFO - [2024-12-26T16:31:00.015+0000] {dag.py:4180} INFO - Setting next_dagrun for train_and_retrain_xgboost_pipeline to 2024-12-26 17:00:00+00:00, run_after=2024-12-26 18:00:00+00:00
[2024-12-26T16:31:00.037+0000] {processor.py:208} INFO - Processing /app/dags/train_xgboost_pipeline.py took 1.226 seconds
[2024-12-26T16:31:30.453+0000] {processor.py:186} INFO - Started process (PID=2055) to work on /app/dags/train_xgboost_pipeline.py
[2024-12-26T16:31:30.454+0000] {processor.py:914} INFO - Processing file /app/dags/train_xgboost_pipeline.py for tasks to queue
[2024-12-26T16:31:30.456+0000] {logging_mixin.py:190} INFO - [2024-12-26T16:31:30.455+0000] {dagbag.py:588} INFO - Filling up the DagBag from /app/dags/train_xgboost_pipeline.py
[2024-12-26T16:31:31.515+0000] {processor.py:925} INFO - DAG(s) 'train_and_retrain_xgboost_pipeline' retrieved from /app/dags/train_xgboost_pipeline.py
[2024-12-26T16:31:31.615+0000] {logging_mixin.py:190} INFO - [2024-12-26T16:31:31.614+0000] {dag.py:3239} INFO - Sync 1 DAGs
[2024-12-26T16:31:31.638+0000] {logging_mixin.py:190} INFO - [2024-12-26T16:31:31.638+0000] {dag.py:4180} INFO - Setting next_dagrun for train_and_retrain_xgboost_pipeline to 2024-12-26 17:00:00+00:00, run_after=2024-12-26 18:00:00+00:00
[2024-12-26T16:31:31.670+0000] {processor.py:208} INFO - Processing /app/dags/train_xgboost_pipeline.py took 1.225 seconds
[2024-12-26T16:32:01.784+0000] {processor.py:186} INFO - Started process (PID=2074) to work on /app/dags/train_xgboost_pipeline.py
[2024-12-26T16:32:01.785+0000] {processor.py:914} INFO - Processing file /app/dags/train_xgboost_pipeline.py for tasks to queue
[2024-12-26T16:32:01.787+0000] {logging_mixin.py:190} INFO - [2024-12-26T16:32:01.786+0000] {dagbag.py:588} INFO - Filling up the DagBag from /app/dags/train_xgboost_pipeline.py
[2024-12-26T16:32:02.845+0000] {processor.py:925} INFO - DAG(s) 'train_and_retrain_xgboost_pipeline' retrieved from /app/dags/train_xgboost_pipeline.py
[2024-12-26T16:32:02.941+0000] {logging_mixin.py:190} INFO - [2024-12-26T16:32:02.940+0000] {dag.py:3239} INFO - Sync 1 DAGs
[2024-12-26T16:32:02.961+0000] {logging_mixin.py:190} INFO - [2024-12-26T16:32:02.961+0000] {dag.py:4180} INFO - Setting next_dagrun for train_and_retrain_xgboost_pipeline to 2024-12-26 17:00:00+00:00, run_after=2024-12-26 18:00:00+00:00
[2024-12-26T16:32:02.977+0000] {processor.py:208} INFO - Processing /app/dags/train_xgboost_pipeline.py took 1.200 seconds
[2024-12-26T16:32:33.348+0000] {processor.py:186} INFO - Started process (PID=2093) to work on /app/dags/train_xgboost_pipeline.py
[2024-12-26T16:32:33.349+0000] {processor.py:914} INFO - Processing file /app/dags/train_xgboost_pipeline.py for tasks to queue
[2024-12-26T16:32:33.351+0000] {logging_mixin.py:190} INFO - [2024-12-26T16:32:33.350+0000] {dagbag.py:588} INFO - Filling up the DagBag from /app/dags/train_xgboost_pipeline.py
[2024-12-26T16:32:34.417+0000] {processor.py:925} INFO - DAG(s) 'train_and_retrain_xgboost_pipeline' retrieved from /app/dags/train_xgboost_pipeline.py
[2024-12-26T16:32:34.518+0000] {logging_mixin.py:190} INFO - [2024-12-26T16:32:34.517+0000] {dag.py:3239} INFO - Sync 1 DAGs
[2024-12-26T16:32:34.537+0000] {logging_mixin.py:190} INFO - [2024-12-26T16:32:34.537+0000] {dag.py:4180} INFO - Setting next_dagrun for train_and_retrain_xgboost_pipeline to 2024-12-26 17:00:00+00:00, run_after=2024-12-26 18:00:00+00:00
[2024-12-26T16:32:34.567+0000] {processor.py:208} INFO - Processing /app/dags/train_xgboost_pipeline.py took 1.226 seconds
[2024-12-26T16:33:04.896+0000] {processor.py:186} INFO - Started process (PID=2112) to work on /app/dags/train_xgboost_pipeline.py
[2024-12-26T16:33:04.898+0000] {processor.py:914} INFO - Processing file /app/dags/train_xgboost_pipeline.py for tasks to queue
[2024-12-26T16:33:04.899+0000] {logging_mixin.py:190} INFO - [2024-12-26T16:33:04.899+0000] {dagbag.py:588} INFO - Filling up the DagBag from /app/dags/train_xgboost_pipeline.py
[2024-12-26T16:33:05.976+0000] {processor.py:925} INFO - DAG(s) 'train_and_retrain_xgboost_pipeline' retrieved from /app/dags/train_xgboost_pipeline.py
[2024-12-26T16:33:06.084+0000] {logging_mixin.py:190} INFO - [2024-12-26T16:33:06.084+0000] {dag.py:3239} INFO - Sync 1 DAGs
[2024-12-26T16:33:06.107+0000] {logging_mixin.py:190} INFO - [2024-12-26T16:33:06.106+0000] {dag.py:4180} INFO - Setting next_dagrun for train_and_retrain_xgboost_pipeline to 2024-12-26 17:00:00+00:00, run_after=2024-12-26 18:00:00+00:00
[2024-12-26T16:33:06.127+0000] {processor.py:208} INFO - Processing /app/dags/train_xgboost_pipeline.py took 1.238 seconds
[2024-12-26T16:33:36.633+0000] {processor.py:186} INFO - Started process (PID=2131) to work on /app/dags/train_xgboost_pipeline.py
[2024-12-26T16:33:36.634+0000] {processor.py:914} INFO - Processing file /app/dags/train_xgboost_pipeline.py for tasks to queue
[2024-12-26T16:33:36.636+0000] {logging_mixin.py:190} INFO - [2024-12-26T16:33:36.635+0000] {dagbag.py:588} INFO - Filling up the DagBag from /app/dags/train_xgboost_pipeline.py
[2024-12-26T16:33:37.702+0000] {processor.py:925} INFO - DAG(s) 'train_and_retrain_xgboost_pipeline' retrieved from /app/dags/train_xgboost_pipeline.py
[2024-12-26T16:33:37.805+0000] {logging_mixin.py:190} INFO - [2024-12-26T16:33:37.805+0000] {dag.py:3239} INFO - Sync 1 DAGs
[2024-12-26T16:33:37.828+0000] {logging_mixin.py:190} INFO - [2024-12-26T16:33:37.827+0000] {dag.py:4180} INFO - Setting next_dagrun for train_and_retrain_xgboost_pipeline to 2024-12-26 17:00:00+00:00, run_after=2024-12-26 18:00:00+00:00
[2024-12-26T16:33:37.844+0000] {processor.py:208} INFO - Processing /app/dags/train_xgboost_pipeline.py took 1.218 seconds
[2024-12-26T16:34:08.218+0000] {processor.py:186} INFO - Started process (PID=2150) to work on /app/dags/train_xgboost_pipeline.py
[2024-12-26T16:34:08.219+0000] {processor.py:914} INFO - Processing file /app/dags/train_xgboost_pipeline.py for tasks to queue
[2024-12-26T16:34:08.221+0000] {logging_mixin.py:190} INFO - [2024-12-26T16:34:08.221+0000] {dagbag.py:588} INFO - Filling up the DagBag from /app/dags/train_xgboost_pipeline.py
[2024-12-26T16:34:09.318+0000] {processor.py:925} INFO - DAG(s) 'train_and_retrain_xgboost_pipeline' retrieved from /app/dags/train_xgboost_pipeline.py
[2024-12-26T16:34:09.415+0000] {logging_mixin.py:190} INFO - [2024-12-26T16:34:09.415+0000] {dag.py:3239} INFO - Sync 1 DAGs
[2024-12-26T16:34:09.434+0000] {logging_mixin.py:190} INFO - [2024-12-26T16:34:09.433+0000] {dag.py:4180} INFO - Setting next_dagrun for train_and_retrain_xgboost_pipeline to 2024-12-26 17:00:00+00:00, run_after=2024-12-26 18:00:00+00:00
[2024-12-26T16:34:09.452+0000] {processor.py:208} INFO - Processing /app/dags/train_xgboost_pipeline.py took 1.241 seconds
[2024-12-26T16:34:39.887+0000] {processor.py:186} INFO - Started process (PID=2169) to work on /app/dags/train_xgboost_pipeline.py
[2024-12-26T16:34:39.888+0000] {processor.py:914} INFO - Processing file /app/dags/train_xgboost_pipeline.py for tasks to queue
[2024-12-26T16:34:39.889+0000] {logging_mixin.py:190} INFO - [2024-12-26T16:34:39.889+0000] {dagbag.py:588} INFO - Filling up the DagBag from /app/dags/train_xgboost_pipeline.py
[2024-12-26T16:34:40.943+0000] {processor.py:925} INFO - DAG(s) 'train_and_retrain_xgboost_pipeline' retrieved from /app/dags/train_xgboost_pipeline.py
[2024-12-26T16:34:41.037+0000] {logging_mixin.py:190} INFO - [2024-12-26T16:34:41.037+0000] {dag.py:3239} INFO - Sync 1 DAGs
[2024-12-26T16:34:41.059+0000] {logging_mixin.py:190} INFO - [2024-12-26T16:34:41.059+0000] {dag.py:4180} INFO - Setting next_dagrun for train_and_retrain_xgboost_pipeline to 2024-12-26 17:00:00+00:00, run_after=2024-12-26 18:00:00+00:00
[2024-12-26T16:34:41.075+0000] {processor.py:208} INFO - Processing /app/dags/train_xgboost_pipeline.py took 1.195 seconds
[2024-12-26T16:35:11.404+0000] {processor.py:186} INFO - Started process (PID=2188) to work on /app/dags/train_xgboost_pipeline.py
[2024-12-26T16:35:11.405+0000] {processor.py:914} INFO - Processing file /app/dags/train_xgboost_pipeline.py for tasks to queue
[2024-12-26T16:35:11.406+0000] {logging_mixin.py:190} INFO - [2024-12-26T16:35:11.406+0000] {dagbag.py:588} INFO - Filling up the DagBag from /app/dags/train_xgboost_pipeline.py
[2024-12-26T16:35:12.466+0000] {processor.py:925} INFO - DAG(s) 'train_and_retrain_xgboost_pipeline' retrieved from /app/dags/train_xgboost_pipeline.py
[2024-12-26T16:35:12.567+0000] {logging_mixin.py:190} INFO - [2024-12-26T16:35:12.566+0000] {dag.py:3239} INFO - Sync 1 DAGs
[2024-12-26T16:35:12.584+0000] {logging_mixin.py:190} INFO - [2024-12-26T16:35:12.584+0000] {dag.py:4180} INFO - Setting next_dagrun for train_and_retrain_xgboost_pipeline to 2024-12-26 17:00:00+00:00, run_after=2024-12-26 18:00:00+00:00
[2024-12-26T16:35:12.604+0000] {processor.py:208} INFO - Processing /app/dags/train_xgboost_pipeline.py took 1.205 seconds
