[2024-12-27T16:26:13.882+0000] {local_task_job_runner.py:123} INFO - ::group::Pre task execution logs
[2024-12-27T16:26:13.904+0000] {taskinstance.py:2613} INFO - Dependencies all met for dep_context=non-requeueable deps ti=<TaskInstance: xgboost_drift_pipeline.retrain_model manual__2024-12-27T16:26:06.610699+00:00 [queued]>
[2024-12-27T16:26:13.918+0000] {taskinstance.py:2613} INFO - Dependencies all met for dep_context=requeueable deps ti=<TaskInstance: xgboost_drift_pipeline.retrain_model manual__2024-12-27T16:26:06.610699+00:00 [queued]>
[2024-12-27T16:26:13.920+0000] {taskinstance.py:2866} INFO - Starting attempt 1 of 2
[2024-12-27T16:26:13.938+0000] {taskinstance.py:2889} INFO - Executing <Task(PythonOperator): retrain_model> on 2024-12-27 16:26:06.610699+00:00
[2024-12-27T16:26:13.949+0000] {standard_task_runner.py:72} INFO - Started process 1905 to run task
[2024-12-27T16:26:13.953+0000] {standard_task_runner.py:104} INFO - Running: ['***', 'tasks', 'run', 'xgboost_drift_pipeline', 'retrain_model', 'manual__2024-12-27T16:26:06.610699+00:00', '--job-id', '29', '--raw', '--subdir', 'DAGS_FOLDER/train_xgboost_pipeline.py', '--cfg-path', '/tmp/tmpiu04pe9u']
[2024-12-27T16:26:13.958+0000] {standard_task_runner.py:105} INFO - Job 29: Subtask retrain_model
[2024-12-27T16:26:13.977+0000] {logging_mixin.py:190} WARNING - /usr/local/lib/python3.10/site-packages/***/settings.py:209 DeprecationWarning: The sql_alchemy_conn option in [core] has been moved to the sql_alchemy_conn option in [database] - the old setting has been used, but please update your config.
[2024-12-27T16:26:14.017+0000] {task_command.py:467} INFO - Running <TaskInstance: xgboost_drift_pipeline.retrain_model manual__2024-12-27T16:26:06.610699+00:00 [running]> on host 42dc6dafdabb
[2024-12-27T16:26:14.120+0000] {taskinstance.py:3132} INFO - Exporting env vars: AIRFLOW_CTX_DAG_OWNER='***' AIRFLOW_CTX_DAG_ID='xgboost_drift_pipeline' AIRFLOW_CTX_TASK_ID='retrain_model' AIRFLOW_CTX_EXECUTION_DATE='2024-12-27T16:26:06.610699+00:00' AIRFLOW_CTX_TRY_NUMBER='1' AIRFLOW_CTX_DAG_RUN_ID='manual__2024-12-27T16:26:06.610699+00:00'
[2024-12-27T16:26:14.124+0000] {taskinstance.py:731} INFO - ::endgroup::
[2024-12-27T16:26:14.142+0000] {train_xgboost_pipeline.py:734} INFO - Starting retraining process...
[2024-12-27T16:26:14.232+0000] {train_xgboost_pipeline.py:665} INFO - Downloaded data/Ingestion/Financial_with_Sentiment.csv from MinIO to /tmp/Financial_with_Sentiment.csv
[2024-12-27T16:26:14.647+0000] {logging_mixin.py:190} WARNING - /app/dags/train_xgboost_pipeline.py:741 DtypeWarning: Columns (2161) have mixed types. Specify dtype option on import or set low_memory=False.
[2024-12-27T16:26:14.742+0000] {logging_mixin.py:190} WARNING - /app/dags/train_xgboost_pipeline.py:685 SettingWithCopyWarning: 
A value is trying to be set on a copy of a slice from a DataFrame

See the caveats in the documentation: https://pandas.pydata.org/pandas-docs/stable/user_guide/indexing.html#returning-a-view-versus-a-copy
[2024-12-27T16:26:16.546+0000] {train_xgboost_pipeline.py:670} INFO - Uploaded /tmp/retrained_model.pkl to MinIO at data/Ingestion/retrained_model.pkl
[2024-12-27T16:26:16.547+0000] {train_xgboost_pipeline.py:755} INFO - Retrained model saved and uploaded.
[2024-12-27T16:26:16.554+0000] {train_xgboost_pipeline.py:761} INFO - Retrained Model Evaluation - MSE: 148.72, R2: 0.24
[2024-12-27T16:26:16.555+0000] {logging_mixin.py:190} INFO - Retrained Model Metrics:
MSE: 148.72
R2: 0.24
[2024-12-27T16:26:16.556+0000] {python.py:240} INFO - Done. Returned value was: None
[2024-12-27T16:26:16.564+0000] {taskinstance.py:340} INFO - ::group::Post task execution logs
[2024-12-27T16:26:16.565+0000] {taskinstance.py:352} INFO - Marking task as SUCCESS. dag_id=xgboost_drift_pipeline, task_id=retrain_model, run_id=manual__2024-12-27T16:26:06.610699+00:00, execution_date=20241227T162606, start_date=20241227T162613, end_date=20241227T162616
[2024-12-27T16:26:16.619+0000] {local_task_job_runner.py:266} INFO - Task exited with return code 0
[2024-12-27T16:26:16.691+0000] {taskinstance.py:3895} INFO - 1 downstream tasks scheduled from follow-on schedule check
[2024-12-27T16:26:16.694+0000] {local_task_job_runner.py:245} INFO - ::endgroup::
