[2025-01-12T16:33:05.967+0000] {processor.py:186} INFO - Started process (PID=154) to work on /app/dags/train_xgboost_pipeline.py
[2025-01-12T16:33:05.970+0000] {processor.py:914} INFO - Processing file /app/dags/train_xgboost_pipeline.py for tasks to queue
[2025-01-12T16:33:05.974+0000] {logging_mixin.py:190} INFO - [2025-01-12T16:33:05.974+0000] {dagbag.py:588} INFO - Filling up the DagBag from /app/dags/train_xgboost_pipeline.py
[2025-01-12T16:33:11.867+0000] {processor.py:925} INFO - DAG(s) 'xgboost_drift_pipeline' retrieved from /app/dags/train_xgboost_pipeline.py
[2025-01-12T16:33:12.047+0000] {logging_mixin.py:190} INFO - [2025-01-12T16:33:12.047+0000] {dag.py:3239} INFO - Sync 1 DAGs
[2025-01-12T16:33:12.086+0000] {logging_mixin.py:190} INFO - [2025-01-12T16:33:12.085+0000] {dag.py:4180} INFO - Setting next_dagrun for xgboost_drift_pipeline to 2025-01-12 17:00:00+00:00, run_after=2025-01-12 18:00:00+00:00
[2025-01-12T16:33:12.118+0000] {processor.py:208} INFO - Processing /app/dags/train_xgboost_pipeline.py took 6.163 seconds
[2025-01-12T16:33:42.386+0000] {processor.py:186} INFO - Started process (PID=345) to work on /app/dags/train_xgboost_pipeline.py
[2025-01-12T16:33:42.387+0000] {processor.py:914} INFO - Processing file /app/dags/train_xgboost_pipeline.py for tasks to queue
[2025-01-12T16:33:42.390+0000] {logging_mixin.py:190} INFO - [2025-01-12T16:33:42.389+0000] {dagbag.py:588} INFO - Filling up the DagBag from /app/dags/train_xgboost_pipeline.py
[2025-01-12T16:33:43.752+0000] {processor.py:925} INFO - DAG(s) 'xgboost_drift_pipeline' retrieved from /app/dags/train_xgboost_pipeline.py
[2025-01-12T16:33:43.870+0000] {logging_mixin.py:190} INFO - [2025-01-12T16:33:43.869+0000] {dag.py:3239} INFO - Sync 1 DAGs
[2025-01-12T16:33:43.895+0000] {logging_mixin.py:190} INFO - [2025-01-12T16:33:43.895+0000] {dag.py:4180} INFO - Setting next_dagrun for xgboost_drift_pipeline to 2025-01-12 17:00:00+00:00, run_after=2025-01-12 18:00:00+00:00
[2025-01-12T16:33:43.916+0000] {processor.py:208} INFO - Processing /app/dags/train_xgboost_pipeline.py took 1.538 seconds
[2025-01-12T16:34:14.160+0000] {processor.py:186} INFO - Started process (PID=365) to work on /app/dags/train_xgboost_pipeline.py
[2025-01-12T16:34:14.161+0000] {processor.py:914} INFO - Processing file /app/dags/train_xgboost_pipeline.py for tasks to queue
[2025-01-12T16:34:14.164+0000] {logging_mixin.py:190} INFO - [2025-01-12T16:34:14.163+0000] {dagbag.py:588} INFO - Filling up the DagBag from /app/dags/train_xgboost_pipeline.py
[2025-01-12T16:34:15.536+0000] {processor.py:925} INFO - DAG(s) 'xgboost_drift_pipeline' retrieved from /app/dags/train_xgboost_pipeline.py
[2025-01-12T16:34:15.660+0000] {logging_mixin.py:190} INFO - [2025-01-12T16:34:15.660+0000] {dag.py:3239} INFO - Sync 1 DAGs
[2025-01-12T16:34:15.694+0000] {logging_mixin.py:190} INFO - [2025-01-12T16:34:15.694+0000] {dag.py:4180} INFO - Setting next_dagrun for xgboost_drift_pipeline to 2025-01-12 17:00:00+00:00, run_after=2025-01-12 18:00:00+00:00
[2025-01-12T16:34:15.722+0000] {processor.py:208} INFO - Processing /app/dags/train_xgboost_pipeline.py took 1.568 seconds
[2025-01-12T16:34:46.142+0000] {processor.py:186} INFO - Started process (PID=385) to work on /app/dags/train_xgboost_pipeline.py
[2025-01-12T16:34:46.144+0000] {processor.py:914} INFO - Processing file /app/dags/train_xgboost_pipeline.py for tasks to queue
[2025-01-12T16:34:46.146+0000] {logging_mixin.py:190} INFO - [2025-01-12T16:34:46.146+0000] {dagbag.py:588} INFO - Filling up the DagBag from /app/dags/train_xgboost_pipeline.py
[2025-01-12T16:34:47.549+0000] {processor.py:925} INFO - DAG(s) 'xgboost_drift_pipeline' retrieved from /app/dags/train_xgboost_pipeline.py
[2025-01-12T16:34:47.685+0000] {logging_mixin.py:190} INFO - [2025-01-12T16:34:47.685+0000] {dag.py:3239} INFO - Sync 1 DAGs
[2025-01-12T16:34:47.711+0000] {logging_mixin.py:190} INFO - [2025-01-12T16:34:47.711+0000] {dag.py:4180} INFO - Setting next_dagrun for xgboost_drift_pipeline to 2025-01-12 17:00:00+00:00, run_after=2025-01-12 18:00:00+00:00
[2025-01-12T16:34:47.745+0000] {processor.py:208} INFO - Processing /app/dags/train_xgboost_pipeline.py took 1.609 seconds
[2025-01-12T16:35:18.061+0000] {processor.py:186} INFO - Started process (PID=405) to work on /app/dags/train_xgboost_pipeline.py
[2025-01-12T16:35:18.062+0000] {processor.py:914} INFO - Processing file /app/dags/train_xgboost_pipeline.py for tasks to queue
[2025-01-12T16:35:18.065+0000] {logging_mixin.py:190} INFO - [2025-01-12T16:35:18.065+0000] {dagbag.py:588} INFO - Filling up the DagBag from /app/dags/train_xgboost_pipeline.py
[2025-01-12T16:35:19.641+0000] {processor.py:925} INFO - DAG(s) 'xgboost_drift_pipeline' retrieved from /app/dags/train_xgboost_pipeline.py
[2025-01-12T16:35:19.766+0000] {logging_mixin.py:190} INFO - [2025-01-12T16:35:19.766+0000] {dag.py:3239} INFO - Sync 1 DAGs
[2025-01-12T16:35:19.791+0000] {logging_mixin.py:190} INFO - [2025-01-12T16:35:19.791+0000] {dag.py:4180} INFO - Setting next_dagrun for xgboost_drift_pipeline to 2025-01-12 17:00:00+00:00, run_after=2025-01-12 18:00:00+00:00
[2025-01-12T16:35:19.815+0000] {processor.py:208} INFO - Processing /app/dags/train_xgboost_pipeline.py took 1.761 seconds
[2025-01-12T16:35:23.859+0000] {processor.py:186} INFO - Started process (PID=425) to work on /app/dags/train_xgboost_pipeline.py
[2025-01-12T16:35:23.860+0000] {processor.py:914} INFO - Processing file /app/dags/train_xgboost_pipeline.py for tasks to queue
[2025-01-12T16:35:23.863+0000] {logging_mixin.py:190} INFO - [2025-01-12T16:35:23.862+0000] {dagbag.py:588} INFO - Filling up the DagBag from /app/dags/train_xgboost_pipeline.py
[2025-01-12T16:35:25.082+0000] {processor.py:925} INFO - DAG(s) 'xgboost_drift_pipeline' retrieved from /app/dags/train_xgboost_pipeline.py
[2025-01-12T16:35:25.092+0000] {logging_mixin.py:190} INFO - [2025-01-12T16:35:25.092+0000] {dag.py:3239} INFO - Sync 1 DAGs
[2025-01-12T16:35:25.115+0000] {logging_mixin.py:190} INFO - [2025-01-12T16:35:25.114+0000] {dag.py:4180} INFO - Setting next_dagrun for xgboost_drift_pipeline to 2025-01-12 17:00:00+00:00, run_after=2025-01-12 18:00:00+00:00
[2025-01-12T16:35:25.147+0000] {processor.py:208} INFO - Processing /app/dags/train_xgboost_pipeline.py took 1.295 seconds
[2025-01-12T16:35:55.387+0000] {processor.py:186} INFO - Started process (PID=445) to work on /app/dags/train_xgboost_pipeline.py
[2025-01-12T16:35:55.389+0000] {processor.py:914} INFO - Processing file /app/dags/train_xgboost_pipeline.py for tasks to queue
[2025-01-12T16:35:55.393+0000] {logging_mixin.py:190} INFO - [2025-01-12T16:35:55.392+0000] {dagbag.py:588} INFO - Filling up the DagBag from /app/dags/train_xgboost_pipeline.py
[2025-01-12T16:35:56.739+0000] {processor.py:925} INFO - DAG(s) 'xgboost_drift_pipeline' retrieved from /app/dags/train_xgboost_pipeline.py
[2025-01-12T16:35:56.849+0000] {logging_mixin.py:190} INFO - [2025-01-12T16:35:56.848+0000] {dag.py:3239} INFO - Sync 1 DAGs
[2025-01-12T16:35:56.873+0000] {logging_mixin.py:190} INFO - [2025-01-12T16:35:56.872+0000] {dag.py:4180} INFO - Setting next_dagrun for xgboost_drift_pipeline to 2025-01-12 17:00:00+00:00, run_after=2025-01-12 18:00:00+00:00
[2025-01-12T16:35:56.892+0000] {processor.py:208} INFO - Processing /app/dags/train_xgboost_pipeline.py took 1.517 seconds
[2025-01-12T16:38:41.613+0000] {processor.py:186} INFO - Started process (PID=154) to work on /app/dags/train_xgboost_pipeline.py
[2025-01-12T16:38:41.620+0000] {processor.py:914} INFO - Processing file /app/dags/train_xgboost_pipeline.py for tasks to queue
[2025-01-12T16:38:41.627+0000] {logging_mixin.py:190} INFO - [2025-01-12T16:38:41.626+0000] {dagbag.py:588} INFO - Filling up the DagBag from /app/dags/train_xgboost_pipeline.py
[2025-01-12T16:38:43.959+0000] {processor.py:925} INFO - DAG(s) 'xgboost_drift_pipeline' retrieved from /app/dags/train_xgboost_pipeline.py
[2025-01-12T16:38:44.184+0000] {logging_mixin.py:190} INFO - [2025-01-12T16:38:44.183+0000] {dag.py:3239} INFO - Sync 1 DAGs
[2025-01-12T16:38:44.215+0000] {logging_mixin.py:190} INFO - [2025-01-12T16:38:44.214+0000] {dag.py:4180} INFO - Setting next_dagrun for xgboost_drift_pipeline to 2025-01-12 17:00:00+00:00, run_after=2025-01-12 18:00:00+00:00
[2025-01-12T16:38:44.243+0000] {processor.py:208} INFO - Processing /app/dags/train_xgboost_pipeline.py took 2.673 seconds
[2025-01-12T16:39:14.606+0000] {processor.py:186} INFO - Started process (PID=210) to work on /app/dags/train_xgboost_pipeline.py
[2025-01-12T16:39:14.608+0000] {processor.py:914} INFO - Processing file /app/dags/train_xgboost_pipeline.py for tasks to queue
[2025-01-12T16:39:14.610+0000] {logging_mixin.py:190} INFO - [2025-01-12T16:39:14.610+0000] {dagbag.py:588} INFO - Filling up the DagBag from /app/dags/train_xgboost_pipeline.py
[2025-01-12T16:39:15.918+0000] {processor.py:925} INFO - DAG(s) 'xgboost_drift_pipeline' retrieved from /app/dags/train_xgboost_pipeline.py
[2025-01-12T16:39:16.035+0000] {logging_mixin.py:190} INFO - [2025-01-12T16:39:16.035+0000] {dag.py:3239} INFO - Sync 1 DAGs
[2025-01-12T16:39:16.058+0000] {logging_mixin.py:190} INFO - [2025-01-12T16:39:16.058+0000] {dag.py:4180} INFO - Setting next_dagrun for xgboost_drift_pipeline to 2025-01-12 17:00:00+00:00, run_after=2025-01-12 18:00:00+00:00
[2025-01-12T16:39:16.077+0000] {processor.py:208} INFO - Processing /app/dags/train_xgboost_pipeline.py took 1.478 seconds
[2025-01-12T16:39:46.481+0000] {processor.py:186} INFO - Started process (PID=230) to work on /app/dags/train_xgboost_pipeline.py
[2025-01-12T16:39:46.482+0000] {processor.py:914} INFO - Processing file /app/dags/train_xgboost_pipeline.py for tasks to queue
[2025-01-12T16:39:46.485+0000] {logging_mixin.py:190} INFO - [2025-01-12T16:39:46.484+0000] {dagbag.py:588} INFO - Filling up the DagBag from /app/dags/train_xgboost_pipeline.py
[2025-01-12T16:39:47.773+0000] {processor.py:925} INFO - DAG(s) 'xgboost_drift_pipeline' retrieved from /app/dags/train_xgboost_pipeline.py
[2025-01-12T16:39:47.893+0000] {logging_mixin.py:190} INFO - [2025-01-12T16:39:47.893+0000] {dag.py:3239} INFO - Sync 1 DAGs
[2025-01-12T16:39:47.919+0000] {logging_mixin.py:190} INFO - [2025-01-12T16:39:47.919+0000] {dag.py:4180} INFO - Setting next_dagrun for xgboost_drift_pipeline to 2025-01-12 17:00:00+00:00, run_after=2025-01-12 18:00:00+00:00
[2025-01-12T16:39:47.940+0000] {processor.py:208} INFO - Processing /app/dags/train_xgboost_pipeline.py took 1.466 seconds
[2025-01-12T16:40:18.360+0000] {processor.py:186} INFO - Started process (PID=250) to work on /app/dags/train_xgboost_pipeline.py
[2025-01-12T16:40:18.361+0000] {processor.py:914} INFO - Processing file /app/dags/train_xgboost_pipeline.py for tasks to queue
[2025-01-12T16:40:18.365+0000] {logging_mixin.py:190} INFO - [2025-01-12T16:40:18.364+0000] {dagbag.py:588} INFO - Filling up the DagBag from /app/dags/train_xgboost_pipeline.py
[2025-01-12T16:40:19.685+0000] {processor.py:925} INFO - DAG(s) 'xgboost_drift_pipeline' retrieved from /app/dags/train_xgboost_pipeline.py
[2025-01-12T16:40:19.794+0000] {logging_mixin.py:190} INFO - [2025-01-12T16:40:19.793+0000] {dag.py:3239} INFO - Sync 1 DAGs
[2025-01-12T16:40:19.817+0000] {logging_mixin.py:190} INFO - [2025-01-12T16:40:19.816+0000] {dag.py:4180} INFO - Setting next_dagrun for xgboost_drift_pipeline to 2025-01-12 17:00:00+00:00, run_after=2025-01-12 18:00:00+00:00
[2025-01-12T16:40:19.840+0000] {processor.py:208} INFO - Processing /app/dags/train_xgboost_pipeline.py took 1.488 seconds
[2025-01-12T16:40:50.230+0000] {processor.py:186} INFO - Started process (PID=270) to work on /app/dags/train_xgboost_pipeline.py
[2025-01-12T16:40:50.231+0000] {processor.py:914} INFO - Processing file /app/dags/train_xgboost_pipeline.py for tasks to queue
[2025-01-12T16:40:50.234+0000] {logging_mixin.py:190} INFO - [2025-01-12T16:40:50.233+0000] {dagbag.py:588} INFO - Filling up the DagBag from /app/dags/train_xgboost_pipeline.py
[2025-01-12T16:40:51.473+0000] {processor.py:925} INFO - DAG(s) 'xgboost_drift_pipeline' retrieved from /app/dags/train_xgboost_pipeline.py
[2025-01-12T16:40:51.576+0000] {logging_mixin.py:190} INFO - [2025-01-12T16:40:51.575+0000] {dag.py:3239} INFO - Sync 1 DAGs
[2025-01-12T16:40:51.595+0000] {logging_mixin.py:190} INFO - [2025-01-12T16:40:51.595+0000] {dag.py:4180} INFO - Setting next_dagrun for xgboost_drift_pipeline to 2025-01-12 17:00:00+00:00, run_after=2025-01-12 18:00:00+00:00
[2025-01-12T16:40:51.624+0000] {processor.py:208} INFO - Processing /app/dags/train_xgboost_pipeline.py took 1.404 seconds
[2025-01-12T16:41:22.019+0000] {processor.py:186} INFO - Started process (PID=290) to work on /app/dags/train_xgboost_pipeline.py
[2025-01-12T16:41:22.020+0000] {processor.py:914} INFO - Processing file /app/dags/train_xgboost_pipeline.py for tasks to queue
[2025-01-12T16:41:22.023+0000] {logging_mixin.py:190} INFO - [2025-01-12T16:41:22.023+0000] {dagbag.py:588} INFO - Filling up the DagBag from /app/dags/train_xgboost_pipeline.py
[2025-01-12T16:41:23.177+0000] {processor.py:925} INFO - DAG(s) 'xgboost_drift_pipeline' retrieved from /app/dags/train_xgboost_pipeline.py
[2025-01-12T16:41:23.284+0000] {logging_mixin.py:190} INFO - [2025-01-12T16:41:23.284+0000] {dag.py:3239} INFO - Sync 1 DAGs
[2025-01-12T16:41:23.306+0000] {logging_mixin.py:190} INFO - [2025-01-12T16:41:23.305+0000] {dag.py:4180} INFO - Setting next_dagrun for xgboost_drift_pipeline to 2025-01-12 17:00:00+00:00, run_after=2025-01-12 18:00:00+00:00
[2025-01-12T16:41:23.327+0000] {processor.py:208} INFO - Processing /app/dags/train_xgboost_pipeline.py took 1.315 seconds
[2025-01-12T16:41:53.487+0000] {processor.py:186} INFO - Started process (PID=310) to work on /app/dags/train_xgboost_pipeline.py
[2025-01-12T16:41:53.488+0000] {processor.py:914} INFO - Processing file /app/dags/train_xgboost_pipeline.py for tasks to queue
[2025-01-12T16:41:53.491+0000] {logging_mixin.py:190} INFO - [2025-01-12T16:41:53.490+0000] {dagbag.py:588} INFO - Filling up the DagBag from /app/dags/train_xgboost_pipeline.py
[2025-01-12T16:41:54.794+0000] {processor.py:925} INFO - DAG(s) 'xgboost_drift_pipeline' retrieved from /app/dags/train_xgboost_pipeline.py
[2025-01-12T16:41:54.908+0000] {logging_mixin.py:190} INFO - [2025-01-12T16:41:54.908+0000] {dag.py:3239} INFO - Sync 1 DAGs
[2025-01-12T16:41:54.934+0000] {logging_mixin.py:190} INFO - [2025-01-12T16:41:54.933+0000] {dag.py:4180} INFO - Setting next_dagrun for xgboost_drift_pipeline to 2025-01-12 17:00:00+00:00, run_after=2025-01-12 18:00:00+00:00
[2025-01-12T16:41:54.954+0000] {processor.py:208} INFO - Processing /app/dags/train_xgboost_pipeline.py took 1.474 seconds
[2025-01-12T16:42:25.181+0000] {processor.py:186} INFO - Started process (PID=330) to work on /app/dags/train_xgboost_pipeline.py
[2025-01-12T16:42:25.182+0000] {processor.py:914} INFO - Processing file /app/dags/train_xgboost_pipeline.py for tasks to queue
[2025-01-12T16:42:25.186+0000] {logging_mixin.py:190} INFO - [2025-01-12T16:42:25.186+0000] {dagbag.py:588} INFO - Filling up the DagBag from /app/dags/train_xgboost_pipeline.py
[2025-01-12T16:42:26.448+0000] {processor.py:925} INFO - DAG(s) 'xgboost_drift_pipeline' retrieved from /app/dags/train_xgboost_pipeline.py
[2025-01-12T16:42:26.544+0000] {logging_mixin.py:190} INFO - [2025-01-12T16:42:26.543+0000] {dag.py:3239} INFO - Sync 1 DAGs
[2025-01-12T16:42:26.566+0000] {logging_mixin.py:190} INFO - [2025-01-12T16:42:26.566+0000] {dag.py:4180} INFO - Setting next_dagrun for xgboost_drift_pipeline to 2025-01-12 17:00:00+00:00, run_after=2025-01-12 18:00:00+00:00
[2025-01-12T16:42:26.585+0000] {processor.py:208} INFO - Processing /app/dags/train_xgboost_pipeline.py took 1.412 seconds
[2025-01-12T16:42:52.017+0000] {processor.py:186} INFO - Started process (PID=350) to work on /app/dags/train_xgboost_pipeline.py
[2025-01-12T16:42:52.019+0000] {processor.py:914} INFO - Processing file /app/dags/train_xgboost_pipeline.py for tasks to queue
[2025-01-12T16:42:52.021+0000] {logging_mixin.py:190} INFO - [2025-01-12T16:42:52.021+0000] {dagbag.py:588} INFO - Filling up the DagBag from /app/dags/train_xgboost_pipeline.py
[2025-01-12T16:42:53.230+0000] {processor.py:925} INFO - DAG(s) 'xgboost_drift_pipeline' retrieved from /app/dags/train_xgboost_pipeline.py
[2025-01-12T16:42:53.248+0000] {logging_mixin.py:190} INFO - [2025-01-12T16:42:53.248+0000] {dag.py:3239} INFO - Sync 1 DAGs
[2025-01-12T16:42:53.274+0000] {logging_mixin.py:190} INFO - [2025-01-12T16:42:53.274+0000] {dag.py:4180} INFO - Setting next_dagrun for xgboost_drift_pipeline to 2025-01-12 17:00:00+00:00, run_after=2025-01-12 18:00:00+00:00
[2025-01-12T16:42:53.302+0000] {processor.py:208} INFO - Processing /app/dags/train_xgboost_pipeline.py took 1.290 seconds
[2025-01-12T16:43:23.531+0000] {processor.py:186} INFO - Started process (PID=370) to work on /app/dags/train_xgboost_pipeline.py
[2025-01-12T16:43:23.533+0000] {processor.py:914} INFO - Processing file /app/dags/train_xgboost_pipeline.py for tasks to queue
[2025-01-12T16:43:23.536+0000] {logging_mixin.py:190} INFO - [2025-01-12T16:43:23.535+0000] {dagbag.py:588} INFO - Filling up the DagBag from /app/dags/train_xgboost_pipeline.py
[2025-01-12T16:43:24.909+0000] {processor.py:925} INFO - DAG(s) 'xgboost_drift_pipeline' retrieved from /app/dags/train_xgboost_pipeline.py
[2025-01-12T16:43:25.012+0000] {logging_mixin.py:190} INFO - [2025-01-12T16:43:25.011+0000] {dag.py:3239} INFO - Sync 1 DAGs
[2025-01-12T16:43:25.036+0000] {logging_mixin.py:190} INFO - [2025-01-12T16:43:25.036+0000] {dag.py:4180} INFO - Setting next_dagrun for xgboost_drift_pipeline to 2025-01-12 17:00:00+00:00, run_after=2025-01-12 18:00:00+00:00
[2025-01-12T16:43:25.057+0000] {processor.py:208} INFO - Processing /app/dags/train_xgboost_pipeline.py took 1.534 seconds
[2025-01-12T16:43:39.148+0000] {processor.py:186} INFO - Started process (PID=155) to work on /app/dags/train_xgboost_pipeline.py
[2025-01-12T16:43:39.149+0000] {processor.py:914} INFO - Processing file /app/dags/train_xgboost_pipeline.py for tasks to queue
[2025-01-12T16:43:39.151+0000] {logging_mixin.py:190} INFO - [2025-01-12T16:43:39.151+0000] {dagbag.py:588} INFO - Filling up the DagBag from /app/dags/train_xgboost_pipeline.py
[2025-01-12T16:43:40.559+0000] {processor.py:925} INFO - DAG(s) 'xgboost_drift_pipeline' retrieved from /app/dags/train_xgboost_pipeline.py
[2025-01-12T16:43:40.570+0000] {logging_mixin.py:190} INFO - [2025-01-12T16:43:40.569+0000] {dag.py:3239} INFO - Sync 1 DAGs
[2025-01-12T16:43:40.595+0000] {logging_mixin.py:190} INFO - [2025-01-12T16:43:40.595+0000] {dag.py:4180} INFO - Setting next_dagrun for xgboost_drift_pipeline to 2025-01-12 17:00:00+00:00, run_after=2025-01-12 18:00:00+00:00
[2025-01-12T16:43:40.612+0000] {processor.py:208} INFO - Processing /app/dags/train_xgboost_pipeline.py took 1.471 seconds
[2025-01-12T16:44:10.906+0000] {processor.py:186} INFO - Started process (PID=181) to work on /app/dags/train_xgboost_pipeline.py
[2025-01-12T16:44:10.907+0000] {processor.py:914} INFO - Processing file /app/dags/train_xgboost_pipeline.py for tasks to queue
[2025-01-12T16:44:10.909+0000] {logging_mixin.py:190} INFO - [2025-01-12T16:44:10.909+0000] {dagbag.py:588} INFO - Filling up the DagBag from /app/dags/train_xgboost_pipeline.py
[2025-01-12T16:44:12.186+0000] {processor.py:925} INFO - DAG(s) 'xgboost_drift_pipeline' retrieved from /app/dags/train_xgboost_pipeline.py
[2025-01-12T16:44:12.306+0000] {logging_mixin.py:190} INFO - [2025-01-12T16:44:12.306+0000] {dag.py:3239} INFO - Sync 1 DAGs
[2025-01-12T16:44:12.331+0000] {logging_mixin.py:190} INFO - [2025-01-12T16:44:12.330+0000] {dag.py:4180} INFO - Setting next_dagrun for xgboost_drift_pipeline to 2025-01-12 17:00:00+00:00, run_after=2025-01-12 18:00:00+00:00
[2025-01-12T16:44:12.351+0000] {processor.py:208} INFO - Processing /app/dags/train_xgboost_pipeline.py took 1.452 seconds
[2025-01-12T16:44:42.570+0000] {processor.py:186} INFO - Started process (PID=203) to work on /app/dags/train_xgboost_pipeline.py
[2025-01-12T16:44:42.572+0000] {processor.py:914} INFO - Processing file /app/dags/train_xgboost_pipeline.py for tasks to queue
[2025-01-12T16:44:42.574+0000] {logging_mixin.py:190} INFO - [2025-01-12T16:44:42.573+0000] {dagbag.py:588} INFO - Filling up the DagBag from /app/dags/train_xgboost_pipeline.py
[2025-01-12T16:44:43.834+0000] {processor.py:925} INFO - DAG(s) 'xgboost_drift_pipeline' retrieved from /app/dags/train_xgboost_pipeline.py
[2025-01-12T16:44:43.931+0000] {logging_mixin.py:190} INFO - [2025-01-12T16:44:43.930+0000] {dag.py:3239} INFO - Sync 1 DAGs
[2025-01-12T16:44:43.955+0000] {logging_mixin.py:190} INFO - [2025-01-12T16:44:43.955+0000] {dag.py:4180} INFO - Setting next_dagrun for xgboost_drift_pipeline to 2025-01-12 17:00:00+00:00, run_after=2025-01-12 18:00:00+00:00
[2025-01-12T16:44:43.973+0000] {processor.py:208} INFO - Processing /app/dags/train_xgboost_pipeline.py took 1.409 seconds
[2025-01-12T16:45:14.375+0000] {processor.py:186} INFO - Started process (PID=223) to work on /app/dags/train_xgboost_pipeline.py
[2025-01-12T16:45:14.376+0000] {processor.py:914} INFO - Processing file /app/dags/train_xgboost_pipeline.py for tasks to queue
[2025-01-12T16:45:14.378+0000] {logging_mixin.py:190} INFO - [2025-01-12T16:45:14.378+0000] {dagbag.py:588} INFO - Filling up the DagBag from /app/dags/train_xgboost_pipeline.py
[2025-01-12T16:45:15.638+0000] {processor.py:925} INFO - DAG(s) 'xgboost_drift_pipeline' retrieved from /app/dags/train_xgboost_pipeline.py
[2025-01-12T16:45:15.750+0000] {logging_mixin.py:190} INFO - [2025-01-12T16:45:15.749+0000] {dag.py:3239} INFO - Sync 1 DAGs
[2025-01-12T16:45:15.771+0000] {logging_mixin.py:190} INFO - [2025-01-12T16:45:15.771+0000] {dag.py:4180} INFO - Setting next_dagrun for xgboost_drift_pipeline to 2025-01-12 17:00:00+00:00, run_after=2025-01-12 18:00:00+00:00
[2025-01-12T16:45:15.794+0000] {processor.py:208} INFO - Processing /app/dags/train_xgboost_pipeline.py took 1.426 seconds
[2025-01-12T16:45:45.739+0000] {processor.py:186} INFO - Started process (PID=243) to work on /app/dags/train_xgboost_pipeline.py
[2025-01-12T16:45:45.740+0000] {processor.py:914} INFO - Processing file /app/dags/train_xgboost_pipeline.py for tasks to queue
[2025-01-12T16:45:45.743+0000] {logging_mixin.py:190} INFO - [2025-01-12T16:45:45.742+0000] {dagbag.py:588} INFO - Filling up the DagBag from /app/dags/train_xgboost_pipeline.py
[2025-01-12T16:45:47.036+0000] {processor.py:925} INFO - DAG(s) 'xgboost_drift_pipeline' retrieved from /app/dags/train_xgboost_pipeline.py
[2025-01-12T16:45:47.184+0000] {logging_mixin.py:190} INFO - [2025-01-12T16:45:47.183+0000] {dag.py:3239} INFO - Sync 1 DAGs
[2025-01-12T16:45:47.223+0000] {logging_mixin.py:190} INFO - [2025-01-12T16:45:47.223+0000] {dag.py:4180} INFO - Setting next_dagrun for xgboost_drift_pipeline to 2025-01-12 17:00:00+00:00, run_after=2025-01-12 18:00:00+00:00
[2025-01-12T16:45:47.255+0000] {processor.py:208} INFO - Processing /app/dags/train_xgboost_pipeline.py took 1.523 seconds
[2025-01-12T16:47:07.050+0000] {processor.py:186} INFO - Started process (PID=155) to work on /app/dags/train_xgboost_pipeline.py
[2025-01-12T16:47:07.067+0000] {processor.py:914} INFO - Processing file /app/dags/train_xgboost_pipeline.py for tasks to queue
[2025-01-12T16:47:07.086+0000] {logging_mixin.py:190} INFO - [2025-01-12T16:47:07.086+0000] {dagbag.py:588} INFO - Filling up the DagBag from /app/dags/train_xgboost_pipeline.py
[2025-01-12T16:47:09.460+0000] {processor.py:925} INFO - DAG(s) 'xgboost_drift_pipeline' retrieved from /app/dags/train_xgboost_pipeline.py
[2025-01-12T16:47:09.635+0000] {logging_mixin.py:190} INFO - [2025-01-12T16:47:09.634+0000] {dag.py:3239} INFO - Sync 1 DAGs
[2025-01-12T16:47:09.674+0000] {logging_mixin.py:190} INFO - [2025-01-12T16:47:09.673+0000] {dag.py:4180} INFO - Setting next_dagrun for xgboost_drift_pipeline to 2025-01-12 17:00:00+00:00, run_after=2025-01-12 18:00:00+00:00
[2025-01-12T16:47:09.707+0000] {processor.py:208} INFO - Processing /app/dags/train_xgboost_pipeline.py took 2.671 seconds
[2025-01-12T16:47:40.023+0000] {processor.py:186} INFO - Started process (PID=263) to work on /app/dags/train_xgboost_pipeline.py
[2025-01-12T16:47:40.025+0000] {processor.py:914} INFO - Processing file /app/dags/train_xgboost_pipeline.py for tasks to queue
[2025-01-12T16:47:40.027+0000] {logging_mixin.py:190} INFO - [2025-01-12T16:47:40.027+0000] {dagbag.py:588} INFO - Filling up the DagBag from /app/dags/train_xgboost_pipeline.py
[2025-01-12T16:47:41.325+0000] {processor.py:925} INFO - DAG(s) 'xgboost_drift_pipeline' retrieved from /app/dags/train_xgboost_pipeline.py
[2025-01-12T16:47:41.438+0000] {logging_mixin.py:190} INFO - [2025-01-12T16:47:41.437+0000] {dag.py:3239} INFO - Sync 1 DAGs
[2025-01-12T16:47:41.463+0000] {logging_mixin.py:190} INFO - [2025-01-12T16:47:41.463+0000] {dag.py:4180} INFO - Setting next_dagrun for xgboost_drift_pipeline to 2025-01-12 17:00:00+00:00, run_after=2025-01-12 18:00:00+00:00
[2025-01-12T16:47:41.485+0000] {processor.py:208} INFO - Processing /app/dags/train_xgboost_pipeline.py took 1.472 seconds
[2025-01-12T16:48:11.677+0000] {processor.py:186} INFO - Started process (PID=283) to work on /app/dags/train_xgboost_pipeline.py
[2025-01-12T16:48:11.678+0000] {processor.py:914} INFO - Processing file /app/dags/train_xgboost_pipeline.py for tasks to queue
[2025-01-12T16:48:11.681+0000] {logging_mixin.py:190} INFO - [2025-01-12T16:48:11.681+0000] {dagbag.py:588} INFO - Filling up the DagBag from /app/dags/train_xgboost_pipeline.py
[2025-01-12T16:48:12.954+0000] {processor.py:925} INFO - DAG(s) 'xgboost_drift_pipeline' retrieved from /app/dags/train_xgboost_pipeline.py
[2025-01-12T16:48:13.062+0000] {logging_mixin.py:190} INFO - [2025-01-12T16:48:13.062+0000] {dag.py:3239} INFO - Sync 1 DAGs
[2025-01-12T16:48:13.086+0000] {logging_mixin.py:190} INFO - [2025-01-12T16:48:13.086+0000] {dag.py:4180} INFO - Setting next_dagrun for xgboost_drift_pipeline to 2025-01-12 17:00:00+00:00, run_after=2025-01-12 18:00:00+00:00
[2025-01-12T16:48:13.107+0000] {processor.py:208} INFO - Processing /app/dags/train_xgboost_pipeline.py took 1.437 seconds
[2025-01-12T16:48:43.361+0000] {processor.py:186} INFO - Started process (PID=303) to work on /app/dags/train_xgboost_pipeline.py
[2025-01-12T16:48:43.363+0000] {processor.py:914} INFO - Processing file /app/dags/train_xgboost_pipeline.py for tasks to queue
[2025-01-12T16:48:43.365+0000] {logging_mixin.py:190} INFO - [2025-01-12T16:48:43.365+0000] {dagbag.py:588} INFO - Filling up the DagBag from /app/dags/train_xgboost_pipeline.py
[2025-01-12T16:48:44.534+0000] {processor.py:925} INFO - DAG(s) 'xgboost_drift_pipeline' retrieved from /app/dags/train_xgboost_pipeline.py
[2025-01-12T16:48:44.636+0000] {logging_mixin.py:190} INFO - [2025-01-12T16:48:44.635+0000] {dag.py:3239} INFO - Sync 1 DAGs
[2025-01-12T16:48:44.657+0000] {logging_mixin.py:190} INFO - [2025-01-12T16:48:44.657+0000] {dag.py:4180} INFO - Setting next_dagrun for xgboost_drift_pipeline to 2025-01-12 17:00:00+00:00, run_after=2025-01-12 18:00:00+00:00
[2025-01-12T16:48:44.676+0000] {processor.py:208} INFO - Processing /app/dags/train_xgboost_pipeline.py took 1.322 seconds
[2025-01-12T16:49:15.036+0000] {processor.py:186} INFO - Started process (PID=323) to work on /app/dags/train_xgboost_pipeline.py
[2025-01-12T16:49:15.037+0000] {processor.py:914} INFO - Processing file /app/dags/train_xgboost_pipeline.py for tasks to queue
[2025-01-12T16:49:15.039+0000] {logging_mixin.py:190} INFO - [2025-01-12T16:49:15.039+0000] {dagbag.py:588} INFO - Filling up the DagBag from /app/dags/train_xgboost_pipeline.py
[2025-01-12T16:49:16.268+0000] {processor.py:925} INFO - DAG(s) 'xgboost_drift_pipeline' retrieved from /app/dags/train_xgboost_pipeline.py
[2025-01-12T16:49:16.373+0000] {logging_mixin.py:190} INFO - [2025-01-12T16:49:16.372+0000] {dag.py:3239} INFO - Sync 1 DAGs
[2025-01-12T16:49:16.399+0000] {logging_mixin.py:190} INFO - [2025-01-12T16:49:16.399+0000] {dag.py:4180} INFO - Setting next_dagrun for xgboost_drift_pipeline to 2025-01-12 17:00:00+00:00, run_after=2025-01-12 18:00:00+00:00
[2025-01-12T16:49:16.421+0000] {processor.py:208} INFO - Processing /app/dags/train_xgboost_pipeline.py took 1.393 seconds
[2025-01-12T16:49:46.558+0000] {processor.py:186} INFO - Started process (PID=343) to work on /app/dags/train_xgboost_pipeline.py
[2025-01-12T16:49:46.559+0000] {processor.py:914} INFO - Processing file /app/dags/train_xgboost_pipeline.py for tasks to queue
[2025-01-12T16:49:46.561+0000] {logging_mixin.py:190} INFO - [2025-01-12T16:49:46.561+0000] {dagbag.py:588} INFO - Filling up the DagBag from /app/dags/train_xgboost_pipeline.py
[2025-01-12T16:49:47.906+0000] {processor.py:925} INFO - DAG(s) 'xgboost_drift_pipeline' retrieved from /app/dags/train_xgboost_pipeline.py
[2025-01-12T16:49:48.023+0000] {logging_mixin.py:190} INFO - [2025-01-12T16:49:48.022+0000] {dag.py:3239} INFO - Sync 1 DAGs
[2025-01-12T16:49:48.047+0000] {logging_mixin.py:190} INFO - [2025-01-12T16:49:48.047+0000] {dag.py:4180} INFO - Setting next_dagrun for xgboost_drift_pipeline to 2025-01-12 17:00:00+00:00, run_after=2025-01-12 18:00:00+00:00
[2025-01-12T16:49:48.069+0000] {processor.py:208} INFO - Processing /app/dags/train_xgboost_pipeline.py took 1.519 seconds
[2025-01-12T16:50:18.384+0000] {processor.py:186} INFO - Started process (PID=363) to work on /app/dags/train_xgboost_pipeline.py
[2025-01-12T16:50:18.385+0000] {processor.py:914} INFO - Processing file /app/dags/train_xgboost_pipeline.py for tasks to queue
[2025-01-12T16:50:18.387+0000] {logging_mixin.py:190} INFO - [2025-01-12T16:50:18.387+0000] {dagbag.py:588} INFO - Filling up the DagBag from /app/dags/train_xgboost_pipeline.py
[2025-01-12T16:50:19.549+0000] {processor.py:925} INFO - DAG(s) 'xgboost_drift_pipeline' retrieved from /app/dags/train_xgboost_pipeline.py
[2025-01-12T16:50:19.644+0000] {logging_mixin.py:190} INFO - [2025-01-12T16:50:19.643+0000] {dag.py:3239} INFO - Sync 1 DAGs
[2025-01-12T16:50:19.665+0000] {logging_mixin.py:190} INFO - [2025-01-12T16:50:19.665+0000] {dag.py:4180} INFO - Setting next_dagrun for xgboost_drift_pipeline to 2025-01-12 17:00:00+00:00, run_after=2025-01-12 18:00:00+00:00
[2025-01-12T16:50:19.683+0000] {processor.py:208} INFO - Processing /app/dags/train_xgboost_pipeline.py took 1.307 seconds
[2025-01-12T16:50:49.791+0000] {processor.py:186} INFO - Started process (PID=383) to work on /app/dags/train_xgboost_pipeline.py
[2025-01-12T16:50:49.792+0000] {processor.py:914} INFO - Processing file /app/dags/train_xgboost_pipeline.py for tasks to queue
[2025-01-12T16:50:49.795+0000] {logging_mixin.py:190} INFO - [2025-01-12T16:50:49.794+0000] {dagbag.py:588} INFO - Filling up the DagBag from /app/dags/train_xgboost_pipeline.py
[2025-01-12T16:50:51.030+0000] {processor.py:925} INFO - DAG(s) 'xgboost_drift_pipeline' retrieved from /app/dags/train_xgboost_pipeline.py
[2025-01-12T16:50:51.141+0000] {logging_mixin.py:190} INFO - [2025-01-12T16:50:51.140+0000] {dag.py:3239} INFO - Sync 1 DAGs
[2025-01-12T16:50:51.164+0000] {logging_mixin.py:190} INFO - [2025-01-12T16:50:51.164+0000] {dag.py:4180} INFO - Setting next_dagrun for xgboost_drift_pipeline to 2025-01-12 17:00:00+00:00, run_after=2025-01-12 18:00:00+00:00
[2025-01-12T16:50:51.185+0000] {processor.py:208} INFO - Processing /app/dags/train_xgboost_pipeline.py took 1.406 seconds
[2025-01-12T16:51:21.504+0000] {processor.py:186} INFO - Started process (PID=403) to work on /app/dags/train_xgboost_pipeline.py
[2025-01-12T16:51:21.505+0000] {processor.py:914} INFO - Processing file /app/dags/train_xgboost_pipeline.py for tasks to queue
[2025-01-12T16:51:21.508+0000] {logging_mixin.py:190} INFO - [2025-01-12T16:51:21.507+0000] {dagbag.py:588} INFO - Filling up the DagBag from /app/dags/train_xgboost_pipeline.py
[2025-01-12T16:51:22.665+0000] {processor.py:925} INFO - DAG(s) 'xgboost_drift_pipeline' retrieved from /app/dags/train_xgboost_pipeline.py
[2025-01-12T16:51:22.768+0000] {logging_mixin.py:190} INFO - [2025-01-12T16:51:22.767+0000] {dag.py:3239} INFO - Sync 1 DAGs
[2025-01-12T16:51:22.789+0000] {logging_mixin.py:190} INFO - [2025-01-12T16:51:22.789+0000] {dag.py:4180} INFO - Setting next_dagrun for xgboost_drift_pipeline to 2025-01-12 17:00:00+00:00, run_after=2025-01-12 18:00:00+00:00
[2025-01-12T16:51:22.812+0000] {processor.py:208} INFO - Processing /app/dags/train_xgboost_pipeline.py took 1.314 seconds
[2025-01-12T16:51:53.137+0000] {processor.py:186} INFO - Started process (PID=423) to work on /app/dags/train_xgboost_pipeline.py
[2025-01-12T16:51:53.138+0000] {processor.py:914} INFO - Processing file /app/dags/train_xgboost_pipeline.py for tasks to queue
[2025-01-12T16:51:53.140+0000] {logging_mixin.py:190} INFO - [2025-01-12T16:51:53.140+0000] {dagbag.py:588} INFO - Filling up the DagBag from /app/dags/train_xgboost_pipeline.py
[2025-01-12T16:51:54.319+0000] {processor.py:925} INFO - DAG(s) 'xgboost_drift_pipeline' retrieved from /app/dags/train_xgboost_pipeline.py
[2025-01-12T16:51:54.422+0000] {logging_mixin.py:190} INFO - [2025-01-12T16:51:54.422+0000] {dag.py:3239} INFO - Sync 1 DAGs
[2025-01-12T16:51:54.445+0000] {logging_mixin.py:190} INFO - [2025-01-12T16:51:54.445+0000] {dag.py:4180} INFO - Setting next_dagrun for xgboost_drift_pipeline to 2025-01-12 17:00:00+00:00, run_after=2025-01-12 18:00:00+00:00
[2025-01-12T16:51:54.475+0000] {processor.py:208} INFO - Processing /app/dags/train_xgboost_pipeline.py took 1.345 seconds
[2025-01-12T16:52:24.654+0000] {processor.py:186} INFO - Started process (PID=443) to work on /app/dags/train_xgboost_pipeline.py
[2025-01-12T16:52:24.655+0000] {processor.py:914} INFO - Processing file /app/dags/train_xgboost_pipeline.py for tasks to queue
[2025-01-12T16:52:24.659+0000] {logging_mixin.py:190} INFO - [2025-01-12T16:52:24.658+0000] {dagbag.py:588} INFO - Filling up the DagBag from /app/dags/train_xgboost_pipeline.py
[2025-01-12T16:52:25.827+0000] {processor.py:925} INFO - DAG(s) 'xgboost_drift_pipeline' retrieved from /app/dags/train_xgboost_pipeline.py
[2025-01-12T16:52:25.921+0000] {logging_mixin.py:190} INFO - [2025-01-12T16:52:25.921+0000] {dag.py:3239} INFO - Sync 1 DAGs
[2025-01-12T16:52:25.941+0000] {logging_mixin.py:190} INFO - [2025-01-12T16:52:25.941+0000] {dag.py:4180} INFO - Setting next_dagrun for xgboost_drift_pipeline to 2025-01-12 17:00:00+00:00, run_after=2025-01-12 18:00:00+00:00
[2025-01-12T16:52:25.960+0000] {processor.py:208} INFO - Processing /app/dags/train_xgboost_pipeline.py took 1.314 seconds
[2025-01-12T16:52:56.378+0000] {processor.py:186} INFO - Started process (PID=463) to work on /app/dags/train_xgboost_pipeline.py
[2025-01-12T16:52:56.379+0000] {processor.py:914} INFO - Processing file /app/dags/train_xgboost_pipeline.py for tasks to queue
[2025-01-12T16:52:56.381+0000] {logging_mixin.py:190} INFO - [2025-01-12T16:52:56.381+0000] {dagbag.py:588} INFO - Filling up the DagBag from /app/dags/train_xgboost_pipeline.py
[2025-01-12T16:52:57.524+0000] {processor.py:925} INFO - DAG(s) 'xgboost_drift_pipeline' retrieved from /app/dags/train_xgboost_pipeline.py
[2025-01-12T16:52:57.623+0000] {logging_mixin.py:190} INFO - [2025-01-12T16:52:57.622+0000] {dag.py:3239} INFO - Sync 1 DAGs
[2025-01-12T16:52:57.651+0000] {logging_mixin.py:190} INFO - [2025-01-12T16:52:57.650+0000] {dag.py:4180} INFO - Setting next_dagrun for xgboost_drift_pipeline to 2025-01-12 17:00:00+00:00, run_after=2025-01-12 18:00:00+00:00
[2025-01-12T16:52:57.669+0000] {processor.py:208} INFO - Processing /app/dags/train_xgboost_pipeline.py took 1.297 seconds
[2025-01-12T16:53:27.927+0000] {processor.py:186} INFO - Started process (PID=483) to work on /app/dags/train_xgboost_pipeline.py
[2025-01-12T16:53:27.928+0000] {processor.py:914} INFO - Processing file /app/dags/train_xgboost_pipeline.py for tasks to queue
[2025-01-12T16:53:27.931+0000] {logging_mixin.py:190} INFO - [2025-01-12T16:53:27.931+0000] {dagbag.py:588} INFO - Filling up the DagBag from /app/dags/train_xgboost_pipeline.py
[2025-01-12T16:53:29.562+0000] {processor.py:925} INFO - DAG(s) 'xgboost_drift_pipeline' retrieved from /app/dags/train_xgboost_pipeline.py
[2025-01-12T16:53:29.677+0000] {logging_mixin.py:190} INFO - [2025-01-12T16:53:29.677+0000] {dag.py:3239} INFO - Sync 1 DAGs
[2025-01-12T16:53:29.701+0000] {logging_mixin.py:190} INFO - [2025-01-12T16:53:29.700+0000] {dag.py:4180} INFO - Setting next_dagrun for xgboost_drift_pipeline to 2025-01-12 17:00:00+00:00, run_after=2025-01-12 18:00:00+00:00
[2025-01-12T16:53:29.723+0000] {processor.py:208} INFO - Processing /app/dags/train_xgboost_pipeline.py took 1.803 seconds
[2025-01-12T16:54:00.102+0000] {processor.py:186} INFO - Started process (PID=503) to work on /app/dags/train_xgboost_pipeline.py
[2025-01-12T16:54:00.103+0000] {processor.py:914} INFO - Processing file /app/dags/train_xgboost_pipeline.py for tasks to queue
[2025-01-12T16:54:00.106+0000] {logging_mixin.py:190} INFO - [2025-01-12T16:54:00.105+0000] {dagbag.py:588} INFO - Filling up the DagBag from /app/dags/train_xgboost_pipeline.py
[2025-01-12T16:54:01.428+0000] {processor.py:925} INFO - DAG(s) 'xgboost_drift_pipeline' retrieved from /app/dags/train_xgboost_pipeline.py
[2025-01-12T16:54:01.545+0000] {logging_mixin.py:190} INFO - [2025-01-12T16:54:01.544+0000] {dag.py:3239} INFO - Sync 1 DAGs
[2025-01-12T16:54:01.571+0000] {logging_mixin.py:190} INFO - [2025-01-12T16:54:01.571+0000] {dag.py:4180} INFO - Setting next_dagrun for xgboost_drift_pipeline to 2025-01-12 17:00:00+00:00, run_after=2025-01-12 18:00:00+00:00
[2025-01-12T16:54:01.597+0000] {processor.py:208} INFO - Processing /app/dags/train_xgboost_pipeline.py took 1.501 seconds
[2025-01-12T16:54:31.982+0000] {processor.py:186} INFO - Started process (PID=523) to work on /app/dags/train_xgboost_pipeline.py
[2025-01-12T16:54:31.983+0000] {processor.py:914} INFO - Processing file /app/dags/train_xgboost_pipeline.py for tasks to queue
[2025-01-12T16:54:31.986+0000] {logging_mixin.py:190} INFO - [2025-01-12T16:54:31.985+0000] {dagbag.py:588} INFO - Filling up the DagBag from /app/dags/train_xgboost_pipeline.py
[2025-01-12T16:54:33.299+0000] {processor.py:925} INFO - DAG(s) 'xgboost_drift_pipeline' retrieved from /app/dags/train_xgboost_pipeline.py
[2025-01-12T16:54:33.405+0000] {logging_mixin.py:190} INFO - [2025-01-12T16:54:33.404+0000] {dag.py:3239} INFO - Sync 1 DAGs
[2025-01-12T16:54:33.428+0000] {logging_mixin.py:190} INFO - [2025-01-12T16:54:33.427+0000] {dag.py:4180} INFO - Setting next_dagrun for xgboost_drift_pipeline to 2025-01-12 17:00:00+00:00, run_after=2025-01-12 18:00:00+00:00
[2025-01-12T16:54:33.453+0000] {processor.py:208} INFO - Processing /app/dags/train_xgboost_pipeline.py took 1.478 seconds
[2025-01-12T16:55:03.802+0000] {processor.py:186} INFO - Started process (PID=543) to work on /app/dags/train_xgboost_pipeline.py
[2025-01-12T16:55:03.803+0000] {processor.py:914} INFO - Processing file /app/dags/train_xgboost_pipeline.py for tasks to queue
[2025-01-12T16:55:03.805+0000] {logging_mixin.py:190} INFO - [2025-01-12T16:55:03.804+0000] {dagbag.py:588} INFO - Filling up the DagBag from /app/dags/train_xgboost_pipeline.py
[2025-01-12T16:55:05.306+0000] {processor.py:925} INFO - DAG(s) 'xgboost_drift_pipeline' retrieved from /app/dags/train_xgboost_pipeline.py
[2025-01-12T16:55:05.536+0000] {logging_mixin.py:190} INFO - [2025-01-12T16:55:05.535+0000] {dag.py:3239} INFO - Sync 1 DAGs
[2025-01-12T16:55:05.560+0000] {logging_mixin.py:190} INFO - [2025-01-12T16:55:05.559+0000] {dag.py:4180} INFO - Setting next_dagrun for xgboost_drift_pipeline to 2025-01-12 17:00:00+00:00, run_after=2025-01-12 18:00:00+00:00
[2025-01-12T16:55:05.579+0000] {processor.py:208} INFO - Processing /app/dags/train_xgboost_pipeline.py took 1.783 seconds
[2025-01-12T16:55:35.969+0000] {processor.py:186} INFO - Started process (PID=563) to work on /app/dags/train_xgboost_pipeline.py
[2025-01-12T16:55:35.970+0000] {processor.py:914} INFO - Processing file /app/dags/train_xgboost_pipeline.py for tasks to queue
[2025-01-12T16:55:35.973+0000] {logging_mixin.py:190} INFO - [2025-01-12T16:55:35.972+0000] {dagbag.py:588} INFO - Filling up the DagBag from /app/dags/train_xgboost_pipeline.py
[2025-01-12T16:55:37.142+0000] {processor.py:925} INFO - DAG(s) 'xgboost_drift_pipeline' retrieved from /app/dags/train_xgboost_pipeline.py
[2025-01-12T16:55:37.248+0000] {logging_mixin.py:190} INFO - [2025-01-12T16:55:37.247+0000] {dag.py:3239} INFO - Sync 1 DAGs
[2025-01-12T16:55:37.271+0000] {logging_mixin.py:190} INFO - [2025-01-12T16:55:37.271+0000] {dag.py:4180} INFO - Setting next_dagrun for xgboost_drift_pipeline to 2025-01-12 17:00:00+00:00, run_after=2025-01-12 18:00:00+00:00
[2025-01-12T16:55:37.292+0000] {processor.py:208} INFO - Processing /app/dags/train_xgboost_pipeline.py took 1.331 seconds
[2025-01-12T16:56:07.538+0000] {processor.py:186} INFO - Started process (PID=583) to work on /app/dags/train_xgboost_pipeline.py
[2025-01-12T16:56:07.539+0000] {processor.py:914} INFO - Processing file /app/dags/train_xgboost_pipeline.py for tasks to queue
[2025-01-12T16:56:07.541+0000] {logging_mixin.py:190} INFO - [2025-01-12T16:56:07.541+0000] {dagbag.py:588} INFO - Filling up the DagBag from /app/dags/train_xgboost_pipeline.py
[2025-01-12T16:56:08.830+0000] {processor.py:925} INFO - DAG(s) 'xgboost_drift_pipeline' retrieved from /app/dags/train_xgboost_pipeline.py
[2025-01-12T16:56:08.953+0000] {logging_mixin.py:190} INFO - [2025-01-12T16:56:08.952+0000] {dag.py:3239} INFO - Sync 1 DAGs
[2025-01-12T16:56:08.982+0000] {logging_mixin.py:190} INFO - [2025-01-12T16:56:08.982+0000] {dag.py:4180} INFO - Setting next_dagrun for xgboost_drift_pipeline to 2025-01-12 17:00:00+00:00, run_after=2025-01-12 18:00:00+00:00
[2025-01-12T16:56:09.017+0000] {processor.py:208} INFO - Processing /app/dags/train_xgboost_pipeline.py took 1.487 seconds
[2025-01-12T16:56:39.145+0000] {processor.py:186} INFO - Started process (PID=603) to work on /app/dags/train_xgboost_pipeline.py
[2025-01-12T16:56:39.147+0000] {processor.py:914} INFO - Processing file /app/dags/train_xgboost_pipeline.py for tasks to queue
[2025-01-12T16:56:39.149+0000] {logging_mixin.py:190} INFO - [2025-01-12T16:56:39.149+0000] {dagbag.py:588} INFO - Filling up the DagBag from /app/dags/train_xgboost_pipeline.py
[2025-01-12T16:56:40.441+0000] {processor.py:925} INFO - DAG(s) 'xgboost_drift_pipeline' retrieved from /app/dags/train_xgboost_pipeline.py
[2025-01-12T16:56:40.554+0000] {logging_mixin.py:190} INFO - [2025-01-12T16:56:40.554+0000] {dag.py:3239} INFO - Sync 1 DAGs
[2025-01-12T16:56:40.576+0000] {logging_mixin.py:190} INFO - [2025-01-12T16:56:40.576+0000] {dag.py:4180} INFO - Setting next_dagrun for xgboost_drift_pipeline to 2025-01-12 17:00:00+00:00, run_after=2025-01-12 18:00:00+00:00
[2025-01-12T16:56:40.607+0000] {processor.py:208} INFO - Processing /app/dags/train_xgboost_pipeline.py took 1.469 seconds
[2025-01-12T17:21:55.097+0000] {processor.py:186} INFO - Started process (PID=156) to work on /app/dags/train_xgboost_pipeline.py
[2025-01-12T17:21:55.099+0000] {processor.py:914} INFO - Processing file /app/dags/train_xgboost_pipeline.py for tasks to queue
[2025-01-12T17:21:55.103+0000] {logging_mixin.py:190} INFO - [2025-01-12T17:21:55.102+0000] {dagbag.py:588} INFO - Filling up the DagBag from /app/dags/train_xgboost_pipeline.py
[2025-01-12T17:21:59.954+0000] {processor.py:925} INFO - DAG(s) 'xgboost_drift_pipeline' retrieved from /app/dags/train_xgboost_pipeline.py
[2025-01-12T17:22:00.145+0000] {logging_mixin.py:190} INFO - [2025-01-12T17:22:00.145+0000] {dag.py:3239} INFO - Sync 1 DAGs
[2025-01-12T17:22:00.178+0000] {logging_mixin.py:190} INFO - [2025-01-12T17:22:00.178+0000] {dag.py:4180} INFO - Setting next_dagrun for xgboost_drift_pipeline to 2025-01-12 18:00:00+00:00, run_after=2025-01-12 19:00:00+00:00
[2025-01-12T17:22:00.239+0000] {processor.py:208} INFO - Processing /app/dags/train_xgboost_pipeline.py took 5.154 seconds
[2025-01-12T17:22:30.493+0000] {processor.py:186} INFO - Started process (PID=264) to work on /app/dags/train_xgboost_pipeline.py
[2025-01-12T17:22:30.495+0000] {processor.py:914} INFO - Processing file /app/dags/train_xgboost_pipeline.py for tasks to queue
[2025-01-12T17:22:30.504+0000] {logging_mixin.py:190} INFO - [2025-01-12T17:22:30.503+0000] {dagbag.py:588} INFO - Filling up the DagBag from /app/dags/train_xgboost_pipeline.py
[2025-01-12T17:22:32.226+0000] {processor.py:925} INFO - DAG(s) 'xgboost_drift_pipeline' retrieved from /app/dags/train_xgboost_pipeline.py
[2025-01-12T17:22:32.367+0000] {logging_mixin.py:190} INFO - [2025-01-12T17:22:32.366+0000] {dag.py:3239} INFO - Sync 1 DAGs
[2025-01-12T17:22:32.397+0000] {logging_mixin.py:190} INFO - [2025-01-12T17:22:32.396+0000] {dag.py:4180} INFO - Setting next_dagrun for xgboost_drift_pipeline to 2025-01-12 18:00:00+00:00, run_after=2025-01-12 19:00:00+00:00
[2025-01-12T17:22:32.419+0000] {processor.py:208} INFO - Processing /app/dags/train_xgboost_pipeline.py took 1.952 seconds
[2025-01-12T17:23:02.842+0000] {processor.py:186} INFO - Started process (PID=284) to work on /app/dags/train_xgboost_pipeline.py
[2025-01-12T17:23:02.843+0000] {processor.py:914} INFO - Processing file /app/dags/train_xgboost_pipeline.py for tasks to queue
[2025-01-12T17:23:02.846+0000] {logging_mixin.py:190} INFO - [2025-01-12T17:23:02.845+0000] {dagbag.py:588} INFO - Filling up the DagBag from /app/dags/train_xgboost_pipeline.py
[2025-01-12T17:23:04.093+0000] {processor.py:925} INFO - DAG(s) 'xgboost_drift_pipeline' retrieved from /app/dags/train_xgboost_pipeline.py
[2025-01-12T17:23:04.205+0000] {logging_mixin.py:190} INFO - [2025-01-12T17:23:04.205+0000] {dag.py:3239} INFO - Sync 1 DAGs
[2025-01-12T17:23:04.229+0000] {logging_mixin.py:190} INFO - [2025-01-12T17:23:04.228+0000] {dag.py:4180} INFO - Setting next_dagrun for xgboost_drift_pipeline to 2025-01-12 18:00:00+00:00, run_after=2025-01-12 19:00:00+00:00
[2025-01-12T17:23:04.262+0000] {processor.py:208} INFO - Processing /app/dags/train_xgboost_pipeline.py took 1.428 seconds
[2025-01-12T17:23:34.644+0000] {processor.py:186} INFO - Started process (PID=304) to work on /app/dags/train_xgboost_pipeline.py
[2025-01-12T17:23:34.645+0000] {processor.py:914} INFO - Processing file /app/dags/train_xgboost_pipeline.py for tasks to queue
[2025-01-12T17:23:34.648+0000] {logging_mixin.py:190} INFO - [2025-01-12T17:23:34.648+0000] {dagbag.py:588} INFO - Filling up the DagBag from /app/dags/train_xgboost_pipeline.py
[2025-01-12T17:23:35.960+0000] {processor.py:925} INFO - DAG(s) 'xgboost_drift_pipeline' retrieved from /app/dags/train_xgboost_pipeline.py
[2025-01-12T17:23:36.078+0000] {logging_mixin.py:190} INFO - [2025-01-12T17:23:36.078+0000] {dag.py:3239} INFO - Sync 1 DAGs
[2025-01-12T17:23:36.107+0000] {logging_mixin.py:190} INFO - [2025-01-12T17:23:36.106+0000] {dag.py:4180} INFO - Setting next_dagrun for xgboost_drift_pipeline to 2025-01-12 18:00:00+00:00, run_after=2025-01-12 19:00:00+00:00
[2025-01-12T17:23:36.132+0000] {processor.py:208} INFO - Processing /app/dags/train_xgboost_pipeline.py took 1.495 seconds
[2025-01-12T17:31:38.662+0000] {processor.py:186} INFO - Started process (PID=158) to work on /app/dags/train_xgboost_pipeline.py
[2025-01-12T17:31:38.673+0000] {processor.py:914} INFO - Processing file /app/dags/train_xgboost_pipeline.py for tasks to queue
[2025-01-12T17:31:38.686+0000] {logging_mixin.py:190} INFO - [2025-01-12T17:31:38.686+0000] {dagbag.py:588} INFO - Filling up the DagBag from /app/dags/train_xgboost_pipeline.py
[2025-01-12T17:31:44.613+0000] {processor.py:925} INFO - DAG(s) 'xgboost_drift_pipeline' retrieved from /app/dags/train_xgboost_pipeline.py
[2025-01-12T17:31:44.837+0000] {logging_mixin.py:190} INFO - [2025-01-12T17:31:44.837+0000] {dag.py:3239} INFO - Sync 1 DAGs
[2025-01-12T17:31:44.920+0000] {logging_mixin.py:190} INFO - [2025-01-12T17:31:44.920+0000] {dag.py:4180} INFO - Setting next_dagrun for xgboost_drift_pipeline to 2025-01-12 18:00:00+00:00, run_after=2025-01-12 19:00:00+00:00
[2025-01-12T17:31:44.952+0000] {processor.py:208} INFO - Processing /app/dags/train_xgboost_pipeline.py took 6.317 seconds
[2025-01-12T17:32:15.129+0000] {processor.py:186} INFO - Started process (PID=270) to work on /app/dags/train_xgboost_pipeline.py
[2025-01-12T17:32:15.130+0000] {processor.py:914} INFO - Processing file /app/dags/train_xgboost_pipeline.py for tasks to queue
[2025-01-12T17:32:15.132+0000] {logging_mixin.py:190} INFO - [2025-01-12T17:32:15.132+0000] {dagbag.py:588} INFO - Filling up the DagBag from /app/dags/train_xgboost_pipeline.py
[2025-01-12T17:32:16.528+0000] {processor.py:925} INFO - DAG(s) 'xgboost_drift_pipeline' retrieved from /app/dags/train_xgboost_pipeline.py
[2025-01-12T17:32:16.645+0000] {logging_mixin.py:190} INFO - [2025-01-12T17:32:16.644+0000] {dag.py:3239} INFO - Sync 1 DAGs
[2025-01-12T17:32:16.676+0000] {logging_mixin.py:190} INFO - [2025-01-12T17:32:16.676+0000] {dag.py:4180} INFO - Setting next_dagrun for xgboost_drift_pipeline to 2025-01-12 18:00:00+00:00, run_after=2025-01-12 19:00:00+00:00
[2025-01-12T17:32:16.698+0000] {processor.py:208} INFO - Processing /app/dags/train_xgboost_pipeline.py took 1.577 seconds
[2025-01-12T17:32:46.936+0000] {processor.py:186} INFO - Started process (PID=310) to work on /app/dags/train_xgboost_pipeline.py
[2025-01-12T17:32:46.937+0000] {processor.py:914} INFO - Processing file /app/dags/train_xgboost_pipeline.py for tasks to queue
[2025-01-12T17:32:46.940+0000] {logging_mixin.py:190} INFO - [2025-01-12T17:32:46.939+0000] {dagbag.py:588} INFO - Filling up the DagBag from /app/dags/train_xgboost_pipeline.py
[2025-01-12T17:32:48.464+0000] {processor.py:925} INFO - DAG(s) 'xgboost_drift_pipeline' retrieved from /app/dags/train_xgboost_pipeline.py
[2025-01-12T17:32:48.597+0000] {logging_mixin.py:190} INFO - [2025-01-12T17:32:48.596+0000] {dag.py:3239} INFO - Sync 1 DAGs
[2025-01-12T17:32:48.625+0000] {logging_mixin.py:190} INFO - [2025-01-12T17:32:48.625+0000] {dag.py:4180} INFO - Setting next_dagrun for xgboost_drift_pipeline to 2025-01-12 18:00:00+00:00, run_after=2025-01-12 19:00:00+00:00
[2025-01-12T17:32:48.649+0000] {processor.py:208} INFO - Processing /app/dags/train_xgboost_pipeline.py took 1.719 seconds
[2025-01-12T17:33:18.986+0000] {processor.py:186} INFO - Started process (PID=350) to work on /app/dags/train_xgboost_pipeline.py
[2025-01-12T17:33:18.987+0000] {processor.py:914} INFO - Processing file /app/dags/train_xgboost_pipeline.py for tasks to queue
[2025-01-12T17:33:18.990+0000] {logging_mixin.py:190} INFO - [2025-01-12T17:33:18.990+0000] {dagbag.py:588} INFO - Filling up the DagBag from /app/dags/train_xgboost_pipeline.py
[2025-01-12T17:33:20.445+0000] {processor.py:925} INFO - DAG(s) 'xgboost_drift_pipeline' retrieved from /app/dags/train_xgboost_pipeline.py
[2025-01-12T17:33:20.544+0000] {logging_mixin.py:190} INFO - [2025-01-12T17:33:20.543+0000] {dag.py:3239} INFO - Sync 1 DAGs
[2025-01-12T17:33:20.572+0000] {logging_mixin.py:190} INFO - [2025-01-12T17:33:20.571+0000] {dag.py:4180} INFO - Setting next_dagrun for xgboost_drift_pipeline to 2025-01-12 18:00:00+00:00, run_after=2025-01-12 19:00:00+00:00
[2025-01-12T17:33:20.595+0000] {processor.py:208} INFO - Processing /app/dags/train_xgboost_pipeline.py took 1.618 seconds
[2025-01-12T17:34:22.052+0000] {processor.py:186} INFO - Started process (PID=158) to work on /app/dags/train_xgboost_pipeline.py
[2025-01-12T17:34:22.054+0000] {processor.py:914} INFO - Processing file /app/dags/train_xgboost_pipeline.py for tasks to queue
[2025-01-12T17:34:22.058+0000] {logging_mixin.py:190} INFO - [2025-01-12T17:34:22.058+0000] {dagbag.py:588} INFO - Filling up the DagBag from /app/dags/train_xgboost_pipeline.py
[2025-01-12T17:34:24.076+0000] {processor.py:925} INFO - DAG(s) 'xgboost_drift_pipeline' retrieved from /app/dags/train_xgboost_pipeline.py
[2025-01-12T17:34:24.341+0000] {logging_mixin.py:190} INFO - [2025-01-12T17:34:24.341+0000] {dag.py:3239} INFO - Sync 1 DAGs
[2025-01-12T17:34:24.378+0000] {logging_mixin.py:190} INFO - [2025-01-12T17:34:24.378+0000] {dag.py:4180} INFO - Setting next_dagrun for xgboost_drift_pipeline to 2025-01-12 18:00:00+00:00, run_after=2025-01-12 19:00:00+00:00
[2025-01-12T17:34:24.406+0000] {processor.py:208} INFO - Processing /app/dags/train_xgboost_pipeline.py took 2.372 seconds
[2025-01-12T17:34:54.997+0000] {processor.py:186} INFO - Started process (PID=200) to work on /app/dags/train_xgboost_pipeline.py
[2025-01-12T17:34:54.998+0000] {processor.py:914} INFO - Processing file /app/dags/train_xgboost_pipeline.py for tasks to queue
[2025-01-12T17:34:55.000+0000] {logging_mixin.py:190} INFO - [2025-01-12T17:34:55.000+0000] {dagbag.py:588} INFO - Filling up the DagBag from /app/dags/train_xgboost_pipeline.py
[2025-01-12T17:34:56.370+0000] {processor.py:925} INFO - DAG(s) 'xgboost_drift_pipeline' retrieved from /app/dags/train_xgboost_pipeline.py
[2025-01-12T17:34:56.483+0000] {logging_mixin.py:190} INFO - [2025-01-12T17:34:56.482+0000] {dag.py:3239} INFO - Sync 1 DAGs
[2025-01-12T17:34:56.509+0000] {logging_mixin.py:190} INFO - [2025-01-12T17:34:56.509+0000] {dag.py:4180} INFO - Setting next_dagrun for xgboost_drift_pipeline to 2025-01-12 18:00:00+00:00, run_after=2025-01-12 19:00:00+00:00
[2025-01-12T17:34:56.528+0000] {processor.py:208} INFO - Processing /app/dags/train_xgboost_pipeline.py took 1.538 seconds
[2025-01-12T17:35:26.770+0000] {processor.py:186} INFO - Started process (PID=240) to work on /app/dags/train_xgboost_pipeline.py
[2025-01-12T17:35:26.771+0000] {processor.py:914} INFO - Processing file /app/dags/train_xgboost_pipeline.py for tasks to queue
[2025-01-12T17:35:26.774+0000] {logging_mixin.py:190} INFO - [2025-01-12T17:35:26.773+0000] {dagbag.py:588} INFO - Filling up the DagBag from /app/dags/train_xgboost_pipeline.py
[2025-01-12T17:36:56.521+0000] {processor.py:186} INFO - Started process (PID=164) to work on /app/dags/train_xgboost_pipeline.py
[2025-01-12T17:36:56.522+0000] {processor.py:914} INFO - Processing file /app/dags/train_xgboost_pipeline.py for tasks to queue
[2025-01-12T17:36:56.527+0000] {logging_mixin.py:190} INFO - [2025-01-12T17:36:56.526+0000] {dagbag.py:588} INFO - Filling up the DagBag from /app/dags/train_xgboost_pipeline.py
[2025-01-12T17:36:58.373+0000] {processor.py:925} INFO - DAG(s) 'xgboost_drift_pipeline' retrieved from /app/dags/train_xgboost_pipeline.py
[2025-01-12T17:36:58.516+0000] {logging_mixin.py:190} INFO - [2025-01-12T17:36:58.516+0000] {dag.py:3239} INFO - Sync 1 DAGs
[2025-01-12T17:36:58.546+0000] {logging_mixin.py:190} INFO - [2025-01-12T17:36:58.545+0000] {dag.py:4180} INFO - Setting next_dagrun for xgboost_drift_pipeline to 2025-01-12 18:00:00+00:00, run_after=2025-01-12 19:00:00+00:00
[2025-01-12T17:36:58.569+0000] {processor.py:208} INFO - Processing /app/dags/train_xgboost_pipeline.py took 2.055 seconds
[2025-01-12T17:37:29.127+0000] {processor.py:186} INFO - Started process (PID=210) to work on /app/dags/train_xgboost_pipeline.py
[2025-01-12T17:37:29.127+0000] {processor.py:914} INFO - Processing file /app/dags/train_xgboost_pipeline.py for tasks to queue
[2025-01-12T17:37:29.131+0000] {logging_mixin.py:190} INFO - [2025-01-12T17:37:29.131+0000] {dagbag.py:588} INFO - Filling up the DagBag from /app/dags/train_xgboost_pipeline.py
[2025-01-12T17:37:31.097+0000] {processor.py:925} INFO - DAG(s) 'xgboost_drift_pipeline' retrieved from /app/dags/train_xgboost_pipeline.py
[2025-01-12T17:37:31.208+0000] {logging_mixin.py:190} INFO - [2025-01-12T17:37:31.208+0000] {dag.py:3239} INFO - Sync 1 DAGs
[2025-01-12T17:37:31.231+0000] {logging_mixin.py:190} INFO - [2025-01-12T17:37:31.231+0000] {dag.py:4180} INFO - Setting next_dagrun for xgboost_drift_pipeline to 2025-01-12 18:00:00+00:00, run_after=2025-01-12 19:00:00+00:00
[2025-01-12T17:37:31.250+0000] {processor.py:208} INFO - Processing /app/dags/train_xgboost_pipeline.py took 2.131 seconds
[2025-01-12T17:38:01.675+0000] {processor.py:186} INFO - Started process (PID=250) to work on /app/dags/train_xgboost_pipeline.py
[2025-01-12T17:38:01.678+0000] {processor.py:914} INFO - Processing file /app/dags/train_xgboost_pipeline.py for tasks to queue
[2025-01-12T17:38:01.682+0000] {logging_mixin.py:190} INFO - [2025-01-12T17:38:01.681+0000] {dagbag.py:588} INFO - Filling up the DagBag from /app/dags/train_xgboost_pipeline.py
[2025-01-12T17:38:04.035+0000] {processor.py:925} INFO - DAG(s) 'xgboost_drift_pipeline' retrieved from /app/dags/train_xgboost_pipeline.py
[2025-01-12T17:38:04.415+0000] {logging_mixin.py:190} INFO - [2025-01-12T17:38:04.414+0000] {dag.py:3239} INFO - Sync 1 DAGs
[2025-01-12T17:38:04.494+0000] {logging_mixin.py:190} INFO - [2025-01-12T17:38:04.493+0000] {dag.py:4180} INFO - Setting next_dagrun for xgboost_drift_pipeline to 2025-01-12 18:00:00+00:00, run_after=2025-01-12 19:00:00+00:00
[2025-01-12T17:38:04.550+0000] {processor.py:208} INFO - Processing /app/dags/train_xgboost_pipeline.py took 2.891 seconds
