[2025-01-01T16:02:58.847+0000] {processor.py:186} INFO - Started process (PID=156) to work on /app/dags/train_xgboost_pipeline.py
[2025-01-01T16:02:58.853+0000] {processor.py:914} INFO - Processing file /app/dags/train_xgboost_pipeline.py for tasks to queue
[2025-01-01T16:02:58.857+0000] {logging_mixin.py:190} INFO - [2025-01-01T16:02:58.856+0000] {dagbag.py:588} INFO - Filling up the DagBag from /app/dags/train_xgboost_pipeline.py
[2025-01-01T16:03:05.003+0000] {processor.py:925} INFO - DAG(s) 'xgboost_drift_pipeline' retrieved from /app/dags/train_xgboost_pipeline.py
[2025-01-01T16:03:05.238+0000] {logging_mixin.py:190} INFO - [2025-01-01T16:03:05.237+0000] {dag.py:3239} INFO - Sync 1 DAGs
[2025-01-01T16:03:05.275+0000] {logging_mixin.py:190} INFO - [2025-01-01T16:03:05.275+0000] {dag.py:4180} INFO - Setting next_dagrun for xgboost_drift_pipeline to 2025-01-01 17:00:00+00:00, run_after=2025-01-01 18:00:00+00:00
[2025-01-01T16:03:05.313+0000] {processor.py:208} INFO - Processing /app/dags/train_xgboost_pipeline.py took 6.479 seconds
[2025-01-01T16:03:35.706+0000] {processor.py:186} INFO - Started process (PID=345) to work on /app/dags/train_xgboost_pipeline.py
[2025-01-01T16:03:35.708+0000] {processor.py:914} INFO - Processing file /app/dags/train_xgboost_pipeline.py for tasks to queue
[2025-01-01T16:03:35.712+0000] {logging_mixin.py:190} INFO - [2025-01-01T16:03:35.712+0000] {dagbag.py:588} INFO - Filling up the DagBag from /app/dags/train_xgboost_pipeline.py
[2025-01-01T16:03:37.019+0000] {processor.py:925} INFO - DAG(s) 'xgboost_drift_pipeline' retrieved from /app/dags/train_xgboost_pipeline.py
[2025-01-01T16:03:37.116+0000] {logging_mixin.py:190} INFO - [2025-01-01T16:03:37.116+0000] {dag.py:3239} INFO - Sync 1 DAGs
[2025-01-01T16:03:37.138+0000] {logging_mixin.py:190} INFO - [2025-01-01T16:03:37.137+0000] {dag.py:4180} INFO - Setting next_dagrun for xgboost_drift_pipeline to 2025-01-01 17:00:00+00:00, run_after=2025-01-01 18:00:00+00:00
[2025-01-01T16:03:37.157+0000] {processor.py:208} INFO - Processing /app/dags/train_xgboost_pipeline.py took 1.463 seconds
[2025-01-01T16:04:07.398+0000] {processor.py:186} INFO - Started process (PID=365) to work on /app/dags/train_xgboost_pipeline.py
[2025-01-01T16:04:07.399+0000] {processor.py:914} INFO - Processing file /app/dags/train_xgboost_pipeline.py for tasks to queue
[2025-01-01T16:04:07.401+0000] {logging_mixin.py:190} INFO - [2025-01-01T16:04:07.401+0000] {dagbag.py:588} INFO - Filling up the DagBag from /app/dags/train_xgboost_pipeline.py
[2025-01-01T16:04:08.866+0000] {processor.py:925} INFO - DAG(s) 'xgboost_drift_pipeline' retrieved from /app/dags/train_xgboost_pipeline.py
[2025-01-01T16:04:08.977+0000] {logging_mixin.py:190} INFO - [2025-01-01T16:04:08.976+0000] {dag.py:3239} INFO - Sync 1 DAGs
[2025-01-01T16:04:09.000+0000] {logging_mixin.py:190} INFO - [2025-01-01T16:04:09.000+0000] {dag.py:4180} INFO - Setting next_dagrun for xgboost_drift_pipeline to 2025-01-01 17:00:00+00:00, run_after=2025-01-01 18:00:00+00:00
[2025-01-01T16:04:09.019+0000] {processor.py:208} INFO - Processing /app/dags/train_xgboost_pipeline.py took 1.627 seconds
[2025-01-01T16:04:39.306+0000] {processor.py:186} INFO - Started process (PID=385) to work on /app/dags/train_xgboost_pipeline.py
[2025-01-01T16:04:39.307+0000] {processor.py:914} INFO - Processing file /app/dags/train_xgboost_pipeline.py for tasks to queue
[2025-01-01T16:04:39.310+0000] {logging_mixin.py:190} INFO - [2025-01-01T16:04:39.309+0000] {dagbag.py:588} INFO - Filling up the DagBag from /app/dags/train_xgboost_pipeline.py
[2025-01-01T16:04:40.840+0000] {processor.py:925} INFO - DAG(s) 'xgboost_drift_pipeline' retrieved from /app/dags/train_xgboost_pipeline.py
[2025-01-01T16:04:40.985+0000] {logging_mixin.py:190} INFO - [2025-01-01T16:04:40.984+0000] {dag.py:3239} INFO - Sync 1 DAGs
[2025-01-01T16:04:41.014+0000] {logging_mixin.py:190} INFO - [2025-01-01T16:04:41.013+0000] {dag.py:4180} INFO - Setting next_dagrun for xgboost_drift_pipeline to 2025-01-01 17:00:00+00:00, run_after=2025-01-01 18:00:00+00:00
[2025-01-01T16:04:41.036+0000] {processor.py:208} INFO - Processing /app/dags/train_xgboost_pipeline.py took 1.740 seconds
[2025-01-01T16:05:11.630+0000] {processor.py:186} INFO - Started process (PID=405) to work on /app/dags/train_xgboost_pipeline.py
[2025-01-01T16:05:11.634+0000] {processor.py:914} INFO - Processing file /app/dags/train_xgboost_pipeline.py for tasks to queue
[2025-01-01T16:05:11.639+0000] {logging_mixin.py:190} INFO - [2025-01-01T16:05:11.639+0000] {dagbag.py:588} INFO - Filling up the DagBag from /app/dags/train_xgboost_pipeline.py
[2025-01-01T16:05:12.908+0000] {processor.py:925} INFO - DAG(s) 'xgboost_drift_pipeline' retrieved from /app/dags/train_xgboost_pipeline.py
[2025-01-01T16:05:13.023+0000] {logging_mixin.py:190} INFO - [2025-01-01T16:05:13.022+0000] {dag.py:3239} INFO - Sync 1 DAGs
[2025-01-01T16:05:13.047+0000] {logging_mixin.py:190} INFO - [2025-01-01T16:05:13.047+0000] {dag.py:4180} INFO - Setting next_dagrun for xgboost_drift_pipeline to 2025-01-01 17:00:00+00:00, run_after=2025-01-01 18:00:00+00:00
[2025-01-01T16:05:13.066+0000] {processor.py:208} INFO - Processing /app/dags/train_xgboost_pipeline.py took 1.459 seconds
[2025-01-01T16:05:43.504+0000] {processor.py:186} INFO - Started process (PID=425) to work on /app/dags/train_xgboost_pipeline.py
[2025-01-01T16:05:43.506+0000] {processor.py:914} INFO - Processing file /app/dags/train_xgboost_pipeline.py for tasks to queue
[2025-01-01T16:05:43.508+0000] {logging_mixin.py:190} INFO - [2025-01-01T16:05:43.508+0000] {dagbag.py:588} INFO - Filling up the DagBag from /app/dags/train_xgboost_pipeline.py
[2025-01-01T16:05:44.720+0000] {processor.py:925} INFO - DAG(s) 'xgboost_drift_pipeline' retrieved from /app/dags/train_xgboost_pipeline.py
[2025-01-01T16:05:44.852+0000] {logging_mixin.py:190} INFO - [2025-01-01T16:05:44.851+0000] {dag.py:3239} INFO - Sync 1 DAGs
[2025-01-01T16:05:44.880+0000] {logging_mixin.py:190} INFO - [2025-01-01T16:05:44.880+0000] {dag.py:4180} INFO - Setting next_dagrun for xgboost_drift_pipeline to 2025-01-01 17:00:00+00:00, run_after=2025-01-01 18:00:00+00:00
[2025-01-01T16:05:44.903+0000] {processor.py:208} INFO - Processing /app/dags/train_xgboost_pipeline.py took 1.406 seconds
[2025-01-01T16:06:15.323+0000] {processor.py:186} INFO - Started process (PID=445) to work on /app/dags/train_xgboost_pipeline.py
[2025-01-01T16:06:15.324+0000] {processor.py:914} INFO - Processing file /app/dags/train_xgboost_pipeline.py for tasks to queue
[2025-01-01T16:06:15.327+0000] {logging_mixin.py:190} INFO - [2025-01-01T16:06:15.327+0000] {dagbag.py:588} INFO - Filling up the DagBag from /app/dags/train_xgboost_pipeline.py
[2025-01-01T16:06:16.566+0000] {processor.py:925} INFO - DAG(s) 'xgboost_drift_pipeline' retrieved from /app/dags/train_xgboost_pipeline.py
[2025-01-01T16:06:16.675+0000] {logging_mixin.py:190} INFO - [2025-01-01T16:06:16.675+0000] {dag.py:3239} INFO - Sync 1 DAGs
[2025-01-01T16:06:16.698+0000] {logging_mixin.py:190} INFO - [2025-01-01T16:06:16.698+0000] {dag.py:4180} INFO - Setting next_dagrun for xgboost_drift_pipeline to 2025-01-01 17:00:00+00:00, run_after=2025-01-01 18:00:00+00:00
[2025-01-01T16:06:16.722+0000] {processor.py:208} INFO - Processing /app/dags/train_xgboost_pipeline.py took 1.406 seconds
[2025-01-01T16:06:47.133+0000] {processor.py:186} INFO - Started process (PID=465) to work on /app/dags/train_xgboost_pipeline.py
[2025-01-01T16:06:47.134+0000] {processor.py:914} INFO - Processing file /app/dags/train_xgboost_pipeline.py for tasks to queue
[2025-01-01T16:06:47.135+0000] {logging_mixin.py:190} INFO - [2025-01-01T16:06:47.135+0000] {dagbag.py:588} INFO - Filling up the DagBag from /app/dags/train_xgboost_pipeline.py
[2025-01-01T16:06:48.428+0000] {processor.py:925} INFO - DAG(s) 'xgboost_drift_pipeline' retrieved from /app/dags/train_xgboost_pipeline.py
[2025-01-01T16:06:48.540+0000] {logging_mixin.py:190} INFO - [2025-01-01T16:06:48.539+0000] {dag.py:3239} INFO - Sync 1 DAGs
[2025-01-01T16:06:48.559+0000] {logging_mixin.py:190} INFO - [2025-01-01T16:06:48.559+0000] {dag.py:4180} INFO - Setting next_dagrun for xgboost_drift_pipeline to 2025-01-01 17:00:00+00:00, run_after=2025-01-01 18:00:00+00:00
[2025-01-01T16:06:48.576+0000] {processor.py:208} INFO - Processing /app/dags/train_xgboost_pipeline.py took 1.457 seconds
[2025-01-01T16:07:19.034+0000] {processor.py:186} INFO - Started process (PID=485) to work on /app/dags/train_xgboost_pipeline.py
[2025-01-01T16:07:19.035+0000] {processor.py:914} INFO - Processing file /app/dags/train_xgboost_pipeline.py for tasks to queue
[2025-01-01T16:07:19.038+0000] {logging_mixin.py:190} INFO - [2025-01-01T16:07:19.038+0000] {dagbag.py:588} INFO - Filling up the DagBag from /app/dags/train_xgboost_pipeline.py
[2025-01-01T16:07:20.271+0000] {processor.py:925} INFO - DAG(s) 'xgboost_drift_pipeline' retrieved from /app/dags/train_xgboost_pipeline.py
[2025-01-01T16:07:20.381+0000] {logging_mixin.py:190} INFO - [2025-01-01T16:07:20.381+0000] {dag.py:3239} INFO - Sync 1 DAGs
[2025-01-01T16:07:20.405+0000] {logging_mixin.py:190} INFO - [2025-01-01T16:07:20.404+0000] {dag.py:4180} INFO - Setting next_dagrun for xgboost_drift_pipeline to 2025-01-01 17:00:00+00:00, run_after=2025-01-01 18:00:00+00:00
[2025-01-01T16:07:20.427+0000] {processor.py:208} INFO - Processing /app/dags/train_xgboost_pipeline.py took 1.401 seconds
[2025-01-01T16:07:50.816+0000] {processor.py:186} INFO - Started process (PID=505) to work on /app/dags/train_xgboost_pipeline.py
[2025-01-01T16:07:50.818+0000] {processor.py:914} INFO - Processing file /app/dags/train_xgboost_pipeline.py for tasks to queue
[2025-01-01T16:07:50.820+0000] {logging_mixin.py:190} INFO - [2025-01-01T16:07:50.820+0000] {dagbag.py:588} INFO - Filling up the DagBag from /app/dags/train_xgboost_pipeline.py
[2025-01-01T16:07:52.143+0000] {processor.py:925} INFO - DAG(s) 'xgboost_drift_pipeline' retrieved from /app/dags/train_xgboost_pipeline.py
[2025-01-01T16:07:52.252+0000] {logging_mixin.py:190} INFO - [2025-01-01T16:07:52.251+0000] {dag.py:3239} INFO - Sync 1 DAGs
[2025-01-01T16:07:52.276+0000] {logging_mixin.py:190} INFO - [2025-01-01T16:07:52.276+0000] {dag.py:4180} INFO - Setting next_dagrun for xgboost_drift_pipeline to 2025-01-01 17:00:00+00:00, run_after=2025-01-01 18:00:00+00:00
[2025-01-01T16:07:52.299+0000] {processor.py:208} INFO - Processing /app/dags/train_xgboost_pipeline.py took 1.495 seconds
[2025-01-01T16:08:22.743+0000] {processor.py:186} INFO - Started process (PID=525) to work on /app/dags/train_xgboost_pipeline.py
[2025-01-01T16:08:22.744+0000] {processor.py:914} INFO - Processing file /app/dags/train_xgboost_pipeline.py for tasks to queue
[2025-01-01T16:08:22.746+0000] {logging_mixin.py:190} INFO - [2025-01-01T16:08:22.746+0000] {dagbag.py:588} INFO - Filling up the DagBag from /app/dags/train_xgboost_pipeline.py
[2025-01-01T16:08:24.007+0000] {processor.py:925} INFO - DAG(s) 'xgboost_drift_pipeline' retrieved from /app/dags/train_xgboost_pipeline.py
[2025-01-01T16:08:24.139+0000] {logging_mixin.py:190} INFO - [2025-01-01T16:08:24.139+0000] {dag.py:3239} INFO - Sync 1 DAGs
[2025-01-01T16:08:24.164+0000] {logging_mixin.py:190} INFO - [2025-01-01T16:08:24.164+0000] {dag.py:4180} INFO - Setting next_dagrun for xgboost_drift_pipeline to 2025-01-01 17:00:00+00:00, run_after=2025-01-01 18:00:00+00:00
[2025-01-01T16:08:24.188+0000] {processor.py:208} INFO - Processing /app/dags/train_xgboost_pipeline.py took 1.454 seconds
[2025-01-01T16:08:54.556+0000] {processor.py:186} INFO - Started process (PID=545) to work on /app/dags/train_xgboost_pipeline.py
[2025-01-01T16:08:54.557+0000] {processor.py:914} INFO - Processing file /app/dags/train_xgboost_pipeline.py for tasks to queue
[2025-01-01T16:08:54.561+0000] {logging_mixin.py:190} INFO - [2025-01-01T16:08:54.559+0000] {dagbag.py:588} INFO - Filling up the DagBag from /app/dags/train_xgboost_pipeline.py
[2025-01-01T16:08:55.914+0000] {processor.py:925} INFO - DAG(s) 'xgboost_drift_pipeline' retrieved from /app/dags/train_xgboost_pipeline.py
[2025-01-01T16:08:56.035+0000] {logging_mixin.py:190} INFO - [2025-01-01T16:08:56.035+0000] {dag.py:3239} INFO - Sync 1 DAGs
[2025-01-01T16:08:56.060+0000] {logging_mixin.py:190} INFO - [2025-01-01T16:08:56.060+0000] {dag.py:4180} INFO - Setting next_dagrun for xgboost_drift_pipeline to 2025-01-01 17:00:00+00:00, run_after=2025-01-01 18:00:00+00:00
[2025-01-01T16:08:56.083+0000] {processor.py:208} INFO - Processing /app/dags/train_xgboost_pipeline.py took 1.535 seconds
[2025-01-01T16:09:26.688+0000] {processor.py:186} INFO - Started process (PID=565) to work on /app/dags/train_xgboost_pipeline.py
[2025-01-01T16:09:26.689+0000] {processor.py:914} INFO - Processing file /app/dags/train_xgboost_pipeline.py for tasks to queue
[2025-01-01T16:09:26.692+0000] {logging_mixin.py:190} INFO - [2025-01-01T16:09:26.692+0000] {dagbag.py:588} INFO - Filling up the DagBag from /app/dags/train_xgboost_pipeline.py
[2025-01-01T16:09:27.874+0000] {processor.py:925} INFO - DAG(s) 'xgboost_drift_pipeline' retrieved from /app/dags/train_xgboost_pipeline.py
[2025-01-01T16:09:27.970+0000] {logging_mixin.py:190} INFO - [2025-01-01T16:09:27.969+0000] {dag.py:3239} INFO - Sync 1 DAGs
[2025-01-01T16:09:27.989+0000] {logging_mixin.py:190} INFO - [2025-01-01T16:09:27.989+0000] {dag.py:4180} INFO - Setting next_dagrun for xgboost_drift_pipeline to 2025-01-01 17:00:00+00:00, run_after=2025-01-01 18:00:00+00:00
[2025-01-01T16:09:28.009+0000] {processor.py:208} INFO - Processing /app/dags/train_xgboost_pipeline.py took 1.329 seconds
[2025-01-01T16:09:58.442+0000] {processor.py:186} INFO - Started process (PID=585) to work on /app/dags/train_xgboost_pipeline.py
[2025-01-01T16:09:58.443+0000] {processor.py:914} INFO - Processing file /app/dags/train_xgboost_pipeline.py for tasks to queue
[2025-01-01T16:09:58.446+0000] {logging_mixin.py:190} INFO - [2025-01-01T16:09:58.445+0000] {dagbag.py:588} INFO - Filling up the DagBag from /app/dags/train_xgboost_pipeline.py
[2025-01-01T16:09:59.731+0000] {processor.py:925} INFO - DAG(s) 'xgboost_drift_pipeline' retrieved from /app/dags/train_xgboost_pipeline.py
[2025-01-01T16:09:59.862+0000] {logging_mixin.py:190} INFO - [2025-01-01T16:09:59.862+0000] {dag.py:3239} INFO - Sync 1 DAGs
[2025-01-01T16:09:59.893+0000] {logging_mixin.py:190} INFO - [2025-01-01T16:09:59.893+0000] {dag.py:4180} INFO - Setting next_dagrun for xgboost_drift_pipeline to 2025-01-01 17:00:00+00:00, run_after=2025-01-01 18:00:00+00:00
[2025-01-01T16:09:59.923+0000] {processor.py:208} INFO - Processing /app/dags/train_xgboost_pipeline.py took 1.489 seconds
[2025-01-01T16:10:30.379+0000] {processor.py:186} INFO - Started process (PID=605) to work on /app/dags/train_xgboost_pipeline.py
[2025-01-01T16:10:30.381+0000] {processor.py:914} INFO - Processing file /app/dags/train_xgboost_pipeline.py for tasks to queue
[2025-01-01T16:10:30.383+0000] {logging_mixin.py:190} INFO - [2025-01-01T16:10:30.383+0000] {dagbag.py:588} INFO - Filling up the DagBag from /app/dags/train_xgboost_pipeline.py
[2025-01-01T16:10:31.577+0000] {processor.py:925} INFO - DAG(s) 'xgboost_drift_pipeline' retrieved from /app/dags/train_xgboost_pipeline.py
[2025-01-01T16:10:31.691+0000] {logging_mixin.py:190} INFO - [2025-01-01T16:10:31.690+0000] {dag.py:3239} INFO - Sync 1 DAGs
[2025-01-01T16:10:31.714+0000] {logging_mixin.py:190} INFO - [2025-01-01T16:10:31.713+0000] {dag.py:4180} INFO - Setting next_dagrun for xgboost_drift_pipeline to 2025-01-01 17:00:00+00:00, run_after=2025-01-01 18:00:00+00:00
[2025-01-01T16:10:31.743+0000] {processor.py:208} INFO - Processing /app/dags/train_xgboost_pipeline.py took 1.370 seconds
[2025-01-01T16:11:02.098+0000] {processor.py:186} INFO - Started process (PID=625) to work on /app/dags/train_xgboost_pipeline.py
[2025-01-01T16:11:02.100+0000] {processor.py:914} INFO - Processing file /app/dags/train_xgboost_pipeline.py for tasks to queue
[2025-01-01T16:11:02.102+0000] {logging_mixin.py:190} INFO - [2025-01-01T16:11:02.102+0000] {dagbag.py:588} INFO - Filling up the DagBag from /app/dags/train_xgboost_pipeline.py
[2025-01-01T16:11:03.271+0000] {processor.py:925} INFO - DAG(s) 'xgboost_drift_pipeline' retrieved from /app/dags/train_xgboost_pipeline.py
[2025-01-01T16:11:03.390+0000] {logging_mixin.py:190} INFO - [2025-01-01T16:11:03.390+0000] {dag.py:3239} INFO - Sync 1 DAGs
[2025-01-01T16:11:03.412+0000] {logging_mixin.py:190} INFO - [2025-01-01T16:11:03.412+0000] {dag.py:4180} INFO - Setting next_dagrun for xgboost_drift_pipeline to 2025-01-01 17:00:00+00:00, run_after=2025-01-01 18:00:00+00:00
[2025-01-01T16:11:03.435+0000] {processor.py:208} INFO - Processing /app/dags/train_xgboost_pipeline.py took 1.344 seconds
[2025-01-01T16:11:33.554+0000] {processor.py:186} INFO - Started process (PID=645) to work on /app/dags/train_xgboost_pipeline.py
[2025-01-01T16:11:33.555+0000] {processor.py:914} INFO - Processing file /app/dags/train_xgboost_pipeline.py for tasks to queue
[2025-01-01T16:11:33.557+0000] {logging_mixin.py:190} INFO - [2025-01-01T16:11:33.557+0000] {dagbag.py:588} INFO - Filling up the DagBag from /app/dags/train_xgboost_pipeline.py
[2025-01-01T16:11:34.716+0000] {processor.py:925} INFO - DAG(s) 'xgboost_drift_pipeline' retrieved from /app/dags/train_xgboost_pipeline.py
[2025-01-01T16:11:34.820+0000] {logging_mixin.py:190} INFO - [2025-01-01T16:11:34.820+0000] {dag.py:3239} INFO - Sync 1 DAGs
[2025-01-01T16:11:34.843+0000] {logging_mixin.py:190} INFO - [2025-01-01T16:11:34.843+0000] {dag.py:4180} INFO - Setting next_dagrun for xgboost_drift_pipeline to 2025-01-01 17:00:00+00:00, run_after=2025-01-01 18:00:00+00:00
[2025-01-01T16:11:34.864+0000] {processor.py:208} INFO - Processing /app/dags/train_xgboost_pipeline.py took 1.318 seconds
[2025-01-01T16:12:05.073+0000] {processor.py:186} INFO - Started process (PID=665) to work on /app/dags/train_xgboost_pipeline.py
[2025-01-01T16:12:05.074+0000] {processor.py:914} INFO - Processing file /app/dags/train_xgboost_pipeline.py for tasks to queue
[2025-01-01T16:12:05.076+0000] {logging_mixin.py:190} INFO - [2025-01-01T16:12:05.076+0000] {dagbag.py:588} INFO - Filling up the DagBag from /app/dags/train_xgboost_pipeline.py
[2025-01-01T16:12:06.203+0000] {processor.py:925} INFO - DAG(s) 'xgboost_drift_pipeline' retrieved from /app/dags/train_xgboost_pipeline.py
[2025-01-01T16:12:06.323+0000] {logging_mixin.py:190} INFO - [2025-01-01T16:12:06.323+0000] {dag.py:3239} INFO - Sync 1 DAGs
[2025-01-01T16:12:06.344+0000] {logging_mixin.py:190} INFO - [2025-01-01T16:12:06.344+0000] {dag.py:4180} INFO - Setting next_dagrun for xgboost_drift_pipeline to 2025-01-01 17:00:00+00:00, run_after=2025-01-01 18:00:00+00:00
[2025-01-01T16:12:06.360+0000] {processor.py:208} INFO - Processing /app/dags/train_xgboost_pipeline.py took 1.293 seconds
[2025-01-01T16:12:36.459+0000] {processor.py:186} INFO - Started process (PID=685) to work on /app/dags/train_xgboost_pipeline.py
[2025-01-01T16:12:36.461+0000] {processor.py:914} INFO - Processing file /app/dags/train_xgboost_pipeline.py for tasks to queue
[2025-01-01T16:12:36.463+0000] {logging_mixin.py:190} INFO - [2025-01-01T16:12:36.462+0000] {dagbag.py:588} INFO - Filling up the DagBag from /app/dags/train_xgboost_pipeline.py
[2025-01-01T16:12:37.699+0000] {processor.py:925} INFO - DAG(s) 'xgboost_drift_pipeline' retrieved from /app/dags/train_xgboost_pipeline.py
[2025-01-01T16:12:37.815+0000] {logging_mixin.py:190} INFO - [2025-01-01T16:12:37.815+0000] {dag.py:3239} INFO - Sync 1 DAGs
[2025-01-01T16:12:37.835+0000] {logging_mixin.py:190} INFO - [2025-01-01T16:12:37.835+0000] {dag.py:4180} INFO - Setting next_dagrun for xgboost_drift_pipeline to 2025-01-01 17:00:00+00:00, run_after=2025-01-01 18:00:00+00:00
[2025-01-01T16:12:37.852+0000] {processor.py:208} INFO - Processing /app/dags/train_xgboost_pipeline.py took 1.399 seconds
[2025-01-01T16:13:07.945+0000] {processor.py:186} INFO - Started process (PID=705) to work on /app/dags/train_xgboost_pipeline.py
[2025-01-01T16:13:07.946+0000] {processor.py:914} INFO - Processing file /app/dags/train_xgboost_pipeline.py for tasks to queue
[2025-01-01T16:13:07.949+0000] {logging_mixin.py:190} INFO - [2025-01-01T16:13:07.948+0000] {dagbag.py:588} INFO - Filling up the DagBag from /app/dags/train_xgboost_pipeline.py
[2025-01-01T16:13:09.241+0000] {processor.py:925} INFO - DAG(s) 'xgboost_drift_pipeline' retrieved from /app/dags/train_xgboost_pipeline.py
[2025-01-01T16:13:09.363+0000] {logging_mixin.py:190} INFO - [2025-01-01T16:13:09.362+0000] {dag.py:3239} INFO - Sync 1 DAGs
[2025-01-01T16:13:09.389+0000] {logging_mixin.py:190} INFO - [2025-01-01T16:13:09.388+0000] {dag.py:4180} INFO - Setting next_dagrun for xgboost_drift_pipeline to 2025-01-01 17:00:00+00:00, run_after=2025-01-01 18:00:00+00:00
[2025-01-01T16:13:09.412+0000] {processor.py:208} INFO - Processing /app/dags/train_xgboost_pipeline.py took 1.475 seconds
