[2025-01-14T06:54:23.921+0000] {processor.py:186} INFO - Started process (PID=155) to work on /app/dags/train_part.py
[2025-01-14T06:54:23.922+0000] {processor.py:914} INFO - Processing file /app/dags/train_part.py for tasks to queue
[2025-01-14T06:54:23.929+0000] {logging_mixin.py:190} INFO - [2025-01-14T06:54:23.928+0000] {dagbag.py:588} INFO - Filling up the DagBag from /app/dags/train_part.py
[2025-01-14T06:54:29.014+0000] {processor.py:925} INFO - DAG(s) 'train_xgboost_pipeline' retrieved from /app/dags/train_part.py
[2025-01-14T06:54:29.162+0000] {logging_mixin.py:190} INFO - [2025-01-14T06:54:29.162+0000] {dag.py:3239} INFO - Sync 1 DAGs
[2025-01-14T06:54:29.199+0000] {logging_mixin.py:190} INFO - [2025-01-14T06:54:29.199+0000] {dag.py:4180} INFO - Setting next_dagrun for train_xgboost_pipeline to 2025-01-14 07:00:00+00:00, run_after=2025-01-14 08:00:00+00:00
[2025-01-14T06:54:29.231+0000] {processor.py:208} INFO - Processing /app/dags/train_part.py took 5.322 seconds
[2025-01-14T06:54:59.422+0000] {processor.py:186} INFO - Started process (PID=234) to work on /app/dags/train_part.py
[2025-01-14T06:54:59.424+0000] {processor.py:914} INFO - Processing file /app/dags/train_part.py for tasks to queue
[2025-01-14T06:54:59.428+0000] {logging_mixin.py:190} INFO - [2025-01-14T06:54:59.428+0000] {dagbag.py:588} INFO - Filling up the DagBag from /app/dags/train_part.py
[2025-01-14T06:55:00.897+0000] {processor.py:925} INFO - DAG(s) 'train_xgboost_pipeline' retrieved from /app/dags/train_part.py
[2025-01-14T06:55:01.003+0000] {logging_mixin.py:190} INFO - [2025-01-14T06:55:01.002+0000] {dag.py:3239} INFO - Sync 1 DAGs
[2025-01-14T06:55:01.026+0000] {logging_mixin.py:190} INFO - [2025-01-14T06:55:01.026+0000] {dag.py:4180} INFO - Setting next_dagrun for train_xgboost_pipeline to 2025-01-14 07:00:00+00:00, run_after=2025-01-14 08:00:00+00:00
[2025-01-14T06:55:01.047+0000] {processor.py:208} INFO - Processing /app/dags/train_part.py took 1.633 seconds
[2025-01-14T06:55:31.441+0000] {processor.py:186} INFO - Started process (PID=274) to work on /app/dags/train_part.py
[2025-01-14T06:55:31.442+0000] {processor.py:914} INFO - Processing file /app/dags/train_part.py for tasks to queue
[2025-01-14T06:55:31.446+0000] {logging_mixin.py:190} INFO - [2025-01-14T06:55:31.445+0000] {dagbag.py:588} INFO - Filling up the DagBag from /app/dags/train_part.py
[2025-01-14T06:55:33.184+0000] {processor.py:925} INFO - DAG(s) 'train_xgboost_pipeline' retrieved from /app/dags/train_part.py
[2025-01-14T06:55:33.300+0000] {logging_mixin.py:190} INFO - [2025-01-14T06:55:33.300+0000] {dag.py:3239} INFO - Sync 1 DAGs
[2025-01-14T06:55:33.321+0000] {logging_mixin.py:190} INFO - [2025-01-14T06:55:33.320+0000] {dag.py:4180} INFO - Setting next_dagrun for train_xgboost_pipeline to 2025-01-14 07:00:00+00:00, run_after=2025-01-14 08:00:00+00:00
[2025-01-14T06:55:33.339+0000] {processor.py:208} INFO - Processing /app/dags/train_part.py took 1.905 seconds
[2025-01-14T06:56:03.640+0000] {processor.py:186} INFO - Started process (PID=314) to work on /app/dags/train_part.py
[2025-01-14T06:56:03.641+0000] {processor.py:914} INFO - Processing file /app/dags/train_part.py for tasks to queue
[2025-01-14T06:56:03.647+0000] {logging_mixin.py:190} INFO - [2025-01-14T06:56:03.646+0000] {dagbag.py:588} INFO - Filling up the DagBag from /app/dags/train_part.py
[2025-01-14T06:56:05.282+0000] {processor.py:925} INFO - DAG(s) 'train_xgboost_pipeline' retrieved from /app/dags/train_part.py
[2025-01-14T06:56:05.518+0000] {logging_mixin.py:190} INFO - [2025-01-14T06:56:05.518+0000] {dag.py:3239} INFO - Sync 1 DAGs
[2025-01-14T06:56:05.573+0000] {logging_mixin.py:190} INFO - [2025-01-14T06:56:05.571+0000] {dag.py:4180} INFO - Setting next_dagrun for train_xgboost_pipeline to 2025-01-14 07:00:00+00:00, run_after=2025-01-14 08:00:00+00:00
[2025-01-14T06:56:05.607+0000] {processor.py:208} INFO - Processing /app/dags/train_part.py took 1.976 seconds
[2025-01-14T06:56:36.087+0000] {processor.py:186} INFO - Started process (PID=354) to work on /app/dags/train_part.py
[2025-01-14T06:56:36.089+0000] {processor.py:914} INFO - Processing file /app/dags/train_part.py for tasks to queue
[2025-01-14T06:56:36.092+0000] {logging_mixin.py:190} INFO - [2025-01-14T06:56:36.091+0000] {dagbag.py:588} INFO - Filling up the DagBag from /app/dags/train_part.py
[2025-01-14T06:56:37.763+0000] {processor.py:925} INFO - DAG(s) 'train_xgboost_pipeline' retrieved from /app/dags/train_part.py
[2025-01-14T06:56:37.912+0000] {logging_mixin.py:190} INFO - [2025-01-14T06:56:37.911+0000] {dag.py:3239} INFO - Sync 1 DAGs
[2025-01-14T06:56:37.946+0000] {logging_mixin.py:190} INFO - [2025-01-14T06:56:37.945+0000] {dag.py:4180} INFO - Setting next_dagrun for train_xgboost_pipeline to 2025-01-14 07:00:00+00:00, run_after=2025-01-14 08:00:00+00:00
[2025-01-14T06:56:37.973+0000] {processor.py:208} INFO - Processing /app/dags/train_part.py took 1.893 seconds
