[2024-12-26T16:03:19.258+0000] {local_task_job_runner.py:123} INFO - ::group::Pre task execution logs
[2024-12-26T16:03:19.274+0000] {taskinstance.py:2613} INFO - Dependencies all met for dep_context=non-requeueable deps ti=<TaskInstance: train_and_retrain_xgboost_pipeline.train_xgboost_model manual__2024-12-26T16:03:17.503848+00:00 [queued]>
[2024-12-26T16:03:19.286+0000] {taskinstance.py:2613} INFO - Dependencies all met for dep_context=requeueable deps ti=<TaskInstance: train_and_retrain_xgboost_pipeline.train_xgboost_model manual__2024-12-26T16:03:17.503848+00:00 [queued]>
[2024-12-26T16:03:19.287+0000] {taskinstance.py:2866} INFO - Starting attempt 1 of 2
[2024-12-26T16:03:19.305+0000] {taskinstance.py:2889} INFO - Executing <Task(PythonOperator): train_xgboost_model> on 2024-12-26 16:03:17.503848+00:00
[2024-12-26T16:03:19.311+0000] {standard_task_runner.py:72} INFO - Started process 980 to run task
[2024-12-26T16:03:19.314+0000] {standard_task_runner.py:104} INFO - Running: ['***', 'tasks', 'run', 'train_and_retrain_xgboost_pipeline', 'train_xgboost_model', 'manual__2024-12-26T16:03:17.503848+00:00', '--job-id', '12', '--raw', '--subdir', 'DAGS_FOLDER/train_xgboost_pipeline.py', '--cfg-path', '/tmp/tmpxkuw40sc']
[2024-12-26T16:03:19.317+0000] {standard_task_runner.py:105} INFO - Job 12: Subtask train_xgboost_model
[2024-12-26T16:03:19.334+0000] {logging_mixin.py:190} WARNING - /usr/local/lib/python3.10/site-packages/***/settings.py:209 DeprecationWarning: The sql_alchemy_conn option in [core] has been moved to the sql_alchemy_conn option in [database] - the old setting has been used, but please update your config.
[2024-12-26T16:03:19.371+0000] {task_command.py:467} INFO - Running <TaskInstance: train_and_retrain_xgboost_pipeline.train_xgboost_model manual__2024-12-26T16:03:17.503848+00:00 [running]> on host 42dc6dafdabb
[2024-12-26T16:03:19.450+0000] {taskinstance.py:3132} INFO - Exporting env vars: AIRFLOW_CTX_DAG_OWNER='***' AIRFLOW_CTX_DAG_ID='train_and_retrain_xgboost_pipeline' AIRFLOW_CTX_TASK_ID='train_xgboost_model' AIRFLOW_CTX_EXECUTION_DATE='2024-12-26T16:03:17.503848+00:00' AIRFLOW_CTX_TRY_NUMBER='1' AIRFLOW_CTX_DAG_RUN_ID='manual__2024-12-26T16:03:17.503848+00:00'
[2024-12-26T16:03:19.452+0000] {taskinstance.py:731} INFO - ::endgroup::
[2024-12-26T16:03:19.467+0000] {train_xgboost_pipeline.py:321} INFO - Starting XGBoost model training...
[2024-12-26T16:03:19.539+0000] {train_xgboost_pipeline.py:313} INFO - Downloaded data/Ingestion/Financial_with_Sentiment.csv from MinIO to /tmp/Financial_with_Sentiment.csv
[2024-12-26T16:03:19.881+0000] {logging_mixin.py:190} WARNING - /app/dags/train_xgboost_pipeline.py:328 DtypeWarning: Columns (2161) have mixed types. Specify dtype option on import or set low_memory=False.
[2024-12-26T16:03:21.438+0000] {train_xgboost_pipeline.py:364} INFO - Model Evaluation - MSE: 148.72, R2: 0.24
[2024-12-26T16:03:21.485+0000] {train_xgboost_pipeline.py:318} INFO - Uploaded /tmp/output/predictions.csv to MinIO at data/Ingestion/predictions.csv
[2024-12-26T16:03:21.525+0000] {train_xgboost_pipeline.py:318} INFO - Uploaded /tmp/output/metrics.txt to MinIO at data/Ingestion/metrics.txt
[2024-12-26T16:03:21.525+0000] {train_xgboost_pipeline.py:385} INFO - Training process completed successfully.
[2024-12-26T16:03:21.528+0000] {python.py:240} INFO - Done. Returned value was: None
[2024-12-26T16:03:21.536+0000] {taskinstance.py:340} INFO - ::group::Post task execution logs
[2024-12-26T16:03:21.537+0000] {taskinstance.py:352} INFO - Marking task as SUCCESS. dag_id=train_and_retrain_xgboost_pipeline, task_id=train_xgboost_model, run_id=manual__2024-12-26T16:03:17.503848+00:00, execution_date=20241226T160317, start_date=20241226T160319, end_date=20241226T160321
[2024-12-26T16:03:21.579+0000] {local_task_job_runner.py:266} INFO - Task exited with return code 0
[2024-12-26T16:03:21.600+0000] {taskinstance.py:3895} INFO - 1 downstream tasks scheduled from follow-on schedule check
[2024-12-26T16:03:21.603+0000] {local_task_job_runner.py:245} INFO - ::endgroup::
