[2024-12-21T16:06:04.489+0000] {local_task_job_runner.py:123} INFO - ::group::Pre task execution logs
[2024-12-21T16:06:04.520+0000] {taskinstance.py:2613} INFO - Dependencies all met for dep_context=non-requeueable deps ti=<TaskInstance: train_xgboost_pipeline.train_xgboost_model manual__2024-12-21T16:06:01.006905+00:00 [queued]>
[2024-12-21T16:06:04.549+0000] {taskinstance.py:2613} INFO - Dependencies all met for dep_context=requeueable deps ti=<TaskInstance: train_xgboost_pipeline.train_xgboost_model manual__2024-12-21T16:06:01.006905+00:00 [queued]>
[2024-12-21T16:06:04.550+0000] {taskinstance.py:2866} INFO - Starting attempt 1 of 2
[2024-12-21T16:06:04.587+0000] {taskinstance.py:2889} INFO - Executing <Task(PythonOperator): train_xgboost_model> on 2024-12-21 16:06:01.006905+00:00
[2024-12-21T16:06:04.622+0000] {standard_task_runner.py:72} INFO - Started process 282 to run task
[2024-12-21T16:06:04.755+0000] {standard_task_runner.py:104} INFO - Running: ['***', 'tasks', 'run', 'train_xgboost_pipeline', 'train_xgboost_model', 'manual__2024-12-21T16:06:01.006905+00:00', '--job-id', '2', '--raw', '--subdir', 'DAGS_FOLDER/train_xgboost_pipeline.py', '--cfg-path', '/tmp/tmp__d3fr3t']
[2024-12-21T16:06:04.843+0000] {standard_task_runner.py:105} INFO - Job 2: Subtask train_xgboost_model
[2024-12-21T16:06:05.151+0000] {logging_mixin.py:190} WARNING - /usr/local/lib/python3.10/site-packages/***/settings.py:209 DeprecationWarning: The sql_alchemy_conn option in [core] has been moved to the sql_alchemy_conn option in [database] - the old setting has been used, but please update your config.
[2024-12-21T16:06:05.532+0000] {task_command.py:467} INFO - Running <TaskInstance: train_xgboost_pipeline.train_xgboost_model manual__2024-12-21T16:06:01.006905+00:00 [running]> on host 42dc6dafdabb
[2024-12-21T16:06:05.778+0000] {taskinstance.py:3132} INFO - Exporting env vars: AIRFLOW_CTX_DAG_OWNER='***' AIRFLOW_CTX_DAG_ID='train_xgboost_pipeline' AIRFLOW_CTX_TASK_ID='train_xgboost_model' AIRFLOW_CTX_EXECUTION_DATE='2024-12-21T16:06:01.006905+00:00' AIRFLOW_CTX_TRY_NUMBER='1' AIRFLOW_CTX_DAG_RUN_ID='manual__2024-12-21T16:06:01.006905+00:00'
[2024-12-21T16:06:05.781+0000] {taskinstance.py:731} INFO - ::endgroup::
[2024-12-21T16:06:05.829+0000] {train_xgboost_pipeline.py:179} INFO - Starting XGBoost model training...
[2024-12-21T16:06:06.500+0000] {train_xgboost_pipeline.py:168} INFO - Downloaded data/Ingestion/Financial_with_Sentiment.csv from MinIO to /tmp/Financial_with_Sentiment.csv
[2024-12-21T16:06:08.509+0000] {logging_mixin.py:190} WARNING - /app/dags/train_xgboost_pipeline.py:186 DtypeWarning: Columns (2161) have mixed types. Specify dtype option on import or set low_memory=False.
[2024-12-21T16:06:13.244+0000] {train_xgboost_pipeline.py:222} INFO - Model Evaluation - MSE: 149.36, R2: 0.24
[2024-12-21T16:06:13.303+0000] {train_xgboost_pipeline.py:173} INFO - Uploaded /tmp/output/predictions.csv to MinIO at data/Ingestion/predictions.csv
[2024-12-21T16:06:13.328+0000] {train_xgboost_pipeline.py:173} INFO - Uploaded /tmp/output/metrics.txt to MinIO at data/Ingestion/metrics.txt
[2024-12-21T16:06:13.365+0000] {train_xgboost_pipeline.py:173} INFO - Uploaded /tmp/output/feature_importance.csv to MinIO at data/Ingestion/feature_importance.csv
[2024-12-21T16:06:13.366+0000] {train_xgboost_pipeline.py:251} INFO - Training process completed successfully.
[2024-12-21T16:06:13.367+0000] {python.py:240} INFO - Done. Returned value was: None
[2024-12-21T16:06:13.378+0000] {taskinstance.py:340} INFO - ::group::Post task execution logs
[2024-12-21T16:06:13.379+0000] {taskinstance.py:352} INFO - Marking task as SUCCESS. dag_id=train_xgboost_pipeline, task_id=train_xgboost_model, run_id=manual__2024-12-21T16:06:01.006905+00:00, execution_date=20241221T160601, start_date=20241221T160604, end_date=20241221T160613
[2024-12-21T16:06:13.425+0000] {local_task_job_runner.py:266} INFO - Task exited with return code 0
[2024-12-21T16:06:13.443+0000] {taskinstance.py:3895} INFO - 0 downstream tasks scheduled from follow-on schedule check
[2024-12-21T16:06:13.446+0000] {local_task_job_runner.py:245} INFO - ::endgroup::
