[2025-01-16T03:08:55.334+0000] {processor.py:186} INFO - Started process (PID=157) to work on /app/dags/train_xgboost_pipeline.py
[2025-01-16T03:08:55.346+0000] {processor.py:914} INFO - Processing file /app/dags/train_xgboost_pipeline.py for tasks to queue
[2025-01-16T03:08:55.355+0000] {logging_mixin.py:190} INFO - [2025-01-16T03:08:55.353+0000] {dagbag.py:588} INFO - Filling up the DagBag from /app/dags/train_xgboost_pipeline.py
[2025-01-16T03:09:15.584+0000] {processor.py:925} INFO - DAG(s) 'xgboost_drift_pipeline' retrieved from /app/dags/train_xgboost_pipeline.py
[2025-01-16T03:09:16.042+0000] {logging_mixin.py:190} INFO - [2025-01-16T03:09:16.041+0000] {dag.py:3239} INFO - Sync 1 DAGs
[2025-01-16T03:09:16.275+0000] {logging_mixin.py:190} INFO - [2025-01-16T03:09:16.275+0000] {dag.py:4180} INFO - Setting next_dagrun for xgboost_drift_pipeline to 2025-01-16 04:00:00+00:00, run_after=2025-01-16 05:00:00+00:00
[2025-01-16T03:09:16.382+0000] {processor.py:208} INFO - Processing /app/dags/train_xgboost_pipeline.py took 21.088 seconds
[2025-01-16T03:09:47.034+0000] {processor.py:186} INFO - Started process (PID=258) to work on /app/dags/train_xgboost_pipeline.py
[2025-01-16T03:09:47.040+0000] {processor.py:914} INFO - Processing file /app/dags/train_xgboost_pipeline.py for tasks to queue
[2025-01-16T03:09:47.047+0000] {logging_mixin.py:190} INFO - [2025-01-16T03:09:47.046+0000] {dagbag.py:588} INFO - Filling up the DagBag from /app/dags/train_xgboost_pipeline.py
[2025-01-16T03:09:55.513+0000] {processor.py:925} INFO - DAG(s) 'xgboost_drift_pipeline' retrieved from /app/dags/train_xgboost_pipeline.py
[2025-01-16T03:09:55.949+0000] {logging_mixin.py:190} INFO - [2025-01-16T03:09:55.948+0000] {dag.py:3239} INFO - Sync 1 DAGs
[2025-01-16T03:09:56.176+0000] {logging_mixin.py:190} INFO - [2025-01-16T03:09:56.175+0000] {dag.py:4180} INFO - Setting next_dagrun for xgboost_drift_pipeline to 2025-01-16 04:00:00+00:00, run_after=2025-01-16 05:00:00+00:00
[2025-01-16T03:09:56.332+0000] {processor.py:208} INFO - Processing /app/dags/train_xgboost_pipeline.py took 9.356 seconds
[2025-01-16T03:10:26.802+0000] {processor.py:186} INFO - Started process (PID=310) to work on /app/dags/train_xgboost_pipeline.py
[2025-01-16T03:10:26.803+0000] {processor.py:914} INFO - Processing file /app/dags/train_xgboost_pipeline.py for tasks to queue
[2025-01-16T03:10:26.808+0000] {logging_mixin.py:190} INFO - [2025-01-16T03:10:26.807+0000] {dagbag.py:588} INFO - Filling up the DagBag from /app/dags/train_xgboost_pipeline.py
[2025-01-16T03:10:29.135+0000] {processor.py:925} INFO - DAG(s) 'xgboost_drift_pipeline' retrieved from /app/dags/train_xgboost_pipeline.py
[2025-01-16T03:10:29.322+0000] {logging_mixin.py:190} INFO - [2025-01-16T03:10:29.322+0000] {dag.py:3239} INFO - Sync 1 DAGs
[2025-01-16T03:10:29.377+0000] {logging_mixin.py:190} INFO - [2025-01-16T03:10:29.377+0000] {dag.py:4180} INFO - Setting next_dagrun for xgboost_drift_pipeline to 2025-01-16 04:00:00+00:00, run_after=2025-01-16 05:00:00+00:00
[2025-01-16T03:10:29.417+0000] {processor.py:208} INFO - Processing /app/dags/train_xgboost_pipeline.py took 2.626 seconds
[2025-01-16T03:11:00.239+0000] {processor.py:186} INFO - Started process (PID=350) to work on /app/dags/train_xgboost_pipeline.py
[2025-01-16T03:11:00.241+0000] {processor.py:914} INFO - Processing file /app/dags/train_xgboost_pipeline.py for tasks to queue
[2025-01-16T03:11:00.245+0000] {logging_mixin.py:190} INFO - [2025-01-16T03:11:00.244+0000] {dagbag.py:588} INFO - Filling up the DagBag from /app/dags/train_xgboost_pipeline.py
[2025-01-16T03:11:03.074+0000] {processor.py:925} INFO - DAG(s) 'xgboost_drift_pipeline' retrieved from /app/dags/train_xgboost_pipeline.py
[2025-01-16T03:11:03.263+0000] {logging_mixin.py:190} INFO - [2025-01-16T03:11:03.262+0000] {dag.py:3239} INFO - Sync 1 DAGs
[2025-01-16T03:11:03.317+0000] {logging_mixin.py:190} INFO - [2025-01-16T03:11:03.317+0000] {dag.py:4180} INFO - Setting next_dagrun for xgboost_drift_pipeline to 2025-01-16 04:00:00+00:00, run_after=2025-01-16 05:00:00+00:00
[2025-01-16T03:11:03.361+0000] {processor.py:208} INFO - Processing /app/dags/train_xgboost_pipeline.py took 3.165 seconds
[2025-01-16T03:11:34.368+0000] {processor.py:186} INFO - Started process (PID=390) to work on /app/dags/train_xgboost_pipeline.py
[2025-01-16T03:11:34.373+0000] {processor.py:914} INFO - Processing file /app/dags/train_xgboost_pipeline.py for tasks to queue
[2025-01-16T03:11:34.390+0000] {logging_mixin.py:190} INFO - [2025-01-16T03:11:34.389+0000] {dagbag.py:588} INFO - Filling up the DagBag from /app/dags/train_xgboost_pipeline.py
[2025-01-16T03:11:36.672+0000] {processor.py:925} INFO - DAG(s) 'xgboost_drift_pipeline' retrieved from /app/dags/train_xgboost_pipeline.py
[2025-01-16T03:11:36.869+0000] {logging_mixin.py:190} INFO - [2025-01-16T03:11:36.868+0000] {dag.py:3239} INFO - Sync 1 DAGs
[2025-01-16T03:11:36.904+0000] {logging_mixin.py:190} INFO - [2025-01-16T03:11:36.904+0000] {dag.py:4180} INFO - Setting next_dagrun for xgboost_drift_pipeline to 2025-01-16 04:00:00+00:00, run_after=2025-01-16 05:00:00+00:00
[2025-01-16T03:11:36.937+0000] {processor.py:208} INFO - Processing /app/dags/train_xgboost_pipeline.py took 2.605 seconds
[2025-01-16T03:12:07.731+0000] {processor.py:186} INFO - Started process (PID=430) to work on /app/dags/train_xgboost_pipeline.py
[2025-01-16T03:12:07.744+0000] {processor.py:914} INFO - Processing file /app/dags/train_xgboost_pipeline.py for tasks to queue
[2025-01-16T03:12:07.764+0000] {logging_mixin.py:190} INFO - [2025-01-16T03:12:07.763+0000] {dagbag.py:588} INFO - Filling up the DagBag from /app/dags/train_xgboost_pipeline.py
[2025-01-16T03:12:13.892+0000] {processor.py:925} INFO - DAG(s) 'xgboost_drift_pipeline' retrieved from /app/dags/train_xgboost_pipeline.py
[2025-01-16T03:12:14.394+0000] {logging_mixin.py:190} INFO - [2025-01-16T03:12:14.393+0000] {dag.py:3239} INFO - Sync 1 DAGs
[2025-01-16T03:12:14.468+0000] {logging_mixin.py:190} INFO - [2025-01-16T03:12:14.467+0000] {dag.py:4180} INFO - Setting next_dagrun for xgboost_drift_pipeline to 2025-01-16 04:00:00+00:00, run_after=2025-01-16 05:00:00+00:00
[2025-01-16T03:12:14.522+0000] {processor.py:208} INFO - Processing /app/dags/train_xgboost_pipeline.py took 6.820 seconds
[2025-01-16T03:12:45.398+0000] {processor.py:186} INFO - Started process (PID=470) to work on /app/dags/train_xgboost_pipeline.py
[2025-01-16T03:12:45.404+0000] {processor.py:914} INFO - Processing file /app/dags/train_xgboost_pipeline.py for tasks to queue
[2025-01-16T03:12:45.419+0000] {logging_mixin.py:190} INFO - [2025-01-16T03:12:45.417+0000] {dagbag.py:588} INFO - Filling up the DagBag from /app/dags/train_xgboost_pipeline.py
[2025-01-16T03:12:47.930+0000] {processor.py:925} INFO - DAG(s) 'xgboost_drift_pipeline' retrieved from /app/dags/train_xgboost_pipeline.py
[2025-01-16T03:12:48.148+0000] {logging_mixin.py:190} INFO - [2025-01-16T03:12:48.147+0000] {dag.py:3239} INFO - Sync 1 DAGs
[2025-01-16T03:12:48.204+0000] {logging_mixin.py:190} INFO - [2025-01-16T03:12:48.203+0000] {dag.py:4180} INFO - Setting next_dagrun for xgboost_drift_pipeline to 2025-01-16 04:00:00+00:00, run_after=2025-01-16 05:00:00+00:00
[2025-01-16T03:12:48.249+0000] {processor.py:208} INFO - Processing /app/dags/train_xgboost_pipeline.py took 2.895 seconds
[2025-01-16T03:13:19.262+0000] {processor.py:186} INFO - Started process (PID=510) to work on /app/dags/train_xgboost_pipeline.py
[2025-01-16T03:13:19.268+0000] {processor.py:914} INFO - Processing file /app/dags/train_xgboost_pipeline.py for tasks to queue
[2025-01-16T03:13:19.283+0000] {logging_mixin.py:190} INFO - [2025-01-16T03:13:19.282+0000] {dagbag.py:588} INFO - Filling up the DagBag from /app/dags/train_xgboost_pipeline.py
[2025-01-16T03:13:23.640+0000] {processor.py:925} INFO - DAG(s) 'xgboost_drift_pipeline' retrieved from /app/dags/train_xgboost_pipeline.py
[2025-01-16T03:13:23.953+0000] {logging_mixin.py:190} INFO - [2025-01-16T03:13:23.952+0000] {dag.py:3239} INFO - Sync 1 DAGs
[2025-01-16T03:13:24.022+0000] {logging_mixin.py:190} INFO - [2025-01-16T03:13:24.022+0000] {dag.py:4180} INFO - Setting next_dagrun for xgboost_drift_pipeline to 2025-01-16 04:00:00+00:00, run_after=2025-01-16 05:00:00+00:00
[2025-01-16T03:13:24.081+0000] {processor.py:208} INFO - Processing /app/dags/train_xgboost_pipeline.py took 4.990 seconds
[2025-01-16T03:13:55.329+0000] {processor.py:186} INFO - Started process (PID=550) to work on /app/dags/train_xgboost_pipeline.py
[2025-01-16T03:13:55.335+0000] {processor.py:914} INFO - Processing file /app/dags/train_xgboost_pipeline.py for tasks to queue
[2025-01-16T03:13:55.346+0000] {logging_mixin.py:190} INFO - [2025-01-16T03:13:55.345+0000] {dagbag.py:588} INFO - Filling up the DagBag from /app/dags/train_xgboost_pipeline.py
[2025-01-16T03:13:59.749+0000] {processor.py:925} INFO - DAG(s) 'xgboost_drift_pipeline' retrieved from /app/dags/train_xgboost_pipeline.py
[2025-01-16T03:14:00.226+0000] {logging_mixin.py:190} INFO - [2025-01-16T03:14:00.225+0000] {dag.py:3239} INFO - Sync 1 DAGs
[2025-01-16T03:14:00.281+0000] {logging_mixin.py:190} INFO - [2025-01-16T03:14:00.280+0000] {dag.py:4180} INFO - Setting next_dagrun for xgboost_drift_pipeline to 2025-01-16 04:00:00+00:00, run_after=2025-01-16 05:00:00+00:00
[2025-01-16T03:14:00.337+0000] {processor.py:208} INFO - Processing /app/dags/train_xgboost_pipeline.py took 5.046 seconds
[2025-01-16T03:14:31.319+0000] {processor.py:186} INFO - Started process (PID=590) to work on /app/dags/train_xgboost_pipeline.py
[2025-01-16T03:14:31.324+0000] {processor.py:914} INFO - Processing file /app/dags/train_xgboost_pipeline.py for tasks to queue
[2025-01-16T03:14:31.335+0000] {logging_mixin.py:190} INFO - [2025-01-16T03:14:31.333+0000] {dagbag.py:588} INFO - Filling up the DagBag from /app/dags/train_xgboost_pipeline.py
[2025-01-16T03:14:33.677+0000] {processor.py:925} INFO - DAG(s) 'xgboost_drift_pipeline' retrieved from /app/dags/train_xgboost_pipeline.py
[2025-01-16T03:14:33.917+0000] {logging_mixin.py:190} INFO - [2025-01-16T03:14:33.916+0000] {dag.py:3239} INFO - Sync 1 DAGs
[2025-01-16T03:14:33.975+0000] {logging_mixin.py:190} INFO - [2025-01-16T03:14:33.974+0000] {dag.py:4180} INFO - Setting next_dagrun for xgboost_drift_pipeline to 2025-01-16 04:00:00+00:00, run_after=2025-01-16 05:00:00+00:00
[2025-01-16T03:14:34.067+0000] {processor.py:208} INFO - Processing /app/dags/train_xgboost_pipeline.py took 2.811 seconds
[2025-01-16T03:15:05.142+0000] {processor.py:186} INFO - Started process (PID=630) to work on /app/dags/train_xgboost_pipeline.py
[2025-01-16T03:15:05.146+0000] {processor.py:914} INFO - Processing file /app/dags/train_xgboost_pipeline.py for tasks to queue
[2025-01-16T03:15:05.157+0000] {logging_mixin.py:190} INFO - [2025-01-16T03:15:05.156+0000] {dagbag.py:588} INFO - Filling up the DagBag from /app/dags/train_xgboost_pipeline.py
[2025-01-16T03:15:07.944+0000] {processor.py:925} INFO - DAG(s) 'xgboost_drift_pipeline' retrieved from /app/dags/train_xgboost_pipeline.py
[2025-01-16T03:15:08.201+0000] {logging_mixin.py:190} INFO - [2025-01-16T03:15:08.200+0000] {dag.py:3239} INFO - Sync 1 DAGs
[2025-01-16T03:15:08.245+0000] {logging_mixin.py:190} INFO - [2025-01-16T03:15:08.245+0000] {dag.py:4180} INFO - Setting next_dagrun for xgboost_drift_pipeline to 2025-01-16 04:00:00+00:00, run_after=2025-01-16 05:00:00+00:00
[2025-01-16T03:15:08.292+0000] {processor.py:208} INFO - Processing /app/dags/train_xgboost_pipeline.py took 3.184 seconds
[2025-01-16T03:15:39.254+0000] {processor.py:186} INFO - Started process (PID=670) to work on /app/dags/train_xgboost_pipeline.py
[2025-01-16T03:15:39.266+0000] {processor.py:914} INFO - Processing file /app/dags/train_xgboost_pipeline.py for tasks to queue
[2025-01-16T03:15:39.280+0000] {logging_mixin.py:190} INFO - [2025-01-16T03:15:39.278+0000] {dagbag.py:588} INFO - Filling up the DagBag from /app/dags/train_xgboost_pipeline.py
[2025-01-16T03:15:41.662+0000] {processor.py:925} INFO - DAG(s) 'xgboost_drift_pipeline' retrieved from /app/dags/train_xgboost_pipeline.py
[2025-01-16T03:15:41.868+0000] {logging_mixin.py:190} INFO - [2025-01-16T03:15:41.867+0000] {dag.py:3239} INFO - Sync 1 DAGs
[2025-01-16T03:15:41.910+0000] {logging_mixin.py:190} INFO - [2025-01-16T03:15:41.910+0000] {dag.py:4180} INFO - Setting next_dagrun for xgboost_drift_pipeline to 2025-01-16 04:00:00+00:00, run_after=2025-01-16 05:00:00+00:00
[2025-01-16T03:15:41.948+0000] {processor.py:208} INFO - Processing /app/dags/train_xgboost_pipeline.py took 2.741 seconds
[2025-01-16T03:16:12.964+0000] {processor.py:186} INFO - Started process (PID=710) to work on /app/dags/train_xgboost_pipeline.py
[2025-01-16T03:16:12.970+0000] {processor.py:914} INFO - Processing file /app/dags/train_xgboost_pipeline.py for tasks to queue
[2025-01-16T03:16:12.983+0000] {logging_mixin.py:190} INFO - [2025-01-16T03:16:12.981+0000] {dagbag.py:588} INFO - Filling up the DagBag from /app/dags/train_xgboost_pipeline.py
[2025-01-16T03:16:15.445+0000] {processor.py:925} INFO - DAG(s) 'xgboost_drift_pipeline' retrieved from /app/dags/train_xgboost_pipeline.py
[2025-01-16T03:16:15.835+0000] {logging_mixin.py:190} INFO - [2025-01-16T03:16:15.834+0000] {dag.py:3239} INFO - Sync 1 DAGs
[2025-01-16T03:16:15.912+0000] {logging_mixin.py:190} INFO - [2025-01-16T03:16:15.912+0000] {dag.py:4180} INFO - Setting next_dagrun for xgboost_drift_pipeline to 2025-01-16 04:00:00+00:00, run_after=2025-01-16 05:00:00+00:00
[2025-01-16T03:16:15.961+0000] {processor.py:208} INFO - Processing /app/dags/train_xgboost_pipeline.py took 3.030 seconds
[2025-01-16T03:16:46.925+0000] {processor.py:186} INFO - Started process (PID=750) to work on /app/dags/train_xgboost_pipeline.py
[2025-01-16T03:16:46.930+0000] {processor.py:914} INFO - Processing file /app/dags/train_xgboost_pipeline.py for tasks to queue
[2025-01-16T03:16:46.943+0000] {logging_mixin.py:190} INFO - [2025-01-16T03:16:46.941+0000] {dagbag.py:588} INFO - Filling up the DagBag from /app/dags/train_xgboost_pipeline.py
[2025-01-16T03:16:49.648+0000] {processor.py:925} INFO - DAG(s) 'xgboost_drift_pipeline' retrieved from /app/dags/train_xgboost_pipeline.py
[2025-01-16T03:16:49.865+0000] {logging_mixin.py:190} INFO - [2025-01-16T03:16:49.864+0000] {dag.py:3239} INFO - Sync 1 DAGs
[2025-01-16T03:16:49.914+0000] {logging_mixin.py:190} INFO - [2025-01-16T03:16:49.913+0000] {dag.py:4180} INFO - Setting next_dagrun for xgboost_drift_pipeline to 2025-01-16 04:00:00+00:00, run_after=2025-01-16 05:00:00+00:00
[2025-01-16T03:16:49.956+0000] {processor.py:208} INFO - Processing /app/dags/train_xgboost_pipeline.py took 3.066 seconds
[2025-01-16T03:17:20.962+0000] {processor.py:186} INFO - Started process (PID=790) to work on /app/dags/train_xgboost_pipeline.py
[2025-01-16T03:17:20.967+0000] {processor.py:914} INFO - Processing file /app/dags/train_xgboost_pipeline.py for tasks to queue
[2025-01-16T03:17:20.978+0000] {logging_mixin.py:190} INFO - [2025-01-16T03:17:20.976+0000] {dagbag.py:588} INFO - Filling up the DagBag from /app/dags/train_xgboost_pipeline.py
[2025-01-16T03:17:23.512+0000] {processor.py:925} INFO - DAG(s) 'xgboost_drift_pipeline' retrieved from /app/dags/train_xgboost_pipeline.py
[2025-01-16T03:17:23.895+0000] {logging_mixin.py:190} INFO - [2025-01-16T03:17:23.894+0000] {dag.py:3239} INFO - Sync 1 DAGs
[2025-01-16T03:17:23.976+0000] {logging_mixin.py:190} INFO - [2025-01-16T03:17:23.975+0000] {dag.py:4180} INFO - Setting next_dagrun for xgboost_drift_pipeline to 2025-01-16 04:00:00+00:00, run_after=2025-01-16 05:00:00+00:00
[2025-01-16T03:17:24.041+0000] {processor.py:208} INFO - Processing /app/dags/train_xgboost_pipeline.py took 3.110 seconds
[2025-01-16T03:17:54.986+0000] {processor.py:186} INFO - Started process (PID=830) to work on /app/dags/train_xgboost_pipeline.py
[2025-01-16T03:17:54.991+0000] {processor.py:914} INFO - Processing file /app/dags/train_xgboost_pipeline.py for tasks to queue
[2025-01-16T03:17:55.003+0000] {logging_mixin.py:190} INFO - [2025-01-16T03:17:55.001+0000] {dagbag.py:588} INFO - Filling up the DagBag from /app/dags/train_xgboost_pipeline.py
[2025-01-16T03:17:57.250+0000] {processor.py:925} INFO - DAG(s) 'xgboost_drift_pipeline' retrieved from /app/dags/train_xgboost_pipeline.py
[2025-01-16T03:17:57.465+0000] {logging_mixin.py:190} INFO - [2025-01-16T03:17:57.464+0000] {dag.py:3239} INFO - Sync 1 DAGs
[2025-01-16T03:17:57.508+0000] {logging_mixin.py:190} INFO - [2025-01-16T03:17:57.508+0000] {dag.py:4180} INFO - Setting next_dagrun for xgboost_drift_pipeline to 2025-01-16 04:00:00+00:00, run_after=2025-01-16 05:00:00+00:00
[2025-01-16T03:17:57.549+0000] {processor.py:208} INFO - Processing /app/dags/train_xgboost_pipeline.py took 2.599 seconds
[2025-01-16T03:18:28.526+0000] {processor.py:186} INFO - Started process (PID=870) to work on /app/dags/train_xgboost_pipeline.py
[2025-01-16T03:18:28.530+0000] {processor.py:914} INFO - Processing file /app/dags/train_xgboost_pipeline.py for tasks to queue
[2025-01-16T03:18:28.544+0000] {logging_mixin.py:190} INFO - [2025-01-16T03:18:28.542+0000] {dagbag.py:588} INFO - Filling up the DagBag from /app/dags/train_xgboost_pipeline.py
[2025-01-16T03:18:30.988+0000] {processor.py:925} INFO - DAG(s) 'xgboost_drift_pipeline' retrieved from /app/dags/train_xgboost_pipeline.py
[2025-01-16T03:18:31.199+0000] {logging_mixin.py:190} INFO - [2025-01-16T03:18:31.198+0000] {dag.py:3239} INFO - Sync 1 DAGs
[2025-01-16T03:18:31.244+0000] {logging_mixin.py:190} INFO - [2025-01-16T03:18:31.243+0000] {dag.py:4180} INFO - Setting next_dagrun for xgboost_drift_pipeline to 2025-01-16 04:00:00+00:00, run_after=2025-01-16 05:00:00+00:00
[2025-01-16T03:18:31.285+0000] {processor.py:208} INFO - Processing /app/dags/train_xgboost_pipeline.py took 2.790 seconds
[2025-01-16T03:19:02.286+0000] {processor.py:186} INFO - Started process (PID=910) to work on /app/dags/train_xgboost_pipeline.py
[2025-01-16T03:19:02.291+0000] {processor.py:914} INFO - Processing file /app/dags/train_xgboost_pipeline.py for tasks to queue
[2025-01-16T03:19:02.301+0000] {logging_mixin.py:190} INFO - [2025-01-16T03:19:02.299+0000] {dagbag.py:588} INFO - Filling up the DagBag from /app/dags/train_xgboost_pipeline.py
[2025-01-16T03:19:04.655+0000] {processor.py:925} INFO - DAG(s) 'xgboost_drift_pipeline' retrieved from /app/dags/train_xgboost_pipeline.py
[2025-01-16T03:19:04.851+0000] {logging_mixin.py:190} INFO - [2025-01-16T03:19:04.850+0000] {dag.py:3239} INFO - Sync 1 DAGs
[2025-01-16T03:19:04.888+0000] {logging_mixin.py:190} INFO - [2025-01-16T03:19:04.888+0000] {dag.py:4180} INFO - Setting next_dagrun for xgboost_drift_pipeline to 2025-01-16 04:00:00+00:00, run_after=2025-01-16 05:00:00+00:00
[2025-01-16T03:19:04.922+0000] {processor.py:208} INFO - Processing /app/dags/train_xgboost_pipeline.py took 2.667 seconds
[2025-01-16T03:19:35.774+0000] {processor.py:186} INFO - Started process (PID=950) to work on /app/dags/train_xgboost_pipeline.py
[2025-01-16T03:19:35.779+0000] {processor.py:914} INFO - Processing file /app/dags/train_xgboost_pipeline.py for tasks to queue
[2025-01-16T03:19:35.790+0000] {logging_mixin.py:190} INFO - [2025-01-16T03:19:35.789+0000] {dagbag.py:588} INFO - Filling up the DagBag from /app/dags/train_xgboost_pipeline.py
[2025-01-16T03:19:38.421+0000] {processor.py:925} INFO - DAG(s) 'xgboost_drift_pipeline' retrieved from /app/dags/train_xgboost_pipeline.py
[2025-01-16T03:19:38.741+0000] {logging_mixin.py:190} INFO - [2025-01-16T03:19:38.740+0000] {dag.py:3239} INFO - Sync 1 DAGs
[2025-01-16T03:19:38.814+0000] {logging_mixin.py:190} INFO - [2025-01-16T03:19:38.814+0000] {dag.py:4180} INFO - Setting next_dagrun for xgboost_drift_pipeline to 2025-01-16 04:00:00+00:00, run_after=2025-01-16 05:00:00+00:00
[2025-01-16T03:19:38.873+0000] {processor.py:208} INFO - Processing /app/dags/train_xgboost_pipeline.py took 3.129 seconds
[2025-01-16T03:20:09.810+0000] {processor.py:186} INFO - Started process (PID=990) to work on /app/dags/train_xgboost_pipeline.py
[2025-01-16T03:20:09.815+0000] {processor.py:914} INFO - Processing file /app/dags/train_xgboost_pipeline.py for tasks to queue
[2025-01-16T03:20:09.826+0000] {logging_mixin.py:190} INFO - [2025-01-16T03:20:09.825+0000] {dagbag.py:588} INFO - Filling up the DagBag from /app/dags/train_xgboost_pipeline.py
[2025-01-16T03:20:12.225+0000] {processor.py:925} INFO - DAG(s) 'xgboost_drift_pipeline' retrieved from /app/dags/train_xgboost_pipeline.py
[2025-01-16T03:20:12.498+0000] {logging_mixin.py:190} INFO - [2025-01-16T03:20:12.498+0000] {dag.py:3239} INFO - Sync 1 DAGs
[2025-01-16T03:20:12.536+0000] {logging_mixin.py:190} INFO - [2025-01-16T03:20:12.536+0000] {dag.py:4180} INFO - Setting next_dagrun for xgboost_drift_pipeline to 2025-01-16 04:00:00+00:00, run_after=2025-01-16 05:00:00+00:00
[2025-01-16T03:20:12.573+0000] {processor.py:208} INFO - Processing /app/dags/train_xgboost_pipeline.py took 2.797 seconds
[2025-01-16T03:20:43.560+0000] {processor.py:186} INFO - Started process (PID=1030) to work on /app/dags/train_xgboost_pipeline.py
[2025-01-16T03:20:43.566+0000] {processor.py:914} INFO - Processing file /app/dags/train_xgboost_pipeline.py for tasks to queue
[2025-01-16T03:20:43.576+0000] {logging_mixin.py:190} INFO - [2025-01-16T03:20:43.575+0000] {dagbag.py:588} INFO - Filling up the DagBag from /app/dags/train_xgboost_pipeline.py
[2025-01-16T03:20:45.947+0000] {processor.py:925} INFO - DAG(s) 'xgboost_drift_pipeline' retrieved from /app/dags/train_xgboost_pipeline.py
[2025-01-16T03:20:46.166+0000] {logging_mixin.py:190} INFO - [2025-01-16T03:20:46.165+0000] {dag.py:3239} INFO - Sync 1 DAGs
[2025-01-16T03:20:46.215+0000] {logging_mixin.py:190} INFO - [2025-01-16T03:20:46.214+0000] {dag.py:4180} INFO - Setting next_dagrun for xgboost_drift_pipeline to 2025-01-16 04:00:00+00:00, run_after=2025-01-16 05:00:00+00:00
[2025-01-16T03:20:46.253+0000] {processor.py:208} INFO - Processing /app/dags/train_xgboost_pipeline.py took 2.727 seconds
[2025-01-16T03:21:17.234+0000] {processor.py:186} INFO - Started process (PID=1070) to work on /app/dags/train_xgboost_pipeline.py
[2025-01-16T03:21:17.236+0000] {processor.py:914} INFO - Processing file /app/dags/train_xgboost_pipeline.py for tasks to queue
[2025-01-16T03:21:17.240+0000] {logging_mixin.py:190} INFO - [2025-01-16T03:21:17.240+0000] {dagbag.py:588} INFO - Filling up the DagBag from /app/dags/train_xgboost_pipeline.py
[2025-01-16T03:21:19.695+0000] {processor.py:925} INFO - DAG(s) 'xgboost_drift_pipeline' retrieved from /app/dags/train_xgboost_pipeline.py
[2025-01-16T03:21:19.940+0000] {logging_mixin.py:190} INFO - [2025-01-16T03:21:19.939+0000] {dag.py:3239} INFO - Sync 1 DAGs
[2025-01-16T03:21:20.015+0000] {logging_mixin.py:190} INFO - [2025-01-16T03:21:20.014+0000] {dag.py:4180} INFO - Setting next_dagrun for xgboost_drift_pipeline to 2025-01-16 04:00:00+00:00, run_after=2025-01-16 05:00:00+00:00
[2025-01-16T03:21:20.079+0000] {processor.py:208} INFO - Processing /app/dags/train_xgboost_pipeline.py took 2.863 seconds
[2025-01-16T03:21:51.128+0000] {processor.py:186} INFO - Started process (PID=1110) to work on /app/dags/train_xgboost_pipeline.py
[2025-01-16T03:21:51.130+0000] {processor.py:914} INFO - Processing file /app/dags/train_xgboost_pipeline.py for tasks to queue
[2025-01-16T03:21:51.135+0000] {logging_mixin.py:190} INFO - [2025-01-16T03:21:51.135+0000] {dagbag.py:588} INFO - Filling up the DagBag from /app/dags/train_xgboost_pipeline.py
[2025-01-16T03:21:53.816+0000] {processor.py:925} INFO - DAG(s) 'xgboost_drift_pipeline' retrieved from /app/dags/train_xgboost_pipeline.py
[2025-01-16T03:21:54.033+0000] {logging_mixin.py:190} INFO - [2025-01-16T03:21:54.033+0000] {dag.py:3239} INFO - Sync 1 DAGs
[2025-01-16T03:21:54.078+0000] {logging_mixin.py:190} INFO - [2025-01-16T03:21:54.078+0000] {dag.py:4180} INFO - Setting next_dagrun for xgboost_drift_pipeline to 2025-01-16 04:00:00+00:00, run_after=2025-01-16 05:00:00+00:00
[2025-01-16T03:21:54.113+0000] {processor.py:208} INFO - Processing /app/dags/train_xgboost_pipeline.py took 3.012 seconds
[2025-01-16T03:22:25.073+0000] {processor.py:186} INFO - Started process (PID=1150) to work on /app/dags/train_xgboost_pipeline.py
[2025-01-16T03:22:25.077+0000] {processor.py:914} INFO - Processing file /app/dags/train_xgboost_pipeline.py for tasks to queue
[2025-01-16T03:22:25.087+0000] {logging_mixin.py:190} INFO - [2025-01-16T03:22:25.086+0000] {dagbag.py:588} INFO - Filling up the DagBag from /app/dags/train_xgboost_pipeline.py
[2025-01-16T03:22:27.394+0000] {processor.py:925} INFO - DAG(s) 'xgboost_drift_pipeline' retrieved from /app/dags/train_xgboost_pipeline.py
[2025-01-16T03:22:27.601+0000] {logging_mixin.py:190} INFO - [2025-01-16T03:22:27.601+0000] {dag.py:3239} INFO - Sync 1 DAGs
[2025-01-16T03:22:27.641+0000] {logging_mixin.py:190} INFO - [2025-01-16T03:22:27.641+0000] {dag.py:4180} INFO - Setting next_dagrun for xgboost_drift_pipeline to 2025-01-16 04:00:00+00:00, run_after=2025-01-16 05:00:00+00:00
[2025-01-16T03:22:27.673+0000] {processor.py:208} INFO - Processing /app/dags/train_xgboost_pipeline.py took 2.631 seconds
[2025-01-16T03:22:58.574+0000] {processor.py:186} INFO - Started process (PID=1190) to work on /app/dags/train_xgboost_pipeline.py
[2025-01-16T03:22:58.581+0000] {processor.py:914} INFO - Processing file /app/dags/train_xgboost_pipeline.py for tasks to queue
[2025-01-16T03:22:58.593+0000] {logging_mixin.py:190} INFO - [2025-01-16T03:22:58.592+0000] {dagbag.py:588} INFO - Filling up the DagBag from /app/dags/train_xgboost_pipeline.py
[2025-01-16T03:23:00.977+0000] {processor.py:925} INFO - DAG(s) 'xgboost_drift_pipeline' retrieved from /app/dags/train_xgboost_pipeline.py
[2025-01-16T03:23:01.243+0000] {logging_mixin.py:190} INFO - [2025-01-16T03:23:01.242+0000] {dag.py:3239} INFO - Sync 1 DAGs
[2025-01-16T03:23:01.317+0000] {logging_mixin.py:190} INFO - [2025-01-16T03:23:01.317+0000] {dag.py:4180} INFO - Setting next_dagrun for xgboost_drift_pipeline to 2025-01-16 04:00:00+00:00, run_after=2025-01-16 05:00:00+00:00
[2025-01-16T03:23:01.366+0000] {processor.py:208} INFO - Processing /app/dags/train_xgboost_pipeline.py took 2.835 seconds
[2025-01-16T03:23:32.103+0000] {processor.py:186} INFO - Started process (PID=1230) to work on /app/dags/train_xgboost_pipeline.py
[2025-01-16T03:23:32.105+0000] {processor.py:914} INFO - Processing file /app/dags/train_xgboost_pipeline.py for tasks to queue
[2025-01-16T03:23:32.110+0000] {logging_mixin.py:190} INFO - [2025-01-16T03:23:32.109+0000] {dagbag.py:588} INFO - Filling up the DagBag from /app/dags/train_xgboost_pipeline.py
[2025-01-16T03:23:34.609+0000] {processor.py:925} INFO - DAG(s) 'xgboost_drift_pipeline' retrieved from /app/dags/train_xgboost_pipeline.py
[2025-01-16T03:23:34.814+0000] {logging_mixin.py:190} INFO - [2025-01-16T03:23:34.813+0000] {dag.py:3239} INFO - Sync 1 DAGs
[2025-01-16T03:23:34.854+0000] {logging_mixin.py:190} INFO - [2025-01-16T03:23:34.853+0000] {dag.py:4180} INFO - Setting next_dagrun for xgboost_drift_pipeline to 2025-01-16 04:00:00+00:00, run_after=2025-01-16 05:00:00+00:00
[2025-01-16T03:23:34.886+0000] {processor.py:208} INFO - Processing /app/dags/train_xgboost_pipeline.py took 2.809 seconds
[2025-01-16T03:24:05.980+0000] {processor.py:186} INFO - Started process (PID=1270) to work on /app/dags/train_xgboost_pipeline.py
[2025-01-16T03:24:05.982+0000] {processor.py:914} INFO - Processing file /app/dags/train_xgboost_pipeline.py for tasks to queue
[2025-01-16T03:24:05.985+0000] {logging_mixin.py:190} INFO - [2025-01-16T03:24:05.985+0000] {dagbag.py:588} INFO - Filling up the DagBag from /app/dags/train_xgboost_pipeline.py
[2025-01-16T03:24:08.282+0000] {processor.py:925} INFO - DAG(s) 'xgboost_drift_pipeline' retrieved from /app/dags/train_xgboost_pipeline.py
[2025-01-16T03:24:08.661+0000] {logging_mixin.py:190} INFO - [2025-01-16T03:24:08.661+0000] {dag.py:3239} INFO - Sync 1 DAGs
[2025-01-16T03:24:08.711+0000] {logging_mixin.py:190} INFO - [2025-01-16T03:24:08.710+0000] {dag.py:4180} INFO - Setting next_dagrun for xgboost_drift_pipeline to 2025-01-16 04:00:00+00:00, run_after=2025-01-16 05:00:00+00:00
[2025-01-16T03:24:08.754+0000] {processor.py:208} INFO - Processing /app/dags/train_xgboost_pipeline.py took 2.787 seconds
[2025-01-16T03:24:39.685+0000] {processor.py:186} INFO - Started process (PID=1310) to work on /app/dags/train_xgboost_pipeline.py
[2025-01-16T03:24:39.690+0000] {processor.py:914} INFO - Processing file /app/dags/train_xgboost_pipeline.py for tasks to queue
[2025-01-16T03:24:39.702+0000] {logging_mixin.py:190} INFO - [2025-01-16T03:24:39.701+0000] {dagbag.py:588} INFO - Filling up the DagBag from /app/dags/train_xgboost_pipeline.py
[2025-01-16T03:24:42.158+0000] {processor.py:925} INFO - DAG(s) 'xgboost_drift_pipeline' retrieved from /app/dags/train_xgboost_pipeline.py
[2025-01-16T03:24:42.509+0000] {logging_mixin.py:190} INFO - [2025-01-16T03:24:42.508+0000] {dag.py:3239} INFO - Sync 1 DAGs
[2025-01-16T03:24:42.596+0000] {logging_mixin.py:190} INFO - [2025-01-16T03:24:42.594+0000] {dag.py:4180} INFO - Setting next_dagrun for xgboost_drift_pipeline to 2025-01-16 04:00:00+00:00, run_after=2025-01-16 05:00:00+00:00
[2025-01-16T03:24:42.659+0000] {processor.py:208} INFO - Processing /app/dags/train_xgboost_pipeline.py took 3.013 seconds
[2025-01-16T03:25:13.577+0000] {processor.py:186} INFO - Started process (PID=1350) to work on /app/dags/train_xgboost_pipeline.py
[2025-01-16T03:25:13.582+0000] {processor.py:914} INFO - Processing file /app/dags/train_xgboost_pipeline.py for tasks to queue
[2025-01-16T03:25:13.592+0000] {logging_mixin.py:190} INFO - [2025-01-16T03:25:13.591+0000] {dagbag.py:588} INFO - Filling up the DagBag from /app/dags/train_xgboost_pipeline.py
[2025-01-16T03:25:16.262+0000] {processor.py:925} INFO - DAG(s) 'xgboost_drift_pipeline' retrieved from /app/dags/train_xgboost_pipeline.py
[2025-01-16T03:25:16.501+0000] {logging_mixin.py:190} INFO - [2025-01-16T03:25:16.500+0000] {dag.py:3239} INFO - Sync 1 DAGs
[2025-01-16T03:25:16.543+0000] {logging_mixin.py:190} INFO - [2025-01-16T03:25:16.543+0000] {dag.py:4180} INFO - Setting next_dagrun for xgboost_drift_pipeline to 2025-01-16 04:00:00+00:00, run_after=2025-01-16 05:00:00+00:00
[2025-01-16T03:25:16.578+0000] {processor.py:208} INFO - Processing /app/dags/train_xgboost_pipeline.py took 3.028 seconds
