[2024-12-27T15:51:56.347+0000] {local_task_job_runner.py:123} INFO - ::group::Pre task execution logs
[2024-12-27T15:51:56.372+0000] {taskinstance.py:2613} INFO - Dependencies all met for dep_context=non-requeueable deps ti=<TaskInstance: xgboost_drift_pipeline.retrain_model manual__2024-12-27T15:51:49.739819+00:00 [queued]>
[2024-12-27T15:51:56.385+0000] {taskinstance.py:2613} INFO - Dependencies all met for dep_context=requeueable deps ti=<TaskInstance: xgboost_drift_pipeline.retrain_model manual__2024-12-27T15:51:49.739819+00:00 [queued]>
[2024-12-27T15:51:56.385+0000] {taskinstance.py:2866} INFO - Starting attempt 1 of 2
[2024-12-27T15:51:56.400+0000] {taskinstance.py:2889} INFO - Executing <Task(PythonOperator): retrain_model> on 2024-12-27 15:51:49.739819+00:00
[2024-12-27T15:51:56.406+0000] {standard_task_runner.py:72} INFO - Started process 240 to run task
[2024-12-27T15:51:56.409+0000] {standard_task_runner.py:104} INFO - Running: ['***', 'tasks', 'run', 'xgboost_drift_pipeline', 'retrain_model', 'manual__2024-12-27T15:51:49.739819+00:00', '--job-id', '17', '--raw', '--subdir', 'DAGS_FOLDER/train_xgboost_pipeline.py', '--cfg-path', '/tmp/tmp6l9qilyj']
[2024-12-27T15:51:56.412+0000] {standard_task_runner.py:105} INFO - Job 17: Subtask retrain_model
[2024-12-27T15:51:56.427+0000] {logging_mixin.py:190} WARNING - /usr/local/lib/python3.10/site-packages/***/settings.py:209 DeprecationWarning: The sql_alchemy_conn option in [core] has been moved to the sql_alchemy_conn option in [database] - the old setting has been used, but please update your config.
[2024-12-27T15:51:56.465+0000] {task_command.py:467} INFO - Running <TaskInstance: xgboost_drift_pipeline.retrain_model manual__2024-12-27T15:51:49.739819+00:00 [running]> on host 42dc6dafdabb
[2024-12-27T15:51:56.552+0000] {taskinstance.py:3132} INFO - Exporting env vars: AIRFLOW_CTX_DAG_OWNER='***' AIRFLOW_CTX_DAG_ID='xgboost_drift_pipeline' AIRFLOW_CTX_TASK_ID='retrain_model' AIRFLOW_CTX_EXECUTION_DATE='2024-12-27T15:51:49.739819+00:00' AIRFLOW_CTX_TRY_NUMBER='1' AIRFLOW_CTX_DAG_RUN_ID='manual__2024-12-27T15:51:49.739819+00:00'
[2024-12-27T15:51:56.554+0000] {taskinstance.py:731} INFO - ::endgroup::
[2024-12-27T15:51:56.569+0000] {train_xgboost_pipeline.py:732} INFO - Starting retraining process...
[2024-12-27T15:51:56.658+0000] {train_xgboost_pipeline.py:665} INFO - Downloaded data/Ingestion/Financial_with_Sentiment.csv from MinIO to /tmp/Financial_with_Sentiment.csv
[2024-12-27T15:51:57.141+0000] {logging_mixin.py:190} WARNING - /app/dags/train_xgboost_pipeline.py:739 DtypeWarning: Columns (2161) have mixed types. Specify dtype option on import or set low_memory=False.
[2024-12-27T15:51:57.268+0000] {logging_mixin.py:190} WARNING - /app/dags/train_xgboost_pipeline.py:685 SettingWithCopyWarning: 
A value is trying to be set on a copy of a slice from a DataFrame

See the caveats in the documentation: https://pandas.pydata.org/pandas-docs/stable/user_guide/indexing.html#returning-a-view-versus-a-copy
[2024-12-27T15:51:59.921+0000] {train_xgboost_pipeline.py:670} INFO - Uploaded /tmp/retrained_model.pkl to MinIO at data/Ingestion/retrained_model.pkl
[2024-12-27T15:51:59.922+0000] {train_xgboost_pipeline.py:753} INFO - Retrained model saved and uploaded.
[2024-12-27T15:51:59.927+0000] {train_xgboost_pipeline.py:759} INFO - Retrained Model Evaluation - MSE: 148.72, R2: 0.24
[2024-12-27T15:51:59.928+0000] {logging_mixin.py:190} INFO - Retrained Model Metrics:
MSE: 148.72
R2: 0.24
[2024-12-27T15:51:59.930+0000] {python.py:240} INFO - Done. Returned value was: None
[2024-12-27T15:51:59.941+0000] {taskinstance.py:340} INFO - ::group::Post task execution logs
[2024-12-27T15:51:59.942+0000] {taskinstance.py:352} INFO - Marking task as SUCCESS. dag_id=xgboost_drift_pipeline, task_id=retrain_model, run_id=manual__2024-12-27T15:51:49.739819+00:00, execution_date=20241227T155149, start_date=20241227T155156, end_date=20241227T155159
[2024-12-27T15:52:00.000+0000] {local_task_job_runner.py:266} INFO - Task exited with return code 0
[2024-12-27T15:52:00.040+0000] {taskinstance.py:3895} INFO - 0 downstream tasks scheduled from follow-on schedule check
[2024-12-27T15:52:00.043+0000] {local_task_job_runner.py:245} INFO - ::endgroup::
