[2024-12-21T16:03:25.921+0000] {processor.py:186} INFO - Started process (PID=157) to work on /app/dags/train_xgboost_pipeline.py
[2024-12-21T16:03:25.953+0000] {processor.py:914} INFO - Processing file /app/dags/train_xgboost_pipeline.py for tasks to queue
[2024-12-21T16:03:26.010+0000] {logging_mixin.py:190} INFO - [2024-12-21T16:03:26.007+0000] {dagbag.py:588} INFO - Filling up the DagBag from /app/dags/train_xgboost_pipeline.py
[2024-12-21T16:03:40.683+0000] {processor.py:925} INFO - DAG(s) 'train_xgboost_pipeline' retrieved from /app/dags/train_xgboost_pipeline.py
[2024-12-21T16:03:41.187+0000] {logging_mixin.py:190} INFO - [2024-12-21T16:03:41.185+0000] {override.py:1911} INFO - Created Permission View: can read on DAG:train_xgboost_pipeline
[2024-12-21T16:03:41.209+0000] {logging_mixin.py:190} INFO - [2024-12-21T16:03:41.209+0000] {override.py:1911} INFO - Created Permission View: can delete on DAG:train_xgboost_pipeline
[2024-12-21T16:03:41.218+0000] {logging_mixin.py:190} INFO - [2024-12-21T16:03:41.218+0000] {override.py:1911} INFO - Created Permission View: can edit on DAG:train_xgboost_pipeline
[2024-12-21T16:03:41.226+0000] {logging_mixin.py:190} INFO - [2024-12-21T16:03:41.225+0000] {override.py:1911} INFO - Created Permission View: menu access on DAG Run:train_xgboost_pipeline
[2024-12-21T16:03:41.234+0000] {logging_mixin.py:190} INFO - [2024-12-21T16:03:41.234+0000] {override.py:1911} INFO - Created Permission View: can read on DAG Run:train_xgboost_pipeline
[2024-12-21T16:03:41.241+0000] {logging_mixin.py:190} INFO - [2024-12-21T16:03:41.241+0000] {override.py:1911} INFO - Created Permission View: can delete on DAG Run:train_xgboost_pipeline
[2024-12-21T16:03:41.250+0000] {logging_mixin.py:190} INFO - [2024-12-21T16:03:41.250+0000] {override.py:1911} INFO - Created Permission View: can create on DAG Run:train_xgboost_pipeline
[2024-12-21T16:03:41.252+0000] {logging_mixin.py:190} INFO - [2024-12-21T16:03:41.251+0000] {dag.py:3239} INFO - Sync 1 DAGs
[2024-12-21T16:03:41.329+0000] {logging_mixin.py:190} INFO - [2024-12-21T16:03:41.325+0000] {dag.py:3262} INFO - Creating ORM DAG for train_xgboost_pipeline
[2024-12-21T16:03:41.365+0000] {logging_mixin.py:190} INFO - [2024-12-21T16:03:41.365+0000] {dag.py:4180} INFO - Setting next_dagrun for train_xgboost_pipeline to 2024-12-21 17:00:00+00:00, run_after=2024-12-21 18:00:00+00:00
[2024-12-21T16:03:41.413+0000] {processor.py:208} INFO - Processing /app/dags/train_xgboost_pipeline.py took 15.698 seconds
[2024-12-21T16:04:11.497+0000] {processor.py:186} INFO - Started process (PID=180) to work on /app/dags/train_xgboost_pipeline.py
[2024-12-21T16:04:11.504+0000] {processor.py:914} INFO - Processing file /app/dags/train_xgboost_pipeline.py for tasks to queue
[2024-12-21T16:04:11.513+0000] {logging_mixin.py:190} INFO - [2024-12-21T16:04:11.512+0000] {dagbag.py:588} INFO - Filling up the DagBag from /app/dags/train_xgboost_pipeline.py
[2024-12-21T16:04:15.251+0000] {processor.py:925} INFO - DAG(s) 'train_xgboost_pipeline' retrieved from /app/dags/train_xgboost_pipeline.py
[2024-12-21T16:04:15.585+0000] {logging_mixin.py:190} INFO - [2024-12-21T16:04:15.584+0000] {dag.py:3239} INFO - Sync 1 DAGs
[2024-12-21T16:04:15.637+0000] {logging_mixin.py:190} INFO - [2024-12-21T16:04:15.637+0000] {dag.py:4180} INFO - Setting next_dagrun for train_xgboost_pipeline to 2024-12-21 17:00:00+00:00, run_after=2024-12-21 18:00:00+00:00
[2024-12-21T16:04:15.658+0000] {processor.py:208} INFO - Processing /app/dags/train_xgboost_pipeline.py took 4.173 seconds
[2024-12-21T16:04:46.090+0000] {processor.py:186} INFO - Started process (PID=199) to work on /app/dags/train_xgboost_pipeline.py
[2024-12-21T16:04:46.092+0000] {processor.py:914} INFO - Processing file /app/dags/train_xgboost_pipeline.py for tasks to queue
[2024-12-21T16:04:46.094+0000] {logging_mixin.py:190} INFO - [2024-12-21T16:04:46.094+0000] {dagbag.py:588} INFO - Filling up the DagBag from /app/dags/train_xgboost_pipeline.py
[2024-12-21T16:04:47.765+0000] {processor.py:925} INFO - DAG(s) 'train_xgboost_pipeline' retrieved from /app/dags/train_xgboost_pipeline.py
[2024-12-21T16:04:47.909+0000] {logging_mixin.py:190} INFO - [2024-12-21T16:04:47.909+0000] {dag.py:3239} INFO - Sync 1 DAGs
[2024-12-21T16:04:47.941+0000] {logging_mixin.py:190} INFO - [2024-12-21T16:04:47.941+0000] {dag.py:4180} INFO - Setting next_dagrun for train_xgboost_pipeline to 2024-12-21 17:00:00+00:00, run_after=2024-12-21 18:00:00+00:00
[2024-12-21T16:04:47.966+0000] {processor.py:208} INFO - Processing /app/dags/train_xgboost_pipeline.py took 1.888 seconds
[2024-12-21T16:05:18.527+0000] {processor.py:186} INFO - Started process (PID=225) to work on /app/dags/train_xgboost_pipeline.py
[2024-12-21T16:05:18.529+0000] {processor.py:914} INFO - Processing file /app/dags/train_xgboost_pipeline.py for tasks to queue
[2024-12-21T16:05:18.531+0000] {logging_mixin.py:190} INFO - [2024-12-21T16:05:18.531+0000] {dagbag.py:588} INFO - Filling up the DagBag from /app/dags/train_xgboost_pipeline.py
[2024-12-21T16:05:20.682+0000] {processor.py:925} INFO - DAG(s) 'train_xgboost_pipeline' retrieved from /app/dags/train_xgboost_pipeline.py
[2024-12-21T16:05:21.068+0000] {logging_mixin.py:190} INFO - [2024-12-21T16:05:21.068+0000] {dag.py:3239} INFO - Sync 1 DAGs
[2024-12-21T16:05:21.126+0000] {logging_mixin.py:190} INFO - [2024-12-21T16:05:21.126+0000] {dag.py:4180} INFO - Setting next_dagrun for train_xgboost_pipeline to 2024-12-21 17:00:00+00:00, run_after=2024-12-21 18:00:00+00:00
[2024-12-21T16:05:21.161+0000] {processor.py:208} INFO - Processing /app/dags/train_xgboost_pipeline.py took 2.641 seconds
[2024-12-21T16:05:51.500+0000] {processor.py:186} INFO - Started process (PID=248) to work on /app/dags/train_xgboost_pipeline.py
[2024-12-21T16:05:51.502+0000] {processor.py:914} INFO - Processing file /app/dags/train_xgboost_pipeline.py for tasks to queue
[2024-12-21T16:05:51.505+0000] {logging_mixin.py:190} INFO - [2024-12-21T16:05:51.504+0000] {dagbag.py:588} INFO - Filling up the DagBag from /app/dags/train_xgboost_pipeline.py
[2024-12-21T16:05:55.985+0000] {processor.py:925} INFO - DAG(s) 'train_xgboost_pipeline' retrieved from /app/dags/train_xgboost_pipeline.py
[2024-12-21T16:05:56.098+0000] {logging_mixin.py:190} INFO - [2024-12-21T16:05:56.098+0000] {dag.py:3239} INFO - Sync 1 DAGs
[2024-12-21T16:05:56.160+0000] {logging_mixin.py:190} INFO - [2024-12-21T16:05:56.160+0000] {dag.py:4180} INFO - Setting next_dagrun for train_xgboost_pipeline to 2024-12-21 17:00:00+00:00, run_after=2024-12-21 18:00:00+00:00
[2024-12-21T16:05:56.199+0000] {processor.py:208} INFO - Processing /app/dags/train_xgboost_pipeline.py took 4.708 seconds
[2024-12-21T16:06:26.473+0000] {processor.py:186} INFO - Started process (PID=301) to work on /app/dags/train_xgboost_pipeline.py
[2024-12-21T16:06:26.475+0000] {processor.py:914} INFO - Processing file /app/dags/train_xgboost_pipeline.py for tasks to queue
[2024-12-21T16:06:26.481+0000] {logging_mixin.py:190} INFO - [2024-12-21T16:06:26.480+0000] {dagbag.py:588} INFO - Filling up the DagBag from /app/dags/train_xgboost_pipeline.py
[2024-12-21T16:06:27.795+0000] {processor.py:925} INFO - DAG(s) 'train_xgboost_pipeline' retrieved from /app/dags/train_xgboost_pipeline.py
[2024-12-21T16:06:27.956+0000] {logging_mixin.py:190} INFO - [2024-12-21T16:06:27.955+0000] {dag.py:3239} INFO - Sync 1 DAGs
[2024-12-21T16:06:27.981+0000] {logging_mixin.py:190} INFO - [2024-12-21T16:06:27.981+0000] {dag.py:4180} INFO - Setting next_dagrun for train_xgboost_pipeline to 2024-12-21 17:00:00+00:00, run_after=2024-12-21 18:00:00+00:00
[2024-12-21T16:06:28.007+0000] {processor.py:208} INFO - Processing /app/dags/train_xgboost_pipeline.py took 1.546 seconds
[2024-12-21T16:06:58.301+0000] {processor.py:186} INFO - Started process (PID=320) to work on /app/dags/train_xgboost_pipeline.py
[2024-12-21T16:06:58.302+0000] {processor.py:914} INFO - Processing file /app/dags/train_xgboost_pipeline.py for tasks to queue
[2024-12-21T16:06:58.305+0000] {logging_mixin.py:190} INFO - [2024-12-21T16:06:58.305+0000] {dagbag.py:588} INFO - Filling up the DagBag from /app/dags/train_xgboost_pipeline.py
[2024-12-21T16:06:59.785+0000] {processor.py:925} INFO - DAG(s) 'train_xgboost_pipeline' retrieved from /app/dags/train_xgboost_pipeline.py
[2024-12-21T16:06:59.896+0000] {logging_mixin.py:190} INFO - [2024-12-21T16:06:59.895+0000] {dag.py:3239} INFO - Sync 1 DAGs
[2024-12-21T16:06:59.921+0000] {logging_mixin.py:190} INFO - [2024-12-21T16:06:59.921+0000] {dag.py:4180} INFO - Setting next_dagrun for train_xgboost_pipeline to 2024-12-21 17:00:00+00:00, run_after=2024-12-21 18:00:00+00:00
[2024-12-21T16:06:59.944+0000] {processor.py:208} INFO - Processing /app/dags/train_xgboost_pipeline.py took 1.651 seconds
[2024-12-21T16:07:30.097+0000] {processor.py:186} INFO - Started process (PID=339) to work on /app/dags/train_xgboost_pipeline.py
[2024-12-21T16:07:30.098+0000] {processor.py:914} INFO - Processing file /app/dags/train_xgboost_pipeline.py for tasks to queue
[2024-12-21T16:07:30.101+0000] {logging_mixin.py:190} INFO - [2024-12-21T16:07:30.101+0000] {dagbag.py:588} INFO - Filling up the DagBag from /app/dags/train_xgboost_pipeline.py
[2024-12-21T16:07:31.394+0000] {processor.py:925} INFO - DAG(s) 'train_xgboost_pipeline' retrieved from /app/dags/train_xgboost_pipeline.py
[2024-12-21T16:07:31.505+0000] {logging_mixin.py:190} INFO - [2024-12-21T16:07:31.504+0000] {dag.py:3239} INFO - Sync 1 DAGs
[2024-12-21T16:07:31.599+0000] {logging_mixin.py:190} INFO - [2024-12-21T16:07:31.597+0000] {dag.py:4180} INFO - Setting next_dagrun for train_xgboost_pipeline to 2024-12-21 17:00:00+00:00, run_after=2024-12-21 18:00:00+00:00
[2024-12-21T16:07:31.633+0000] {processor.py:208} INFO - Processing /app/dags/train_xgboost_pipeline.py took 1.565 seconds
[2024-12-21T16:08:02.144+0000] {processor.py:186} INFO - Started process (PID=358) to work on /app/dags/train_xgboost_pipeline.py
[2024-12-21T16:08:02.146+0000] {processor.py:914} INFO - Processing file /app/dags/train_xgboost_pipeline.py for tasks to queue
[2024-12-21T16:08:02.160+0000] {logging_mixin.py:190} INFO - [2024-12-21T16:08:02.159+0000] {dagbag.py:588} INFO - Filling up the DagBag from /app/dags/train_xgboost_pipeline.py
[2024-12-21T16:08:03.357+0000] {processor.py:925} INFO - DAG(s) 'train_xgboost_pipeline' retrieved from /app/dags/train_xgboost_pipeline.py
[2024-12-21T16:08:03.478+0000] {logging_mixin.py:190} INFO - [2024-12-21T16:08:03.477+0000] {dag.py:3239} INFO - Sync 1 DAGs
[2024-12-21T16:08:03.501+0000] {logging_mixin.py:190} INFO - [2024-12-21T16:08:03.500+0000] {dag.py:4180} INFO - Setting next_dagrun for train_xgboost_pipeline to 2024-12-21 17:00:00+00:00, run_after=2024-12-21 18:00:00+00:00
[2024-12-21T16:08:03.525+0000] {processor.py:208} INFO - Processing /app/dags/train_xgboost_pipeline.py took 1.436 seconds
[2024-12-21T16:08:33.938+0000] {processor.py:186} INFO - Started process (PID=377) to work on /app/dags/train_xgboost_pipeline.py
[2024-12-21T16:08:33.939+0000] {processor.py:914} INFO - Processing file /app/dags/train_xgboost_pipeline.py for tasks to queue
[2024-12-21T16:08:33.941+0000] {logging_mixin.py:190} INFO - [2024-12-21T16:08:33.941+0000] {dagbag.py:588} INFO - Filling up the DagBag from /app/dags/train_xgboost_pipeline.py
[2024-12-21T16:08:35.144+0000] {processor.py:925} INFO - DAG(s) 'train_xgboost_pipeline' retrieved from /app/dags/train_xgboost_pipeline.py
[2024-12-21T16:08:35.261+0000] {logging_mixin.py:190} INFO - [2024-12-21T16:08:35.261+0000] {dag.py:3239} INFO - Sync 1 DAGs
[2024-12-21T16:08:35.285+0000] {logging_mixin.py:190} INFO - [2024-12-21T16:08:35.285+0000] {dag.py:4180} INFO - Setting next_dagrun for train_xgboost_pipeline to 2024-12-21 17:00:00+00:00, run_after=2024-12-21 18:00:00+00:00
[2024-12-21T16:08:35.307+0000] {processor.py:208} INFO - Processing /app/dags/train_xgboost_pipeline.py took 1.376 seconds
[2024-12-21T16:09:05.694+0000] {processor.py:186} INFO - Started process (PID=396) to work on /app/dags/train_xgboost_pipeline.py
[2024-12-21T16:09:05.695+0000] {processor.py:914} INFO - Processing file /app/dags/train_xgboost_pipeline.py for tasks to queue
[2024-12-21T16:09:05.698+0000] {logging_mixin.py:190} INFO - [2024-12-21T16:09:05.697+0000] {dagbag.py:588} INFO - Filling up the DagBag from /app/dags/train_xgboost_pipeline.py
[2024-12-21T16:09:06.948+0000] {processor.py:925} INFO - DAG(s) 'train_xgboost_pipeline' retrieved from /app/dags/train_xgboost_pipeline.py
[2024-12-21T16:09:07.058+0000] {logging_mixin.py:190} INFO - [2024-12-21T16:09:07.058+0000] {dag.py:3239} INFO - Sync 1 DAGs
[2024-12-21T16:09:07.082+0000] {logging_mixin.py:190} INFO - [2024-12-21T16:09:07.082+0000] {dag.py:4180} INFO - Setting next_dagrun for train_xgboost_pipeline to 2024-12-21 17:00:00+00:00, run_after=2024-12-21 18:00:00+00:00
[2024-12-21T16:09:07.104+0000] {processor.py:208} INFO - Processing /app/dags/train_xgboost_pipeline.py took 1.417 seconds
[2024-12-21T16:09:37.533+0000] {processor.py:186} INFO - Started process (PID=415) to work on /app/dags/train_xgboost_pipeline.py
[2024-12-21T16:09:37.534+0000] {processor.py:914} INFO - Processing file /app/dags/train_xgboost_pipeline.py for tasks to queue
[2024-12-21T16:09:37.537+0000] {logging_mixin.py:190} INFO - [2024-12-21T16:09:37.537+0000] {dagbag.py:588} INFO - Filling up the DagBag from /app/dags/train_xgboost_pipeline.py
[2024-12-21T16:09:38.711+0000] {processor.py:925} INFO - DAG(s) 'train_xgboost_pipeline' retrieved from /app/dags/train_xgboost_pipeline.py
[2024-12-21T16:09:38.848+0000] {logging_mixin.py:190} INFO - [2024-12-21T16:09:38.848+0000] {dag.py:3239} INFO - Sync 1 DAGs
[2024-12-21T16:09:38.879+0000] {logging_mixin.py:190} INFO - [2024-12-21T16:09:38.879+0000] {dag.py:4180} INFO - Setting next_dagrun for train_xgboost_pipeline to 2024-12-21 17:00:00+00:00, run_after=2024-12-21 18:00:00+00:00
[2024-12-21T16:09:38.904+0000] {processor.py:208} INFO - Processing /app/dags/train_xgboost_pipeline.py took 1.429 seconds
[2024-12-21T16:10:09.198+0000] {processor.py:186} INFO - Started process (PID=434) to work on /app/dags/train_xgboost_pipeline.py
[2024-12-21T16:10:09.201+0000] {processor.py:914} INFO - Processing file /app/dags/train_xgboost_pipeline.py for tasks to queue
[2024-12-21T16:10:09.205+0000] {logging_mixin.py:190} INFO - [2024-12-21T16:10:09.205+0000] {dagbag.py:588} INFO - Filling up the DagBag from /app/dags/train_xgboost_pipeline.py
[2024-12-21T16:10:10.732+0000] {processor.py:925} INFO - DAG(s) 'train_xgboost_pipeline' retrieved from /app/dags/train_xgboost_pipeline.py
[2024-12-21T16:10:10.917+0000] {logging_mixin.py:190} INFO - [2024-12-21T16:10:10.917+0000] {dag.py:3239} INFO - Sync 1 DAGs
[2024-12-21T16:10:10.951+0000] {logging_mixin.py:190} INFO - [2024-12-21T16:10:10.950+0000] {dag.py:4180} INFO - Setting next_dagrun for train_xgboost_pipeline to 2024-12-21 17:00:00+00:00, run_after=2024-12-21 18:00:00+00:00
[2024-12-21T16:10:10.973+0000] {processor.py:208} INFO - Processing /app/dags/train_xgboost_pipeline.py took 1.788 seconds
[2024-12-21T16:10:41.125+0000] {processor.py:186} INFO - Started process (PID=453) to work on /app/dags/train_xgboost_pipeline.py
[2024-12-21T16:10:41.130+0000] {processor.py:914} INFO - Processing file /app/dags/train_xgboost_pipeline.py for tasks to queue
[2024-12-21T16:10:41.133+0000] {logging_mixin.py:190} INFO - [2024-12-21T16:10:41.132+0000] {dagbag.py:588} INFO - Filling up the DagBag from /app/dags/train_xgboost_pipeline.py
[2024-12-21T16:10:42.522+0000] {processor.py:925} INFO - DAG(s) 'train_xgboost_pipeline' retrieved from /app/dags/train_xgboost_pipeline.py
[2024-12-21T16:10:42.633+0000] {logging_mixin.py:190} INFO - [2024-12-21T16:10:42.633+0000] {dag.py:3239} INFO - Sync 1 DAGs
[2024-12-21T16:10:42.656+0000] {logging_mixin.py:190} INFO - [2024-12-21T16:10:42.656+0000] {dag.py:4180} INFO - Setting next_dagrun for train_xgboost_pipeline to 2024-12-21 17:00:00+00:00, run_after=2024-12-21 18:00:00+00:00
[2024-12-21T16:10:42.679+0000] {processor.py:208} INFO - Processing /app/dags/train_xgboost_pipeline.py took 1.563 seconds
[2024-12-21T16:11:12.968+0000] {processor.py:186} INFO - Started process (PID=472) to work on /app/dags/train_xgboost_pipeline.py
[2024-12-21T16:11:12.970+0000] {processor.py:914} INFO - Processing file /app/dags/train_xgboost_pipeline.py for tasks to queue
[2024-12-21T16:11:12.972+0000] {logging_mixin.py:190} INFO - [2024-12-21T16:11:12.972+0000] {dagbag.py:588} INFO - Filling up the DagBag from /app/dags/train_xgboost_pipeline.py
[2024-12-21T16:11:14.110+0000] {processor.py:925} INFO - DAG(s) 'train_xgboost_pipeline' retrieved from /app/dags/train_xgboost_pipeline.py
[2024-12-21T16:11:14.238+0000] {logging_mixin.py:190} INFO - [2024-12-21T16:11:14.238+0000] {dag.py:3239} INFO - Sync 1 DAGs
[2024-12-21T16:11:14.266+0000] {logging_mixin.py:190} INFO - [2024-12-21T16:11:14.266+0000] {dag.py:4180} INFO - Setting next_dagrun for train_xgboost_pipeline to 2024-12-21 17:00:00+00:00, run_after=2024-12-21 18:00:00+00:00
[2024-12-21T16:11:14.292+0000] {processor.py:208} INFO - Processing /app/dags/train_xgboost_pipeline.py took 1.331 seconds
[2024-12-21T16:11:44.657+0000] {processor.py:186} INFO - Started process (PID=491) to work on /app/dags/train_xgboost_pipeline.py
[2024-12-21T16:11:44.659+0000] {processor.py:914} INFO - Processing file /app/dags/train_xgboost_pipeline.py for tasks to queue
[2024-12-21T16:11:44.662+0000] {logging_mixin.py:190} INFO - [2024-12-21T16:11:44.662+0000] {dagbag.py:588} INFO - Filling up the DagBag from /app/dags/train_xgboost_pipeline.py
[2024-12-21T16:11:45.829+0000] {processor.py:925} INFO - DAG(s) 'train_xgboost_pipeline' retrieved from /app/dags/train_xgboost_pipeline.py
[2024-12-21T16:11:45.926+0000] {logging_mixin.py:190} INFO - [2024-12-21T16:11:45.926+0000] {dag.py:3239} INFO - Sync 1 DAGs
[2024-12-21T16:11:45.948+0000] {logging_mixin.py:190} INFO - [2024-12-21T16:11:45.948+0000] {dag.py:4180} INFO - Setting next_dagrun for train_xgboost_pipeline to 2024-12-21 17:00:00+00:00, run_after=2024-12-21 18:00:00+00:00
[2024-12-21T16:11:45.970+0000] {processor.py:208} INFO - Processing /app/dags/train_xgboost_pipeline.py took 1.365 seconds
[2024-12-21T16:12:16.323+0000] {processor.py:186} INFO - Started process (PID=510) to work on /app/dags/train_xgboost_pipeline.py
[2024-12-21T16:12:16.325+0000] {processor.py:914} INFO - Processing file /app/dags/train_xgboost_pipeline.py for tasks to queue
[2024-12-21T16:12:16.329+0000] {logging_mixin.py:190} INFO - [2024-12-21T16:12:16.329+0000] {dagbag.py:588} INFO - Filling up the DagBag from /app/dags/train_xgboost_pipeline.py
[2024-12-21T16:12:17.483+0000] {processor.py:925} INFO - DAG(s) 'train_xgboost_pipeline' retrieved from /app/dags/train_xgboost_pipeline.py
[2024-12-21T16:12:17.618+0000] {logging_mixin.py:190} INFO - [2024-12-21T16:12:17.617+0000] {dag.py:3239} INFO - Sync 1 DAGs
[2024-12-21T16:12:17.639+0000] {logging_mixin.py:190} INFO - [2024-12-21T16:12:17.639+0000] {dag.py:4180} INFO - Setting next_dagrun for train_xgboost_pipeline to 2024-12-21 17:00:00+00:00, run_after=2024-12-21 18:00:00+00:00
[2024-12-21T16:12:17.660+0000] {processor.py:208} INFO - Processing /app/dags/train_xgboost_pipeline.py took 1.344 seconds
[2024-12-21T16:12:47.914+0000] {processor.py:186} INFO - Started process (PID=529) to work on /app/dags/train_xgboost_pipeline.py
[2024-12-21T16:12:47.915+0000] {processor.py:914} INFO - Processing file /app/dags/train_xgboost_pipeline.py for tasks to queue
[2024-12-21T16:12:47.918+0000] {logging_mixin.py:190} INFO - [2024-12-21T16:12:47.918+0000] {dagbag.py:588} INFO - Filling up the DagBag from /app/dags/train_xgboost_pipeline.py
[2024-12-21T16:12:49.142+0000] {processor.py:925} INFO - DAG(s) 'train_xgboost_pipeline' retrieved from /app/dags/train_xgboost_pipeline.py
[2024-12-21T16:12:49.284+0000] {logging_mixin.py:190} INFO - [2024-12-21T16:12:49.284+0000] {dag.py:3239} INFO - Sync 1 DAGs
[2024-12-21T16:12:49.307+0000] {logging_mixin.py:190} INFO - [2024-12-21T16:12:49.307+0000] {dag.py:4180} INFO - Setting next_dagrun for train_xgboost_pipeline to 2024-12-21 17:00:00+00:00, run_after=2024-12-21 18:00:00+00:00
[2024-12-21T16:12:49.333+0000] {processor.py:208} INFO - Processing /app/dags/train_xgboost_pipeline.py took 1.427 seconds
[2024-12-21T16:13:19.808+0000] {processor.py:186} INFO - Started process (PID=548) to work on /app/dags/train_xgboost_pipeline.py
[2024-12-21T16:13:19.810+0000] {processor.py:914} INFO - Processing file /app/dags/train_xgboost_pipeline.py for tasks to queue
[2024-12-21T16:13:19.812+0000] {logging_mixin.py:190} INFO - [2024-12-21T16:13:19.812+0000] {dagbag.py:588} INFO - Filling up the DagBag from /app/dags/train_xgboost_pipeline.py
[2024-12-21T16:13:20.945+0000] {processor.py:925} INFO - DAG(s) 'train_xgboost_pipeline' retrieved from /app/dags/train_xgboost_pipeline.py
[2024-12-21T16:13:21.055+0000] {logging_mixin.py:190} INFO - [2024-12-21T16:13:21.055+0000] {dag.py:3239} INFO - Sync 1 DAGs
[2024-12-21T16:13:21.076+0000] {logging_mixin.py:190} INFO - [2024-12-21T16:13:21.075+0000] {dag.py:4180} INFO - Setting next_dagrun for train_xgboost_pipeline to 2024-12-21 17:00:00+00:00, run_after=2024-12-21 18:00:00+00:00
[2024-12-21T16:13:21.094+0000] {processor.py:208} INFO - Processing /app/dags/train_xgboost_pipeline.py took 1.294 seconds
[2024-12-21T16:13:51.193+0000] {processor.py:186} INFO - Started process (PID=567) to work on /app/dags/train_xgboost_pipeline.py
[2024-12-21T16:13:51.194+0000] {processor.py:914} INFO - Processing file /app/dags/train_xgboost_pipeline.py for tasks to queue
[2024-12-21T16:13:51.197+0000] {logging_mixin.py:190} INFO - [2024-12-21T16:13:51.196+0000] {dagbag.py:588} INFO - Filling up the DagBag from /app/dags/train_xgboost_pipeline.py
[2024-12-21T16:13:54.028+0000] {processor.py:925} INFO - DAG(s) 'train_xgboost_pipeline' retrieved from /app/dags/train_xgboost_pipeline.py
[2024-12-21T16:13:54.366+0000] {logging_mixin.py:190} INFO - [2024-12-21T16:13:54.365+0000] {dag.py:3239} INFO - Sync 1 DAGs
[2024-12-21T16:13:54.520+0000] {logging_mixin.py:190} INFO - [2024-12-21T16:13:54.519+0000] {dag.py:4180} INFO - Setting next_dagrun for train_xgboost_pipeline to 2024-12-21 17:00:00+00:00, run_after=2024-12-21 18:00:00+00:00
[2024-12-21T16:13:54.615+0000] {processor.py:208} INFO - Processing /app/dags/train_xgboost_pipeline.py took 3.430 seconds
[2024-12-21T16:14:24.882+0000] {processor.py:186} INFO - Started process (PID=586) to work on /app/dags/train_xgboost_pipeline.py
[2024-12-21T16:14:24.883+0000] {processor.py:914} INFO - Processing file /app/dags/train_xgboost_pipeline.py for tasks to queue
[2024-12-21T16:14:24.886+0000] {logging_mixin.py:190} INFO - [2024-12-21T16:14:24.886+0000] {dagbag.py:588} INFO - Filling up the DagBag from /app/dags/train_xgboost_pipeline.py
[2024-12-21T16:14:30.080+0000] {processor.py:925} INFO - DAG(s) 'train_xgboost_pipeline' retrieved from /app/dags/train_xgboost_pipeline.py
[2024-12-21T16:14:30.551+0000] {logging_mixin.py:190} INFO - [2024-12-21T16:14:30.550+0000] {dag.py:3239} INFO - Sync 1 DAGs
[2024-12-21T16:14:30.635+0000] {logging_mixin.py:190} INFO - [2024-12-21T16:14:30.634+0000] {dag.py:4180} INFO - Setting next_dagrun for train_xgboost_pipeline to 2024-12-21 17:00:00+00:00, run_after=2024-12-21 18:00:00+00:00
[2024-12-21T16:14:30.664+0000] {processor.py:208} INFO - Processing /app/dags/train_xgboost_pipeline.py took 5.794 seconds
[2024-12-21T16:15:01.078+0000] {processor.py:186} INFO - Started process (PID=605) to work on /app/dags/train_xgboost_pipeline.py
[2024-12-21T16:15:01.079+0000] {processor.py:914} INFO - Processing file /app/dags/train_xgboost_pipeline.py for tasks to queue
[2024-12-21T16:15:01.083+0000] {logging_mixin.py:190} INFO - [2024-12-21T16:15:01.082+0000] {dagbag.py:588} INFO - Filling up the DagBag from /app/dags/train_xgboost_pipeline.py
[2024-12-21T16:15:02.379+0000] {processor.py:925} INFO - DAG(s) 'train_xgboost_pipeline' retrieved from /app/dags/train_xgboost_pipeline.py
[2024-12-21T16:15:02.491+0000] {logging_mixin.py:190} INFO - [2024-12-21T16:15:02.490+0000] {dag.py:3239} INFO - Sync 1 DAGs
[2024-12-21T16:15:02.515+0000] {logging_mixin.py:190} INFO - [2024-12-21T16:15:02.514+0000] {dag.py:4180} INFO - Setting next_dagrun for train_xgboost_pipeline to 2024-12-21 17:00:00+00:00, run_after=2024-12-21 18:00:00+00:00
[2024-12-21T16:15:02.535+0000] {processor.py:208} INFO - Processing /app/dags/train_xgboost_pipeline.py took 1.466 seconds
[2024-12-21T16:15:32.666+0000] {processor.py:186} INFO - Started process (PID=624) to work on /app/dags/train_xgboost_pipeline.py
[2024-12-21T16:15:32.668+0000] {processor.py:914} INFO - Processing file /app/dags/train_xgboost_pipeline.py for tasks to queue
[2024-12-21T16:15:32.670+0000] {logging_mixin.py:190} INFO - [2024-12-21T16:15:32.670+0000] {dagbag.py:588} INFO - Filling up the DagBag from /app/dags/train_xgboost_pipeline.py
[2024-12-21T16:15:33.850+0000] {processor.py:925} INFO - DAG(s) 'train_xgboost_pipeline' retrieved from /app/dags/train_xgboost_pipeline.py
[2024-12-21T16:15:33.991+0000] {logging_mixin.py:190} INFO - [2024-12-21T16:15:33.990+0000] {dag.py:3239} INFO - Sync 1 DAGs
[2024-12-21T16:15:34.081+0000] {logging_mixin.py:190} INFO - [2024-12-21T16:15:34.081+0000] {dag.py:4180} INFO - Setting next_dagrun for train_xgboost_pipeline to 2024-12-21 17:00:00+00:00, run_after=2024-12-21 18:00:00+00:00
[2024-12-21T16:15:34.145+0000] {processor.py:208} INFO - Processing /app/dags/train_xgboost_pipeline.py took 1.486 seconds
[2024-12-21T16:16:04.849+0000] {processor.py:186} INFO - Started process (PID=643) to work on /app/dags/train_xgboost_pipeline.py
[2024-12-21T16:16:04.883+0000] {processor.py:914} INFO - Processing file /app/dags/train_xgboost_pipeline.py for tasks to queue
[2024-12-21T16:16:04.949+0000] {logging_mixin.py:190} INFO - [2024-12-21T16:16:04.944+0000] {dagbag.py:588} INFO - Filling up the DagBag from /app/dags/train_xgboost_pipeline.py
[2024-12-21T16:16:08.092+0000] {processor.py:925} INFO - DAG(s) 'train_xgboost_pipeline' retrieved from /app/dags/train_xgboost_pipeline.py
[2024-12-21T16:16:08.212+0000] {logging_mixin.py:190} INFO - [2024-12-21T16:16:08.211+0000] {dag.py:3239} INFO - Sync 1 DAGs
[2024-12-21T16:16:08.234+0000] {logging_mixin.py:190} INFO - [2024-12-21T16:16:08.234+0000] {dag.py:4180} INFO - Setting next_dagrun for train_xgboost_pipeline to 2024-12-21 17:00:00+00:00, run_after=2024-12-21 18:00:00+00:00
[2024-12-21T16:16:08.254+0000] {processor.py:208} INFO - Processing /app/dags/train_xgboost_pipeline.py took 3.686 seconds
[2024-12-21T16:16:38.446+0000] {processor.py:186} INFO - Started process (PID=662) to work on /app/dags/train_xgboost_pipeline.py
[2024-12-21T16:16:38.447+0000] {processor.py:914} INFO - Processing file /app/dags/train_xgboost_pipeline.py for tasks to queue
[2024-12-21T16:16:38.451+0000] {logging_mixin.py:190} INFO - [2024-12-21T16:16:38.450+0000] {dagbag.py:588} INFO - Filling up the DagBag from /app/dags/train_xgboost_pipeline.py
[2024-12-21T16:16:39.831+0000] {processor.py:925} INFO - DAG(s) 'train_xgboost_pipeline' retrieved from /app/dags/train_xgboost_pipeline.py
[2024-12-21T16:16:39.959+0000] {logging_mixin.py:190} INFO - [2024-12-21T16:16:39.958+0000] {dag.py:3239} INFO - Sync 1 DAGs
[2024-12-21T16:16:39.982+0000] {logging_mixin.py:190} INFO - [2024-12-21T16:16:39.981+0000] {dag.py:4180} INFO - Setting next_dagrun for train_xgboost_pipeline to 2024-12-21 17:00:00+00:00, run_after=2024-12-21 18:00:00+00:00
[2024-12-21T16:16:40.005+0000] {processor.py:208} INFO - Processing /app/dags/train_xgboost_pipeline.py took 1.568 seconds
[2024-12-21T16:17:10.428+0000] {processor.py:186} INFO - Started process (PID=681) to work on /app/dags/train_xgboost_pipeline.py
[2024-12-21T16:17:10.430+0000] {processor.py:914} INFO - Processing file /app/dags/train_xgboost_pipeline.py for tasks to queue
[2024-12-21T16:17:10.434+0000] {logging_mixin.py:190} INFO - [2024-12-21T16:17:10.434+0000] {dagbag.py:588} INFO - Filling up the DagBag from /app/dags/train_xgboost_pipeline.py
[2024-12-21T16:17:11.875+0000] {processor.py:925} INFO - DAG(s) 'train_xgboost_pipeline' retrieved from /app/dags/train_xgboost_pipeline.py
[2024-12-21T16:17:11.985+0000] {logging_mixin.py:190} INFO - [2024-12-21T16:17:11.984+0000] {dag.py:3239} INFO - Sync 1 DAGs
[2024-12-21T16:17:12.010+0000] {logging_mixin.py:190} INFO - [2024-12-21T16:17:12.010+0000] {dag.py:4180} INFO - Setting next_dagrun for train_xgboost_pipeline to 2024-12-21 17:00:00+00:00, run_after=2024-12-21 18:00:00+00:00
[2024-12-21T16:17:12.029+0000] {processor.py:208} INFO - Processing /app/dags/train_xgboost_pipeline.py took 1.611 seconds
[2024-12-21T16:17:42.126+0000] {processor.py:186} INFO - Started process (PID=700) to work on /app/dags/train_xgboost_pipeline.py
[2024-12-21T16:17:42.127+0000] {processor.py:914} INFO - Processing file /app/dags/train_xgboost_pipeline.py for tasks to queue
[2024-12-21T16:17:42.140+0000] {logging_mixin.py:190} INFO - [2024-12-21T16:17:42.139+0000] {dagbag.py:588} INFO - Filling up the DagBag from /app/dags/train_xgboost_pipeline.py
[2024-12-21T16:17:48.818+0000] {processor.py:925} INFO - DAG(s) 'train_xgboost_pipeline' retrieved from /app/dags/train_xgboost_pipeline.py
[2024-12-21T16:17:49.175+0000] {logging_mixin.py:190} INFO - [2024-12-21T16:17:49.174+0000] {dag.py:3239} INFO - Sync 1 DAGs
[2024-12-21T16:17:49.255+0000] {logging_mixin.py:190} INFO - [2024-12-21T16:17:49.255+0000] {dag.py:4180} INFO - Setting next_dagrun for train_xgboost_pipeline to 2024-12-21 17:00:00+00:00, run_after=2024-12-21 18:00:00+00:00
[2024-12-21T16:17:49.289+0000] {processor.py:208} INFO - Processing /app/dags/train_xgboost_pipeline.py took 7.175 seconds
[2024-12-21T16:18:19.448+0000] {processor.py:186} INFO - Started process (PID=719) to work on /app/dags/train_xgboost_pipeline.py
[2024-12-21T16:18:19.449+0000] {processor.py:914} INFO - Processing file /app/dags/train_xgboost_pipeline.py for tasks to queue
[2024-12-21T16:18:19.452+0000] {logging_mixin.py:190} INFO - [2024-12-21T16:18:19.452+0000] {dagbag.py:588} INFO - Filling up the DagBag from /app/dags/train_xgboost_pipeline.py
[2024-12-21T16:18:21.742+0000] {processor.py:925} INFO - DAG(s) 'train_xgboost_pipeline' retrieved from /app/dags/train_xgboost_pipeline.py
[2024-12-21T16:18:22.249+0000] {logging_mixin.py:190} INFO - [2024-12-21T16:18:22.247+0000] {dag.py:3239} INFO - Sync 1 DAGs
[2024-12-21T16:18:22.331+0000] {logging_mixin.py:190} INFO - [2024-12-21T16:18:22.330+0000] {dag.py:4180} INFO - Setting next_dagrun for train_xgboost_pipeline to 2024-12-21 17:00:00+00:00, run_after=2024-12-21 18:00:00+00:00
[2024-12-21T16:18:22.386+0000] {processor.py:208} INFO - Processing /app/dags/train_xgboost_pipeline.py took 2.947 seconds
[2024-12-21T16:18:52.673+0000] {processor.py:186} INFO - Started process (PID=738) to work on /app/dags/train_xgboost_pipeline.py
[2024-12-21T16:18:52.674+0000] {processor.py:914} INFO - Processing file /app/dags/train_xgboost_pipeline.py for tasks to queue
[2024-12-21T16:18:52.686+0000] {logging_mixin.py:190} INFO - [2024-12-21T16:18:52.683+0000] {dagbag.py:588} INFO - Filling up the DagBag from /app/dags/train_xgboost_pipeline.py
[2024-12-21T16:18:53.912+0000] {processor.py:925} INFO - DAG(s) 'train_xgboost_pipeline' retrieved from /app/dags/train_xgboost_pipeline.py
[2024-12-21T16:18:54.024+0000] {logging_mixin.py:190} INFO - [2024-12-21T16:18:54.023+0000] {dag.py:3239} INFO - Sync 1 DAGs
[2024-12-21T16:18:54.050+0000] {logging_mixin.py:190} INFO - [2024-12-21T16:18:54.050+0000] {dag.py:4180} INFO - Setting next_dagrun for train_xgboost_pipeline to 2024-12-21 17:00:00+00:00, run_after=2024-12-21 18:00:00+00:00
[2024-12-21T16:18:54.071+0000] {processor.py:208} INFO - Processing /app/dags/train_xgboost_pipeline.py took 1.406 seconds
[2024-12-21T16:19:24.463+0000] {processor.py:186} INFO - Started process (PID=757) to work on /app/dags/train_xgboost_pipeline.py
[2024-12-21T16:19:24.472+0000] {processor.py:914} INFO - Processing file /app/dags/train_xgboost_pipeline.py for tasks to queue
[2024-12-21T16:19:24.488+0000] {logging_mixin.py:190} INFO - [2024-12-21T16:19:24.487+0000] {dagbag.py:588} INFO - Filling up the DagBag from /app/dags/train_xgboost_pipeline.py
[2024-12-21T16:19:26.611+0000] {processor.py:925} INFO - DAG(s) 'train_xgboost_pipeline' retrieved from /app/dags/train_xgboost_pipeline.py
[2024-12-21T16:19:26.767+0000] {logging_mixin.py:190} INFO - [2024-12-21T16:19:26.767+0000] {dag.py:3239} INFO - Sync 1 DAGs
[2024-12-21T16:19:26.810+0000] {logging_mixin.py:190} INFO - [2024-12-21T16:19:26.809+0000] {dag.py:4180} INFO - Setting next_dagrun for train_xgboost_pipeline to 2024-12-21 17:00:00+00:00, run_after=2024-12-21 18:00:00+00:00
[2024-12-21T16:19:26.836+0000] {processor.py:208} INFO - Processing /app/dags/train_xgboost_pipeline.py took 2.444 seconds
[2024-12-21T16:19:57.166+0000] {processor.py:186} INFO - Started process (PID=776) to work on /app/dags/train_xgboost_pipeline.py
[2024-12-21T16:19:57.176+0000] {processor.py:914} INFO - Processing file /app/dags/train_xgboost_pipeline.py for tasks to queue
[2024-12-21T16:19:57.197+0000] {logging_mixin.py:190} INFO - [2024-12-21T16:19:57.196+0000] {dagbag.py:588} INFO - Filling up the DagBag from /app/dags/train_xgboost_pipeline.py
[2024-12-21T16:19:59.088+0000] {processor.py:925} INFO - DAG(s) 'train_xgboost_pipeline' retrieved from /app/dags/train_xgboost_pipeline.py
[2024-12-21T16:19:59.216+0000] {logging_mixin.py:190} INFO - [2024-12-21T16:19:59.216+0000] {dag.py:3239} INFO - Sync 1 DAGs
[2024-12-21T16:19:59.243+0000] {logging_mixin.py:190} INFO - [2024-12-21T16:19:59.243+0000] {dag.py:4180} INFO - Setting next_dagrun for train_xgboost_pipeline to 2024-12-21 17:00:00+00:00, run_after=2024-12-21 18:00:00+00:00
[2024-12-21T16:19:59.264+0000] {processor.py:208} INFO - Processing /app/dags/train_xgboost_pipeline.py took 2.158 seconds
[2024-12-21T16:20:29.499+0000] {processor.py:186} INFO - Started process (PID=795) to work on /app/dags/train_xgboost_pipeline.py
[2024-12-21T16:20:29.500+0000] {processor.py:914} INFO - Processing file /app/dags/train_xgboost_pipeline.py for tasks to queue
[2024-12-21T16:20:29.502+0000] {logging_mixin.py:190} INFO - [2024-12-21T16:20:29.502+0000] {dagbag.py:588} INFO - Filling up the DagBag from /app/dags/train_xgboost_pipeline.py
[2024-12-21T16:20:30.854+0000] {processor.py:925} INFO - DAG(s) 'train_xgboost_pipeline' retrieved from /app/dags/train_xgboost_pipeline.py
[2024-12-21T16:20:30.982+0000] {logging_mixin.py:190} INFO - [2024-12-21T16:20:30.981+0000] {dag.py:3239} INFO - Sync 1 DAGs
[2024-12-21T16:20:31.005+0000] {logging_mixin.py:190} INFO - [2024-12-21T16:20:31.005+0000] {dag.py:4180} INFO - Setting next_dagrun for train_xgboost_pipeline to 2024-12-21 17:00:00+00:00, run_after=2024-12-21 18:00:00+00:00
[2024-12-21T16:20:31.026+0000] {processor.py:208} INFO - Processing /app/dags/train_xgboost_pipeline.py took 1.536 seconds
[2024-12-21T16:21:01.493+0000] {processor.py:186} INFO - Started process (PID=814) to work on /app/dags/train_xgboost_pipeline.py
[2024-12-21T16:21:01.503+0000] {processor.py:914} INFO - Processing file /app/dags/train_xgboost_pipeline.py for tasks to queue
[2024-12-21T16:21:01.525+0000] {logging_mixin.py:190} INFO - [2024-12-21T16:21:01.523+0000] {dagbag.py:588} INFO - Filling up the DagBag from /app/dags/train_xgboost_pipeline.py
[2024-12-21T16:21:03.546+0000] {processor.py:925} INFO - DAG(s) 'train_xgboost_pipeline' retrieved from /app/dags/train_xgboost_pipeline.py
[2024-12-21T16:21:03.705+0000] {logging_mixin.py:190} INFO - [2024-12-21T16:21:03.704+0000] {dag.py:3239} INFO - Sync 1 DAGs
[2024-12-21T16:21:03.735+0000] {logging_mixin.py:190} INFO - [2024-12-21T16:21:03.735+0000] {dag.py:4180} INFO - Setting next_dagrun for train_xgboost_pipeline to 2024-12-21 17:00:00+00:00, run_after=2024-12-21 18:00:00+00:00
[2024-12-21T16:21:03.760+0000] {processor.py:208} INFO - Processing /app/dags/train_xgboost_pipeline.py took 2.330 seconds
[2024-12-21T16:21:34.038+0000] {processor.py:186} INFO - Started process (PID=833) to work on /app/dags/train_xgboost_pipeline.py
[2024-12-21T16:21:34.042+0000] {processor.py:914} INFO - Processing file /app/dags/train_xgboost_pipeline.py for tasks to queue
[2024-12-21T16:21:34.047+0000] {logging_mixin.py:190} INFO - [2024-12-21T16:21:34.046+0000] {dagbag.py:588} INFO - Filling up the DagBag from /app/dags/train_xgboost_pipeline.py
[2024-12-21T16:21:37.506+0000] {processor.py:925} INFO - DAG(s) 'train_xgboost_pipeline' retrieved from /app/dags/train_xgboost_pipeline.py
[2024-12-21T16:21:38.238+0000] {logging_mixin.py:190} INFO - [2024-12-21T16:21:38.237+0000] {dag.py:3239} INFO - Sync 1 DAGs
[2024-12-21T16:21:38.329+0000] {logging_mixin.py:190} INFO - [2024-12-21T16:21:38.329+0000] {dag.py:4180} INFO - Setting next_dagrun for train_xgboost_pipeline to 2024-12-21 17:00:00+00:00, run_after=2024-12-21 18:00:00+00:00
[2024-12-21T16:21:38.395+0000] {processor.py:208} INFO - Processing /app/dags/train_xgboost_pipeline.py took 4.381 seconds
[2024-12-21T16:22:08.717+0000] {processor.py:186} INFO - Started process (PID=852) to work on /app/dags/train_xgboost_pipeline.py
[2024-12-21T16:22:08.719+0000] {processor.py:914} INFO - Processing file /app/dags/train_xgboost_pipeline.py for tasks to queue
[2024-12-21T16:22:08.723+0000] {logging_mixin.py:190} INFO - [2024-12-21T16:22:08.722+0000] {dagbag.py:588} INFO - Filling up the DagBag from /app/dags/train_xgboost_pipeline.py
[2024-12-21T16:22:12.208+0000] {processor.py:925} INFO - DAG(s) 'train_xgboost_pipeline' retrieved from /app/dags/train_xgboost_pipeline.py
[2024-12-21T16:22:12.604+0000] {logging_mixin.py:190} INFO - [2024-12-21T16:22:12.603+0000] {dag.py:3239} INFO - Sync 1 DAGs
[2024-12-21T16:22:12.689+0000] {logging_mixin.py:190} INFO - [2024-12-21T16:22:12.689+0000] {dag.py:4180} INFO - Setting next_dagrun for train_xgboost_pipeline to 2024-12-21 17:00:00+00:00, run_after=2024-12-21 18:00:00+00:00
[2024-12-21T16:22:12.733+0000] {processor.py:208} INFO - Processing /app/dags/train_xgboost_pipeline.py took 4.027 seconds
[2024-12-21T16:22:43.447+0000] {processor.py:186} INFO - Started process (PID=871) to work on /app/dags/train_xgboost_pipeline.py
[2024-12-21T16:22:43.453+0000] {processor.py:914} INFO - Processing file /app/dags/train_xgboost_pipeline.py for tasks to queue
[2024-12-21T16:22:43.458+0000] {logging_mixin.py:190} INFO - [2024-12-21T16:22:43.457+0000] {dagbag.py:588} INFO - Filling up the DagBag from /app/dags/train_xgboost_pipeline.py
[2024-12-21T16:22:47.596+0000] {processor.py:925} INFO - DAG(s) 'train_xgboost_pipeline' retrieved from /app/dags/train_xgboost_pipeline.py
[2024-12-21T16:22:48.266+0000] {logging_mixin.py:190} INFO - [2024-12-21T16:22:48.265+0000] {dag.py:3239} INFO - Sync 1 DAGs
[2024-12-21T16:22:48.378+0000] {logging_mixin.py:190} INFO - [2024-12-21T16:22:48.377+0000] {dag.py:4180} INFO - Setting next_dagrun for train_xgboost_pipeline to 2024-12-21 17:00:00+00:00, run_after=2024-12-21 18:00:00+00:00
[2024-12-21T16:22:48.445+0000] {processor.py:208} INFO - Processing /app/dags/train_xgboost_pipeline.py took 5.140 seconds
[2024-12-21T16:23:18.854+0000] {processor.py:186} INFO - Started process (PID=890) to work on /app/dags/train_xgboost_pipeline.py
[2024-12-21T16:23:18.855+0000] {processor.py:914} INFO - Processing file /app/dags/train_xgboost_pipeline.py for tasks to queue
[2024-12-21T16:23:18.858+0000] {logging_mixin.py:190} INFO - [2024-12-21T16:23:18.858+0000] {dagbag.py:588} INFO - Filling up the DagBag from /app/dags/train_xgboost_pipeline.py
[2024-12-21T16:23:20.590+0000] {processor.py:925} INFO - DAG(s) 'train_xgboost_pipeline' retrieved from /app/dags/train_xgboost_pipeline.py
[2024-12-21T16:23:20.717+0000] {logging_mixin.py:190} INFO - [2024-12-21T16:23:20.716+0000] {dag.py:3239} INFO - Sync 1 DAGs
[2024-12-21T16:23:20.745+0000] {logging_mixin.py:190} INFO - [2024-12-21T16:23:20.744+0000] {dag.py:4180} INFO - Setting next_dagrun for train_xgboost_pipeline to 2024-12-21 17:00:00+00:00, run_after=2024-12-21 18:00:00+00:00
[2024-12-21T16:23:20.770+0000] {processor.py:208} INFO - Processing /app/dags/train_xgboost_pipeline.py took 1.928 seconds
[2024-12-21T16:23:51.221+0000] {processor.py:186} INFO - Started process (PID=909) to work on /app/dags/train_xgboost_pipeline.py
[2024-12-21T16:23:51.223+0000] {processor.py:914} INFO - Processing file /app/dags/train_xgboost_pipeline.py for tasks to queue
[2024-12-21T16:23:51.226+0000] {logging_mixin.py:190} INFO - [2024-12-21T16:23:51.226+0000] {dagbag.py:588} INFO - Filling up the DagBag from /app/dags/train_xgboost_pipeline.py
[2024-12-21T16:23:53.380+0000] {processor.py:925} INFO - DAG(s) 'train_xgboost_pipeline' retrieved from /app/dags/train_xgboost_pipeline.py
[2024-12-21T16:23:53.576+0000] {logging_mixin.py:190} INFO - [2024-12-21T16:23:53.575+0000] {dag.py:3239} INFO - Sync 1 DAGs
[2024-12-21T16:23:53.606+0000] {logging_mixin.py:190} INFO - [2024-12-21T16:23:53.606+0000] {dag.py:4180} INFO - Setting next_dagrun for train_xgboost_pipeline to 2024-12-21 17:00:00+00:00, run_after=2024-12-21 18:00:00+00:00
[2024-12-21T16:23:53.626+0000] {processor.py:208} INFO - Processing /app/dags/train_xgboost_pipeline.py took 2.413 seconds
[2024-12-21T16:24:24.028+0000] {processor.py:186} INFO - Started process (PID=928) to work on /app/dags/train_xgboost_pipeline.py
[2024-12-21T16:24:24.029+0000] {processor.py:914} INFO - Processing file /app/dags/train_xgboost_pipeline.py for tasks to queue
[2024-12-21T16:24:24.031+0000] {logging_mixin.py:190} INFO - [2024-12-21T16:24:24.031+0000] {dagbag.py:588} INFO - Filling up the DagBag from /app/dags/train_xgboost_pipeline.py
[2024-12-21T16:24:25.323+0000] {processor.py:925} INFO - DAG(s) 'train_xgboost_pipeline' retrieved from /app/dags/train_xgboost_pipeline.py
[2024-12-21T16:24:25.437+0000] {logging_mixin.py:190} INFO - [2024-12-21T16:24:25.436+0000] {dag.py:3239} INFO - Sync 1 DAGs
[2024-12-21T16:24:25.461+0000] {logging_mixin.py:190} INFO - [2024-12-21T16:24:25.461+0000] {dag.py:4180} INFO - Setting next_dagrun for train_xgboost_pipeline to 2024-12-21 17:00:00+00:00, run_after=2024-12-21 18:00:00+00:00
[2024-12-21T16:24:25.483+0000] {processor.py:208} INFO - Processing /app/dags/train_xgboost_pipeline.py took 1.464 seconds
[2024-12-21T16:24:55.891+0000] {processor.py:186} INFO - Started process (PID=947) to work on /app/dags/train_xgboost_pipeline.py
[2024-12-21T16:24:55.893+0000] {processor.py:914} INFO - Processing file /app/dags/train_xgboost_pipeline.py for tasks to queue
[2024-12-21T16:24:55.895+0000] {logging_mixin.py:190} INFO - [2024-12-21T16:24:55.895+0000] {dagbag.py:588} INFO - Filling up the DagBag from /app/dags/train_xgboost_pipeline.py
[2024-12-21T16:24:57.208+0000] {processor.py:925} INFO - DAG(s) 'train_xgboost_pipeline' retrieved from /app/dags/train_xgboost_pipeline.py
[2024-12-21T16:24:57.433+0000] {logging_mixin.py:190} INFO - [2024-12-21T16:24:57.432+0000] {dag.py:3239} INFO - Sync 1 DAGs
[2024-12-21T16:24:57.484+0000] {logging_mixin.py:190} INFO - [2024-12-21T16:24:57.483+0000] {dag.py:4180} INFO - Setting next_dagrun for train_xgboost_pipeline to 2024-12-21 17:00:00+00:00, run_after=2024-12-21 18:00:00+00:00
[2024-12-21T16:24:57.517+0000] {processor.py:208} INFO - Processing /app/dags/train_xgboost_pipeline.py took 1.633 seconds
